ARM GAS  C:\Users\hanaj\AppData\Local\Temp\ccSbPuZo.s 			page 1


   1              		.cpu cortex-m4
   2              		.arch armv7e-m
   3              		.fpu fpv4-sp-d16
   4              		.eabi_attribute 27, 1
   5              		.eabi_attribute 28, 1
   6              		.eabi_attribute 20, 1
   7              		.eabi_attribute 21, 1
   8              		.eabi_attribute 23, 3
   9              		.eabi_attribute 24, 1
  10              		.eabi_attribute 25, 1
  11              		.eabi_attribute 26, 1
  12              		.eabi_attribute 30, 1
  13              		.eabi_attribute 34, 1
  14              		.eabi_attribute 18, 4
  15              		.file	"adc.c"
  16              		.text
  17              	.Ltext0:
  18              		.cfi_sections	.debug_frame
  19              		.file 1 "Core/CubeMXAutoGenerate/Src/adc.c"
  20              		.section	.text.MX_ADC1_Init,"ax",%progbits
  21              		.align	1
  22              		.global	MX_ADC1_Init
  23              		.syntax unified
  24              		.thumb
  25              		.thumb_func
  27              	MX_ADC1_Init:
  28              	.LFB239:
   1:Core/CubeMXAutoGenerate/Src/adc.c **** /* USER CODE BEGIN Header */
   2:Core/CubeMXAutoGenerate/Src/adc.c **** /**
   3:Core/CubeMXAutoGenerate/Src/adc.c ****   ******************************************************************************
   4:Core/CubeMXAutoGenerate/Src/adc.c ****   * @file    adc.c
   5:Core/CubeMXAutoGenerate/Src/adc.c ****   * @brief   This file provides code for the configuration
   6:Core/CubeMXAutoGenerate/Src/adc.c ****   *          of the ADC instances.
   7:Core/CubeMXAutoGenerate/Src/adc.c ****   ******************************************************************************
   8:Core/CubeMXAutoGenerate/Src/adc.c ****   * @attention
   9:Core/CubeMXAutoGenerate/Src/adc.c ****   *
  10:Core/CubeMXAutoGenerate/Src/adc.c ****   * Copyright (c) 2025 STMicroelectronics.
  11:Core/CubeMXAutoGenerate/Src/adc.c ****   * All rights reserved.
  12:Core/CubeMXAutoGenerate/Src/adc.c ****   *
  13:Core/CubeMXAutoGenerate/Src/adc.c ****   * This software is licensed under terms that can be found in the LICENSE file
  14:Core/CubeMXAutoGenerate/Src/adc.c ****   * in the root directory of this software component.
  15:Core/CubeMXAutoGenerate/Src/adc.c ****   * If no LICENSE file comes with this software, it is provided AS-IS.
  16:Core/CubeMXAutoGenerate/Src/adc.c ****   *
  17:Core/CubeMXAutoGenerate/Src/adc.c ****   ******************************************************************************
  18:Core/CubeMXAutoGenerate/Src/adc.c ****   */
  19:Core/CubeMXAutoGenerate/Src/adc.c **** /* USER CODE END Header */
  20:Core/CubeMXAutoGenerate/Src/adc.c **** /* Includes ------------------------------------------------------------------*/
  21:Core/CubeMXAutoGenerate/Src/adc.c **** #include "../Inc/adc.h"
  22:Core/CubeMXAutoGenerate/Src/adc.c **** 
  23:Core/CubeMXAutoGenerate/Src/adc.c **** /* USER CODE BEGIN 0 */
  24:Core/CubeMXAutoGenerate/Src/adc.c **** 
  25:Core/CubeMXAutoGenerate/Src/adc.c **** /* USER CODE END 0 */
  26:Core/CubeMXAutoGenerate/Src/adc.c **** 
  27:Core/CubeMXAutoGenerate/Src/adc.c **** ADC_HandleTypeDef hadc1;
  28:Core/CubeMXAutoGenerate/Src/adc.c **** ADC_HandleTypeDef hadc2;
  29:Core/CubeMXAutoGenerate/Src/adc.c **** ADC_HandleTypeDef hadc3;
  30:Core/CubeMXAutoGenerate/Src/adc.c **** DMA_HandleTypeDef hdma_adc1;
ARM GAS  C:\Users\hanaj\AppData\Local\Temp\ccSbPuZo.s 			page 2


  31:Core/CubeMXAutoGenerate/Src/adc.c **** 
  32:Core/CubeMXAutoGenerate/Src/adc.c **** /* ADC1 init function */
  33:Core/CubeMXAutoGenerate/Src/adc.c **** void MX_ADC1_Init(void)
  34:Core/CubeMXAutoGenerate/Src/adc.c **** {
  29              		.loc 1 34 1 view -0
  30              		.cfi_startproc
  31              		@ args = 0, pretend = 0, frame = 16
  32              		@ frame_needed = 0, uses_anonymous_args = 0
  33 0000 00B5     		push	{lr}
  34              	.LCFI0:
  35              		.cfi_def_cfa_offset 4
  36              		.cfi_offset 14, -4
  37 0002 85B0     		sub	sp, sp, #20
  38              	.LCFI1:
  39              		.cfi_def_cfa_offset 24
  35:Core/CubeMXAutoGenerate/Src/adc.c **** 
  36:Core/CubeMXAutoGenerate/Src/adc.c ****   /* USER CODE BEGIN ADC1_Init 0 */
  37:Core/CubeMXAutoGenerate/Src/adc.c **** 
  38:Core/CubeMXAutoGenerate/Src/adc.c ****   /* USER CODE END ADC1_Init 0 */
  39:Core/CubeMXAutoGenerate/Src/adc.c **** 
  40:Core/CubeMXAutoGenerate/Src/adc.c ****   ADC_ChannelConfTypeDef sConfig = {0};
  40              		.loc 1 40 3 view .LVU1
  41              		.loc 1 40 26 is_stmt 0 view .LVU2
  42 0004 0023     		movs	r3, #0
  43 0006 0093     		str	r3, [sp]
  44 0008 0193     		str	r3, [sp, #4]
  45 000a 0293     		str	r3, [sp, #8]
  46 000c 0393     		str	r3, [sp, #12]
  41:Core/CubeMXAutoGenerate/Src/adc.c **** 
  42:Core/CubeMXAutoGenerate/Src/adc.c ****   /* USER CODE BEGIN ADC1_Init 1 */
  43:Core/CubeMXAutoGenerate/Src/adc.c **** 
  44:Core/CubeMXAutoGenerate/Src/adc.c ****   /* USER CODE END ADC1_Init 1 */
  45:Core/CubeMXAutoGenerate/Src/adc.c **** 
  46:Core/CubeMXAutoGenerate/Src/adc.c ****   /** Configure the global features of the ADC (Clock, Resolution, Data Alignment and number of con
  47:Core/CubeMXAutoGenerate/Src/adc.c ****   */
  48:Core/CubeMXAutoGenerate/Src/adc.c ****   hadc1.Instance = ADC1;
  47              		.loc 1 48 3 is_stmt 1 view .LVU3
  48              		.loc 1 48 18 is_stmt 0 view .LVU4
  49 000e 2948     		ldr	r0, .L13
  50 0010 294A     		ldr	r2, .L13+4
  51 0012 0260     		str	r2, [r0]
  49:Core/CubeMXAutoGenerate/Src/adc.c ****   hadc1.Init.ClockPrescaler = ADC_CLOCK_SYNC_PCLK_DIV4;
  52              		.loc 1 49 3 is_stmt 1 view .LVU5
  53              		.loc 1 49 29 is_stmt 0 view .LVU6
  54 0014 4FF48032 		mov	r2, #65536
  55 0018 4260     		str	r2, [r0, #4]
  50:Core/CubeMXAutoGenerate/Src/adc.c ****   hadc1.Init.Resolution = ADC_RESOLUTION_12B;
  56              		.loc 1 50 3 is_stmt 1 view .LVU7
  57              		.loc 1 50 25 is_stmt 0 view .LVU8
  58 001a 8360     		str	r3, [r0, #8]
  51:Core/CubeMXAutoGenerate/Src/adc.c ****   hadc1.Init.ScanConvMode = ENABLE;
  59              		.loc 1 51 3 is_stmt 1 view .LVU9
  60              		.loc 1 51 27 is_stmt 0 view .LVU10
  61 001c 0122     		movs	r2, #1
  62 001e 0261     		str	r2, [r0, #16]
  52:Core/CubeMXAutoGenerate/Src/adc.c ****   hadc1.Init.ContinuousConvMode = ENABLE;
  63              		.loc 1 52 3 is_stmt 1 view .LVU11
ARM GAS  C:\Users\hanaj\AppData\Local\Temp\ccSbPuZo.s 			page 3


  64              		.loc 1 52 33 is_stmt 0 view .LVU12
  65 0020 0276     		strb	r2, [r0, #24]
  53:Core/CubeMXAutoGenerate/Src/adc.c ****   hadc1.Init.DiscontinuousConvMode = DISABLE;
  66              		.loc 1 53 3 is_stmt 1 view .LVU13
  67              		.loc 1 53 36 is_stmt 0 view .LVU14
  68 0022 80F82030 		strb	r3, [r0, #32]
  54:Core/CubeMXAutoGenerate/Src/adc.c ****   hadc1.Init.ExternalTrigConvEdge = ADC_EXTERNALTRIGCONVEDGE_RISING;
  69              		.loc 1 54 3 is_stmt 1 view .LVU15
  70              		.loc 1 54 35 is_stmt 0 view .LVU16
  71 0026 4FF08051 		mov	r1, #268435456
  72 002a C162     		str	r1, [r0, #44]
  55:Core/CubeMXAutoGenerate/Src/adc.c ****   hadc1.Init.ExternalTrigConv = ADC_EXTERNALTRIGCONV_T5_CC1;
  73              		.loc 1 55 3 is_stmt 1 view .LVU17
  74              		.loc 1 55 31 is_stmt 0 view .LVU18
  75 002c 4FF02061 		mov	r1, #167772160
  76 0030 8162     		str	r1, [r0, #40]
  56:Core/CubeMXAutoGenerate/Src/adc.c ****   hadc1.Init.DataAlign = ADC_DATAALIGN_RIGHT;
  77              		.loc 1 56 3 is_stmt 1 view .LVU19
  78              		.loc 1 56 24 is_stmt 0 view .LVU20
  79 0032 C360     		str	r3, [r0, #12]
  57:Core/CubeMXAutoGenerate/Src/adc.c ****   hadc1.Init.NbrOfConversion = 4;
  80              		.loc 1 57 3 is_stmt 1 view .LVU21
  81              		.loc 1 57 30 is_stmt 0 view .LVU22
  82 0034 0423     		movs	r3, #4
  83 0036 C361     		str	r3, [r0, #28]
  58:Core/CubeMXAutoGenerate/Src/adc.c ****   hadc1.Init.DMAContinuousRequests = ENABLE;
  84              		.loc 1 58 3 is_stmt 1 view .LVU23
  85              		.loc 1 58 36 is_stmt 0 view .LVU24
  86 0038 80F83020 		strb	r2, [r0, #48]
  59:Core/CubeMXAutoGenerate/Src/adc.c ****   hadc1.Init.EOCSelection = ADC_EOC_SINGLE_CONV;
  87              		.loc 1 59 3 is_stmt 1 view .LVU25
  88              		.loc 1 59 27 is_stmt 0 view .LVU26
  89 003c 4261     		str	r2, [r0, #20]
  60:Core/CubeMXAutoGenerate/Src/adc.c ****   if (HAL_ADC_Init(&hadc1) != HAL_OK)
  90              		.loc 1 60 3 is_stmt 1 view .LVU27
  91              		.loc 1 60 7 is_stmt 0 view .LVU28
  92 003e FFF7FEFF 		bl	HAL_ADC_Init
  93              	.LVL0:
  94              		.loc 1 60 6 discriminator 1 view .LVU29
  95 0042 40BB     		cbnz	r0, .L8
  96              	.L2:
  61:Core/CubeMXAutoGenerate/Src/adc.c ****   {
  62:Core/CubeMXAutoGenerate/Src/adc.c ****     Error_Handler();
  63:Core/CubeMXAutoGenerate/Src/adc.c ****   }
  64:Core/CubeMXAutoGenerate/Src/adc.c **** 
  65:Core/CubeMXAutoGenerate/Src/adc.c ****   /** Configure for the selected ADC regular channel its corresponding rank in the sequencer and it
  66:Core/CubeMXAutoGenerate/Src/adc.c ****   */
  67:Core/CubeMXAutoGenerate/Src/adc.c ****   sConfig.Channel = ADC_CHANNEL_0;
  97              		.loc 1 67 3 is_stmt 1 view .LVU30
  98              		.loc 1 67 19 is_stmt 0 view .LVU31
  99 0044 0023     		movs	r3, #0
 100 0046 0093     		str	r3, [sp]
  68:Core/CubeMXAutoGenerate/Src/adc.c ****   sConfig.Rank = 1;
 101              		.loc 1 68 3 is_stmt 1 view .LVU32
 102              		.loc 1 68 16 is_stmt 0 view .LVU33
 103 0048 0123     		movs	r3, #1
 104 004a 0193     		str	r3, [sp, #4]
ARM GAS  C:\Users\hanaj\AppData\Local\Temp\ccSbPuZo.s 			page 4


  69:Core/CubeMXAutoGenerate/Src/adc.c ****   sConfig.SamplingTime = ADC_SAMPLETIME_144CYCLES;
 105              		.loc 1 69 3 is_stmt 1 view .LVU34
 106              		.loc 1 69 24 is_stmt 0 view .LVU35
 107 004c 0623     		movs	r3, #6
 108 004e 0293     		str	r3, [sp, #8]
  70:Core/CubeMXAutoGenerate/Src/adc.c ****   if (HAL_ADC_ConfigChannel(&hadc1, &sConfig) != HAL_OK)
 109              		.loc 1 70 3 is_stmt 1 view .LVU36
 110              		.loc 1 70 7 is_stmt 0 view .LVU37
 111 0050 6946     		mov	r1, sp
 112 0052 1848     		ldr	r0, .L13
 113 0054 FFF7FEFF 		bl	HAL_ADC_ConfigChannel
 114              	.LVL1:
 115              		.loc 1 70 6 discriminator 1 view .LVU38
 116 0058 00BB     		cbnz	r0, .L9
 117              	.L3:
  71:Core/CubeMXAutoGenerate/Src/adc.c ****   {
  72:Core/CubeMXAutoGenerate/Src/adc.c ****     Error_Handler();
  73:Core/CubeMXAutoGenerate/Src/adc.c ****   }
  74:Core/CubeMXAutoGenerate/Src/adc.c **** 
  75:Core/CubeMXAutoGenerate/Src/adc.c ****   /** Configure for the selected ADC regular channel its corresponding rank in the sequencer and it
  76:Core/CubeMXAutoGenerate/Src/adc.c ****   */
  77:Core/CubeMXAutoGenerate/Src/adc.c ****   sConfig.Channel = ADC_CHANNEL_1;
 118              		.loc 1 77 3 is_stmt 1 view .LVU39
 119              		.loc 1 77 19 is_stmt 0 view .LVU40
 120 005a 0123     		movs	r3, #1
 121 005c 0093     		str	r3, [sp]
  78:Core/CubeMXAutoGenerate/Src/adc.c ****   sConfig.Rank = 2;
 122              		.loc 1 78 3 is_stmt 1 view .LVU41
 123              		.loc 1 78 16 is_stmt 0 view .LVU42
 124 005e 0223     		movs	r3, #2
 125 0060 0193     		str	r3, [sp, #4]
  79:Core/CubeMXAutoGenerate/Src/adc.c ****   if (HAL_ADC_ConfigChannel(&hadc1, &sConfig) != HAL_OK)
 126              		.loc 1 79 3 is_stmt 1 view .LVU43
 127              		.loc 1 79 7 is_stmt 0 view .LVU44
 128 0062 6946     		mov	r1, sp
 129 0064 1348     		ldr	r0, .L13
 130 0066 FFF7FEFF 		bl	HAL_ADC_ConfigChannel
 131              	.LVL2:
 132              		.loc 1 79 6 discriminator 1 view .LVU45
 133 006a D0B9     		cbnz	r0, .L10
 134              	.L4:
  80:Core/CubeMXAutoGenerate/Src/adc.c ****   {
  81:Core/CubeMXAutoGenerate/Src/adc.c ****     Error_Handler();
  82:Core/CubeMXAutoGenerate/Src/adc.c ****   }
  83:Core/CubeMXAutoGenerate/Src/adc.c **** 
  84:Core/CubeMXAutoGenerate/Src/adc.c ****   /** Configure for the selected ADC regular channel its corresponding rank in the sequencer and it
  85:Core/CubeMXAutoGenerate/Src/adc.c ****   */
  86:Core/CubeMXAutoGenerate/Src/adc.c ****   sConfig.Channel = ADC_CHANNEL_2;
 135              		.loc 1 86 3 is_stmt 1 view .LVU46
 136              		.loc 1 86 19 is_stmt 0 view .LVU47
 137 006c 0223     		movs	r3, #2
 138 006e 0093     		str	r3, [sp]
  87:Core/CubeMXAutoGenerate/Src/adc.c ****   sConfig.Rank = 3;
 139              		.loc 1 87 3 is_stmt 1 view .LVU48
 140              		.loc 1 87 16 is_stmt 0 view .LVU49
 141 0070 0323     		movs	r3, #3
 142 0072 0193     		str	r3, [sp, #4]
ARM GAS  C:\Users\hanaj\AppData\Local\Temp\ccSbPuZo.s 			page 5


  88:Core/CubeMXAutoGenerate/Src/adc.c ****   if (HAL_ADC_ConfigChannel(&hadc1, &sConfig) != HAL_OK)
 143              		.loc 1 88 3 is_stmt 1 view .LVU50
 144              		.loc 1 88 7 is_stmt 0 view .LVU51
 145 0074 6946     		mov	r1, sp
 146 0076 0F48     		ldr	r0, .L13
 147 0078 FFF7FEFF 		bl	HAL_ADC_ConfigChannel
 148              	.LVL3:
 149              		.loc 1 88 6 discriminator 1 view .LVU52
 150 007c A0B9     		cbnz	r0, .L11
 151              	.L5:
  89:Core/CubeMXAutoGenerate/Src/adc.c ****   {
  90:Core/CubeMXAutoGenerate/Src/adc.c ****     Error_Handler();
  91:Core/CubeMXAutoGenerate/Src/adc.c ****   }
  92:Core/CubeMXAutoGenerate/Src/adc.c **** 
  93:Core/CubeMXAutoGenerate/Src/adc.c ****   /** Configure for the selected ADC regular channel its corresponding rank in the sequencer and it
  94:Core/CubeMXAutoGenerate/Src/adc.c ****   */
  95:Core/CubeMXAutoGenerate/Src/adc.c ****   sConfig.Channel = ADC_CHANNEL_3;
 152              		.loc 1 95 3 is_stmt 1 view .LVU53
 153              		.loc 1 95 19 is_stmt 0 view .LVU54
 154 007e 0323     		movs	r3, #3
 155 0080 0093     		str	r3, [sp]
  96:Core/CubeMXAutoGenerate/Src/adc.c ****   sConfig.Rank = 4;
 156              		.loc 1 96 3 is_stmt 1 view .LVU55
 157              		.loc 1 96 16 is_stmt 0 view .LVU56
 158 0082 0423     		movs	r3, #4
 159 0084 0193     		str	r3, [sp, #4]
  97:Core/CubeMXAutoGenerate/Src/adc.c ****   if (HAL_ADC_ConfigChannel(&hadc1, &sConfig) != HAL_OK)
 160              		.loc 1 97 3 is_stmt 1 view .LVU57
 161              		.loc 1 97 7 is_stmt 0 view .LVU58
 162 0086 6946     		mov	r1, sp
 163 0088 0A48     		ldr	r0, .L13
 164 008a FFF7FEFF 		bl	HAL_ADC_ConfigChannel
 165              	.LVL4:
 166              		.loc 1 97 6 discriminator 1 view .LVU59
 167 008e 70B9     		cbnz	r0, .L12
 168              	.L1:
  98:Core/CubeMXAutoGenerate/Src/adc.c ****   {
  99:Core/CubeMXAutoGenerate/Src/adc.c ****     Error_Handler();
 100:Core/CubeMXAutoGenerate/Src/adc.c ****   }
 101:Core/CubeMXAutoGenerate/Src/adc.c ****   /* USER CODE BEGIN ADC1_Init 2 */
 102:Core/CubeMXAutoGenerate/Src/adc.c **** 
 103:Core/CubeMXAutoGenerate/Src/adc.c ****   /* USER CODE END ADC1_Init 2 */
 104:Core/CubeMXAutoGenerate/Src/adc.c **** 
 105:Core/CubeMXAutoGenerate/Src/adc.c **** }
 169              		.loc 1 105 1 view .LVU60
 170 0090 05B0     		add	sp, sp, #20
 171              	.LCFI2:
 172              		.cfi_remember_state
 173              		.cfi_def_cfa_offset 4
 174              		@ sp needed
 175 0092 5DF804FB 		ldr	pc, [sp], #4
 176              	.L8:
 177              	.LCFI3:
 178              		.cfi_restore_state
  62:Core/CubeMXAutoGenerate/Src/adc.c ****   }
 179              		.loc 1 62 5 is_stmt 1 view .LVU61
 180 0096 FFF7FEFF 		bl	Error_Handler
ARM GAS  C:\Users\hanaj\AppData\Local\Temp\ccSbPuZo.s 			page 6


 181              	.LVL5:
 182 009a D3E7     		b	.L2
 183              	.L9:
  72:Core/CubeMXAutoGenerate/Src/adc.c ****   }
 184              		.loc 1 72 5 view .LVU62
 185 009c FFF7FEFF 		bl	Error_Handler
 186              	.LVL6:
 187 00a0 DBE7     		b	.L3
 188              	.L10:
  81:Core/CubeMXAutoGenerate/Src/adc.c ****   }
 189              		.loc 1 81 5 view .LVU63
 190 00a2 FFF7FEFF 		bl	Error_Handler
 191              	.LVL7:
 192 00a6 E1E7     		b	.L4
 193              	.L11:
  90:Core/CubeMXAutoGenerate/Src/adc.c ****   }
 194              		.loc 1 90 5 view .LVU64
 195 00a8 FFF7FEFF 		bl	Error_Handler
 196              	.LVL8:
 197 00ac E7E7     		b	.L5
 198              	.L12:
  99:Core/CubeMXAutoGenerate/Src/adc.c ****   }
 199              		.loc 1 99 5 view .LVU65
 200 00ae FFF7FEFF 		bl	Error_Handler
 201              	.LVL9:
 202              		.loc 1 105 1 is_stmt 0 view .LVU66
 203 00b2 EDE7     		b	.L1
 204              	.L14:
 205              		.align	2
 206              	.L13:
 207 00b4 00000000 		.word	hadc1
 208 00b8 00200140 		.word	1073815552
 209              		.cfi_endproc
 210              	.LFE239:
 212              		.section	.text.MX_ADC2_Init,"ax",%progbits
 213              		.align	1
 214              		.global	MX_ADC2_Init
 215              		.syntax unified
 216              		.thumb
 217              		.thumb_func
 219              	MX_ADC2_Init:
 220              	.LFB240:
 106:Core/CubeMXAutoGenerate/Src/adc.c **** /* ADC2 init function */
 107:Core/CubeMXAutoGenerate/Src/adc.c **** void MX_ADC2_Init(void)
 108:Core/CubeMXAutoGenerate/Src/adc.c **** {
 221              		.loc 1 108 1 is_stmt 1 view -0
 222              		.cfi_startproc
 223              		@ args = 0, pretend = 0, frame = 16
 224              		@ frame_needed = 0, uses_anonymous_args = 0
 225 0000 00B5     		push	{lr}
 226              	.LCFI4:
 227              		.cfi_def_cfa_offset 4
 228              		.cfi_offset 14, -4
 229 0002 85B0     		sub	sp, sp, #20
 230              	.LCFI5:
 231              		.cfi_def_cfa_offset 24
 109:Core/CubeMXAutoGenerate/Src/adc.c **** 
ARM GAS  C:\Users\hanaj\AppData\Local\Temp\ccSbPuZo.s 			page 7


 110:Core/CubeMXAutoGenerate/Src/adc.c ****   /* USER CODE BEGIN ADC2_Init 0 */
 111:Core/CubeMXAutoGenerate/Src/adc.c **** 
 112:Core/CubeMXAutoGenerate/Src/adc.c ****   /* USER CODE END ADC2_Init 0 */
 113:Core/CubeMXAutoGenerate/Src/adc.c **** 
 114:Core/CubeMXAutoGenerate/Src/adc.c ****   ADC_ChannelConfTypeDef sConfig = {0};
 232              		.loc 1 114 3 view .LVU68
 233              		.loc 1 114 26 is_stmt 0 view .LVU69
 234 0004 0023     		movs	r3, #0
 235 0006 0093     		str	r3, [sp]
 236 0008 0193     		str	r3, [sp, #4]
 237 000a 0293     		str	r3, [sp, #8]
 238 000c 0393     		str	r3, [sp, #12]
 115:Core/CubeMXAutoGenerate/Src/adc.c **** 
 116:Core/CubeMXAutoGenerate/Src/adc.c ****   /* USER CODE BEGIN ADC2_Init 1 */
 117:Core/CubeMXAutoGenerate/Src/adc.c **** 
 118:Core/CubeMXAutoGenerate/Src/adc.c ****   /* USER CODE END ADC2_Init 1 */
 119:Core/CubeMXAutoGenerate/Src/adc.c **** 
 120:Core/CubeMXAutoGenerate/Src/adc.c ****   /** Configure the global features of the ADC (Clock, Resolution, Data Alignment and number of con
 121:Core/CubeMXAutoGenerate/Src/adc.c ****   */
 122:Core/CubeMXAutoGenerate/Src/adc.c ****   hadc2.Instance = ADC2;
 239              		.loc 1 122 3 is_stmt 1 view .LVU70
 240              		.loc 1 122 18 is_stmt 0 view .LVU71
 241 000e 1548     		ldr	r0, .L21
 242 0010 154A     		ldr	r2, .L21+4
 243 0012 0260     		str	r2, [r0]
 123:Core/CubeMXAutoGenerate/Src/adc.c ****   hadc2.Init.ClockPrescaler = ADC_CLOCK_SYNC_PCLK_DIV4;
 244              		.loc 1 123 3 is_stmt 1 view .LVU72
 245              		.loc 1 123 29 is_stmt 0 view .LVU73
 246 0014 4FF48032 		mov	r2, #65536
 247 0018 4260     		str	r2, [r0, #4]
 124:Core/CubeMXAutoGenerate/Src/adc.c ****   hadc2.Init.Resolution = ADC_RESOLUTION_12B;
 248              		.loc 1 124 3 is_stmt 1 view .LVU74
 249              		.loc 1 124 25 is_stmt 0 view .LVU75
 250 001a 8360     		str	r3, [r0, #8]
 125:Core/CubeMXAutoGenerate/Src/adc.c ****   hadc2.Init.ScanConvMode = DISABLE;
 251              		.loc 1 125 3 is_stmt 1 view .LVU76
 252              		.loc 1 125 27 is_stmt 0 view .LVU77
 253 001c 0361     		str	r3, [r0, #16]
 126:Core/CubeMXAutoGenerate/Src/adc.c ****   hadc2.Init.ContinuousConvMode = DISABLE;
 254              		.loc 1 126 3 is_stmt 1 view .LVU78
 255              		.loc 1 126 33 is_stmt 0 view .LVU79
 256 001e 0376     		strb	r3, [r0, #24]
 127:Core/CubeMXAutoGenerate/Src/adc.c ****   hadc2.Init.DiscontinuousConvMode = DISABLE;
 257              		.loc 1 127 3 is_stmt 1 view .LVU80
 258              		.loc 1 127 36 is_stmt 0 view .LVU81
 259 0020 80F82030 		strb	r3, [r0, #32]
 128:Core/CubeMXAutoGenerate/Src/adc.c ****   hadc2.Init.ExternalTrigConvEdge = ADC_EXTERNALTRIGCONVEDGE_NONE;
 260              		.loc 1 128 3 is_stmt 1 view .LVU82
 261              		.loc 1 128 35 is_stmt 0 view .LVU83
 262 0024 C362     		str	r3, [r0, #44]
 129:Core/CubeMXAutoGenerate/Src/adc.c ****   hadc2.Init.ExternalTrigConv = ADC_SOFTWARE_START;
 263              		.loc 1 129 3 is_stmt 1 view .LVU84
 264              		.loc 1 129 31 is_stmt 0 view .LVU85
 265 0026 114A     		ldr	r2, .L21+8
 266 0028 8262     		str	r2, [r0, #40]
 130:Core/CubeMXAutoGenerate/Src/adc.c ****   hadc2.Init.DataAlign = ADC_DATAALIGN_RIGHT;
 267              		.loc 1 130 3 is_stmt 1 view .LVU86
ARM GAS  C:\Users\hanaj\AppData\Local\Temp\ccSbPuZo.s 			page 8


 268              		.loc 1 130 24 is_stmt 0 view .LVU87
 269 002a C360     		str	r3, [r0, #12]
 131:Core/CubeMXAutoGenerate/Src/adc.c ****   hadc2.Init.NbrOfConversion = 1;
 270              		.loc 1 131 3 is_stmt 1 view .LVU88
 271              		.loc 1 131 30 is_stmt 0 view .LVU89
 272 002c 0122     		movs	r2, #1
 273 002e C261     		str	r2, [r0, #28]
 132:Core/CubeMXAutoGenerate/Src/adc.c ****   hadc2.Init.DMAContinuousRequests = DISABLE;
 274              		.loc 1 132 3 is_stmt 1 view .LVU90
 275              		.loc 1 132 36 is_stmt 0 view .LVU91
 276 0030 80F83030 		strb	r3, [r0, #48]
 133:Core/CubeMXAutoGenerate/Src/adc.c ****   hadc2.Init.EOCSelection = ADC_EOC_SINGLE_CONV;
 277              		.loc 1 133 3 is_stmt 1 view .LVU92
 278              		.loc 1 133 27 is_stmt 0 view .LVU93
 279 0034 4261     		str	r2, [r0, #20]
 134:Core/CubeMXAutoGenerate/Src/adc.c ****   if (HAL_ADC_Init(&hadc2) != HAL_OK)
 280              		.loc 1 134 3 is_stmt 1 view .LVU94
 281              		.loc 1 134 7 is_stmt 0 view .LVU95
 282 0036 FFF7FEFF 		bl	HAL_ADC_Init
 283              	.LVL10:
 284              		.loc 1 134 6 discriminator 1 view .LVU96
 285 003a 68B9     		cbnz	r0, .L19
 286              	.L16:
 135:Core/CubeMXAutoGenerate/Src/adc.c ****   {
 136:Core/CubeMXAutoGenerate/Src/adc.c ****     Error_Handler();
 137:Core/CubeMXAutoGenerate/Src/adc.c ****   }
 138:Core/CubeMXAutoGenerate/Src/adc.c **** 
 139:Core/CubeMXAutoGenerate/Src/adc.c ****   /** Configure for the selected ADC regular channel its corresponding rank in the sequencer and it
 140:Core/CubeMXAutoGenerate/Src/adc.c ****   */
 141:Core/CubeMXAutoGenerate/Src/adc.c ****   sConfig.Channel = ADC_CHANNEL_10;
 287              		.loc 1 141 3 is_stmt 1 view .LVU97
 288              		.loc 1 141 19 is_stmt 0 view .LVU98
 289 003c 0A23     		movs	r3, #10
 290 003e 0093     		str	r3, [sp]
 142:Core/CubeMXAutoGenerate/Src/adc.c ****   sConfig.Rank = 1;
 291              		.loc 1 142 3 is_stmt 1 view .LVU99
 292              		.loc 1 142 16 is_stmt 0 view .LVU100
 293 0040 0123     		movs	r3, #1
 294 0042 0193     		str	r3, [sp, #4]
 143:Core/CubeMXAutoGenerate/Src/adc.c ****   sConfig.SamplingTime = ADC_SAMPLETIME_3CYCLES;
 295              		.loc 1 143 3 is_stmt 1 view .LVU101
 296              		.loc 1 143 24 is_stmt 0 view .LVU102
 297 0044 0023     		movs	r3, #0
 298 0046 0293     		str	r3, [sp, #8]
 144:Core/CubeMXAutoGenerate/Src/adc.c ****   if (HAL_ADC_ConfigChannel(&hadc2, &sConfig) != HAL_OK)
 299              		.loc 1 144 3 is_stmt 1 view .LVU103
 300              		.loc 1 144 7 is_stmt 0 view .LVU104
 301 0048 6946     		mov	r1, sp
 302 004a 0648     		ldr	r0, .L21
 303 004c FFF7FEFF 		bl	HAL_ADC_ConfigChannel
 304              	.LVL11:
 305              		.loc 1 144 6 discriminator 1 view .LVU105
 306 0050 28B9     		cbnz	r0, .L20
 307              	.L15:
 145:Core/CubeMXAutoGenerate/Src/adc.c ****   {
 146:Core/CubeMXAutoGenerate/Src/adc.c ****     Error_Handler();
 147:Core/CubeMXAutoGenerate/Src/adc.c ****   }
ARM GAS  C:\Users\hanaj\AppData\Local\Temp\ccSbPuZo.s 			page 9


 148:Core/CubeMXAutoGenerate/Src/adc.c ****   /* USER CODE BEGIN ADC2_Init 2 */
 149:Core/CubeMXAutoGenerate/Src/adc.c **** 
 150:Core/CubeMXAutoGenerate/Src/adc.c ****   /* USER CODE END ADC2_Init 2 */
 151:Core/CubeMXAutoGenerate/Src/adc.c **** 
 152:Core/CubeMXAutoGenerate/Src/adc.c **** }
 308              		.loc 1 152 1 view .LVU106
 309 0052 05B0     		add	sp, sp, #20
 310              	.LCFI6:
 311              		.cfi_remember_state
 312              		.cfi_def_cfa_offset 4
 313              		@ sp needed
 314 0054 5DF804FB 		ldr	pc, [sp], #4
 315              	.L19:
 316              	.LCFI7:
 317              		.cfi_restore_state
 136:Core/CubeMXAutoGenerate/Src/adc.c ****   }
 318              		.loc 1 136 5 is_stmt 1 view .LVU107
 319 0058 FFF7FEFF 		bl	Error_Handler
 320              	.LVL12:
 321 005c EEE7     		b	.L16
 322              	.L20:
 146:Core/CubeMXAutoGenerate/Src/adc.c ****   }
 323              		.loc 1 146 5 view .LVU108
 324 005e FFF7FEFF 		bl	Error_Handler
 325              	.LVL13:
 326              		.loc 1 152 1 is_stmt 0 view .LVU109
 327 0062 F6E7     		b	.L15
 328              	.L22:
 329              		.align	2
 330              	.L21:
 331 0064 00000000 		.word	hadc2
 332 0068 00210140 		.word	1073815808
 333 006c 0100000F 		.word	251658241
 334              		.cfi_endproc
 335              	.LFE240:
 337              		.section	.text.MX_ADC3_Init,"ax",%progbits
 338              		.align	1
 339              		.global	MX_ADC3_Init
 340              		.syntax unified
 341              		.thumb
 342              		.thumb_func
 344              	MX_ADC3_Init:
 345              	.LFB241:
 153:Core/CubeMXAutoGenerate/Src/adc.c **** /* ADC3 init function */
 154:Core/CubeMXAutoGenerate/Src/adc.c **** void MX_ADC3_Init(void)
 155:Core/CubeMXAutoGenerate/Src/adc.c **** {
 346              		.loc 1 155 1 is_stmt 1 view -0
 347              		.cfi_startproc
 348              		@ args = 0, pretend = 0, frame = 16
 349              		@ frame_needed = 0, uses_anonymous_args = 0
 350 0000 00B5     		push	{lr}
 351              	.LCFI8:
 352              		.cfi_def_cfa_offset 4
 353              		.cfi_offset 14, -4
 354 0002 85B0     		sub	sp, sp, #20
 355              	.LCFI9:
 356              		.cfi_def_cfa_offset 24
ARM GAS  C:\Users\hanaj\AppData\Local\Temp\ccSbPuZo.s 			page 10


 156:Core/CubeMXAutoGenerate/Src/adc.c **** 
 157:Core/CubeMXAutoGenerate/Src/adc.c ****   /* USER CODE BEGIN ADC3_Init 0 */
 158:Core/CubeMXAutoGenerate/Src/adc.c **** 
 159:Core/CubeMXAutoGenerate/Src/adc.c ****   /* USER CODE END ADC3_Init 0 */
 160:Core/CubeMXAutoGenerate/Src/adc.c **** 
 161:Core/CubeMXAutoGenerate/Src/adc.c ****   ADC_ChannelConfTypeDef sConfig = {0};
 357              		.loc 1 161 3 view .LVU111
 358              		.loc 1 161 26 is_stmt 0 view .LVU112
 359 0004 0023     		movs	r3, #0
 360 0006 0093     		str	r3, [sp]
 361 0008 0193     		str	r3, [sp, #4]
 362 000a 0293     		str	r3, [sp, #8]
 363 000c 0393     		str	r3, [sp, #12]
 162:Core/CubeMXAutoGenerate/Src/adc.c **** 
 163:Core/CubeMXAutoGenerate/Src/adc.c ****   /* USER CODE BEGIN ADC3_Init 1 */
 164:Core/CubeMXAutoGenerate/Src/adc.c **** 
 165:Core/CubeMXAutoGenerate/Src/adc.c ****   /* USER CODE END ADC3_Init 1 */
 166:Core/CubeMXAutoGenerate/Src/adc.c **** 
 167:Core/CubeMXAutoGenerate/Src/adc.c ****   /** Configure the global features of the ADC (Clock, Resolution, Data Alignment and number of con
 168:Core/CubeMXAutoGenerate/Src/adc.c ****   */
 169:Core/CubeMXAutoGenerate/Src/adc.c ****   hadc3.Instance = ADC3;
 364              		.loc 1 169 3 is_stmt 1 view .LVU113
 365              		.loc 1 169 18 is_stmt 0 view .LVU114
 366 000e 1548     		ldr	r0, .L29
 367 0010 154A     		ldr	r2, .L29+4
 368 0012 0260     		str	r2, [r0]
 170:Core/CubeMXAutoGenerate/Src/adc.c ****   hadc3.Init.ClockPrescaler = ADC_CLOCK_SYNC_PCLK_DIV4;
 369              		.loc 1 170 3 is_stmt 1 view .LVU115
 370              		.loc 1 170 29 is_stmt 0 view .LVU116
 371 0014 4FF48032 		mov	r2, #65536
 372 0018 4260     		str	r2, [r0, #4]
 171:Core/CubeMXAutoGenerate/Src/adc.c ****   hadc3.Init.Resolution = ADC_RESOLUTION_12B;
 373              		.loc 1 171 3 is_stmt 1 view .LVU117
 374              		.loc 1 171 25 is_stmt 0 view .LVU118
 375 001a 8360     		str	r3, [r0, #8]
 172:Core/CubeMXAutoGenerate/Src/adc.c ****   hadc3.Init.ScanConvMode = DISABLE;
 376              		.loc 1 172 3 is_stmt 1 view .LVU119
 377              		.loc 1 172 27 is_stmt 0 view .LVU120
 378 001c 0361     		str	r3, [r0, #16]
 173:Core/CubeMXAutoGenerate/Src/adc.c ****   hadc3.Init.ContinuousConvMode = DISABLE;
 379              		.loc 1 173 3 is_stmt 1 view .LVU121
 380              		.loc 1 173 33 is_stmt 0 view .LVU122
 381 001e 0376     		strb	r3, [r0, #24]
 174:Core/CubeMXAutoGenerate/Src/adc.c ****   hadc3.Init.DiscontinuousConvMode = DISABLE;
 382              		.loc 1 174 3 is_stmt 1 view .LVU123
 383              		.loc 1 174 36 is_stmt 0 view .LVU124
 384 0020 80F82030 		strb	r3, [r0, #32]
 175:Core/CubeMXAutoGenerate/Src/adc.c ****   hadc3.Init.ExternalTrigConvEdge = ADC_EXTERNALTRIGCONVEDGE_NONE;
 385              		.loc 1 175 3 is_stmt 1 view .LVU125
 386              		.loc 1 175 35 is_stmt 0 view .LVU126
 387 0024 C362     		str	r3, [r0, #44]
 176:Core/CubeMXAutoGenerate/Src/adc.c ****   hadc3.Init.ExternalTrigConv = ADC_SOFTWARE_START;
 388              		.loc 1 176 3 is_stmt 1 view .LVU127
 389              		.loc 1 176 31 is_stmt 0 view .LVU128
 390 0026 114A     		ldr	r2, .L29+8
 391 0028 8262     		str	r2, [r0, #40]
 177:Core/CubeMXAutoGenerate/Src/adc.c ****   hadc3.Init.DataAlign = ADC_DATAALIGN_RIGHT;
ARM GAS  C:\Users\hanaj\AppData\Local\Temp\ccSbPuZo.s 			page 11


 392              		.loc 1 177 3 is_stmt 1 view .LVU129
 393              		.loc 1 177 24 is_stmt 0 view .LVU130
 394 002a C360     		str	r3, [r0, #12]
 178:Core/CubeMXAutoGenerate/Src/adc.c ****   hadc3.Init.NbrOfConversion = 1;
 395              		.loc 1 178 3 is_stmt 1 view .LVU131
 396              		.loc 1 178 30 is_stmt 0 view .LVU132
 397 002c 0122     		movs	r2, #1
 398 002e C261     		str	r2, [r0, #28]
 179:Core/CubeMXAutoGenerate/Src/adc.c ****   hadc3.Init.DMAContinuousRequests = DISABLE;
 399              		.loc 1 179 3 is_stmt 1 view .LVU133
 400              		.loc 1 179 36 is_stmt 0 view .LVU134
 401 0030 80F83030 		strb	r3, [r0, #48]
 180:Core/CubeMXAutoGenerate/Src/adc.c ****   hadc3.Init.EOCSelection = ADC_EOC_SINGLE_CONV;
 402              		.loc 1 180 3 is_stmt 1 view .LVU135
 403              		.loc 1 180 27 is_stmt 0 view .LVU136
 404 0034 4261     		str	r2, [r0, #20]
 181:Core/CubeMXAutoGenerate/Src/adc.c ****   if (HAL_ADC_Init(&hadc3) != HAL_OK)
 405              		.loc 1 181 3 is_stmt 1 view .LVU137
 406              		.loc 1 181 7 is_stmt 0 view .LVU138
 407 0036 FFF7FEFF 		bl	HAL_ADC_Init
 408              	.LVL14:
 409              		.loc 1 181 6 discriminator 1 view .LVU139
 410 003a 68B9     		cbnz	r0, .L27
 411              	.L24:
 182:Core/CubeMXAutoGenerate/Src/adc.c ****   {
 183:Core/CubeMXAutoGenerate/Src/adc.c ****     Error_Handler();
 184:Core/CubeMXAutoGenerate/Src/adc.c ****   }
 185:Core/CubeMXAutoGenerate/Src/adc.c **** 
 186:Core/CubeMXAutoGenerate/Src/adc.c ****   /** Configure for the selected ADC regular channel its corresponding rank in the sequencer and it
 187:Core/CubeMXAutoGenerate/Src/adc.c ****   */
 188:Core/CubeMXAutoGenerate/Src/adc.c ****   sConfig.Channel = ADC_CHANNEL_11;
 412              		.loc 1 188 3 is_stmt 1 view .LVU140
 413              		.loc 1 188 19 is_stmt 0 view .LVU141
 414 003c 0B23     		movs	r3, #11
 415 003e 0093     		str	r3, [sp]
 189:Core/CubeMXAutoGenerate/Src/adc.c ****   sConfig.Rank = 1;
 416              		.loc 1 189 3 is_stmt 1 view .LVU142
 417              		.loc 1 189 16 is_stmt 0 view .LVU143
 418 0040 0123     		movs	r3, #1
 419 0042 0193     		str	r3, [sp, #4]
 190:Core/CubeMXAutoGenerate/Src/adc.c ****   sConfig.SamplingTime = ADC_SAMPLETIME_3CYCLES;
 420              		.loc 1 190 3 is_stmt 1 view .LVU144
 421              		.loc 1 190 24 is_stmt 0 view .LVU145
 422 0044 0023     		movs	r3, #0
 423 0046 0293     		str	r3, [sp, #8]
 191:Core/CubeMXAutoGenerate/Src/adc.c ****   if (HAL_ADC_ConfigChannel(&hadc3, &sConfig) != HAL_OK)
 424              		.loc 1 191 3 is_stmt 1 view .LVU146
 425              		.loc 1 191 7 is_stmt 0 view .LVU147
 426 0048 6946     		mov	r1, sp
 427 004a 0648     		ldr	r0, .L29
 428 004c FFF7FEFF 		bl	HAL_ADC_ConfigChannel
 429              	.LVL15:
 430              		.loc 1 191 6 discriminator 1 view .LVU148
 431 0050 28B9     		cbnz	r0, .L28
 432              	.L23:
 192:Core/CubeMXAutoGenerate/Src/adc.c ****   {
 193:Core/CubeMXAutoGenerate/Src/adc.c ****     Error_Handler();
ARM GAS  C:\Users\hanaj\AppData\Local\Temp\ccSbPuZo.s 			page 12


 194:Core/CubeMXAutoGenerate/Src/adc.c ****   }
 195:Core/CubeMXAutoGenerate/Src/adc.c ****   /* USER CODE BEGIN ADC3_Init 2 */
 196:Core/CubeMXAutoGenerate/Src/adc.c **** 
 197:Core/CubeMXAutoGenerate/Src/adc.c ****   /* USER CODE END ADC3_Init 2 */
 198:Core/CubeMXAutoGenerate/Src/adc.c **** 
 199:Core/CubeMXAutoGenerate/Src/adc.c **** }
 433              		.loc 1 199 1 view .LVU149
 434 0052 05B0     		add	sp, sp, #20
 435              	.LCFI10:
 436              		.cfi_remember_state
 437              		.cfi_def_cfa_offset 4
 438              		@ sp needed
 439 0054 5DF804FB 		ldr	pc, [sp], #4
 440              	.L27:
 441              	.LCFI11:
 442              		.cfi_restore_state
 183:Core/CubeMXAutoGenerate/Src/adc.c ****   }
 443              		.loc 1 183 5 is_stmt 1 view .LVU150
 444 0058 FFF7FEFF 		bl	Error_Handler
 445              	.LVL16:
 446 005c EEE7     		b	.L24
 447              	.L28:
 193:Core/CubeMXAutoGenerate/Src/adc.c ****   }
 448              		.loc 1 193 5 view .LVU151
 449 005e FFF7FEFF 		bl	Error_Handler
 450              	.LVL17:
 451              		.loc 1 199 1 is_stmt 0 view .LVU152
 452 0062 F6E7     		b	.L23
 453              	.L30:
 454              		.align	2
 455              	.L29:
 456 0064 00000000 		.word	hadc3
 457 0068 00220140 		.word	1073816064
 458 006c 0100000F 		.word	251658241
 459              		.cfi_endproc
 460              	.LFE241:
 462              		.section	.text.HAL_ADC_MspInit,"ax",%progbits
 463              		.align	1
 464              		.global	HAL_ADC_MspInit
 465              		.syntax unified
 466              		.thumb
 467              		.thumb_func
 469              	HAL_ADC_MspInit:
 470              	.LVL18:
 471              	.LFB242:
 200:Core/CubeMXAutoGenerate/Src/adc.c **** 
 201:Core/CubeMXAutoGenerate/Src/adc.c **** void HAL_ADC_MspInit(ADC_HandleTypeDef* adcHandle)
 202:Core/CubeMXAutoGenerate/Src/adc.c **** {
 472              		.loc 1 202 1 is_stmt 1 view -0
 473              		.cfi_startproc
 474              		@ args = 0, pretend = 0, frame = 48
 475              		@ frame_needed = 0, uses_anonymous_args = 0
 476              		.loc 1 202 1 is_stmt 0 view .LVU154
 477 0000 30B5     		push	{r4, r5, lr}
 478              	.LCFI12:
 479              		.cfi_def_cfa_offset 12
 480              		.cfi_offset 4, -12
ARM GAS  C:\Users\hanaj\AppData\Local\Temp\ccSbPuZo.s 			page 13


 481              		.cfi_offset 5, -8
 482              		.cfi_offset 14, -4
 483 0002 8DB0     		sub	sp, sp, #52
 484              	.LCFI13:
 485              		.cfi_def_cfa_offset 64
 203:Core/CubeMXAutoGenerate/Src/adc.c **** 
 204:Core/CubeMXAutoGenerate/Src/adc.c ****   GPIO_InitTypeDef GPIO_InitStruct = {0};
 486              		.loc 1 204 3 is_stmt 1 view .LVU155
 487              		.loc 1 204 20 is_stmt 0 view .LVU156
 488 0004 0023     		movs	r3, #0
 489 0006 0793     		str	r3, [sp, #28]
 490 0008 0893     		str	r3, [sp, #32]
 491 000a 0993     		str	r3, [sp, #36]
 492 000c 0A93     		str	r3, [sp, #40]
 493 000e 0B93     		str	r3, [sp, #44]
 205:Core/CubeMXAutoGenerate/Src/adc.c ****   if(adcHandle->Instance==ADC1)
 494              		.loc 1 205 3 is_stmt 1 view .LVU157
 495              		.loc 1 205 15 is_stmt 0 view .LVU158
 496 0010 0368     		ldr	r3, [r0]
 497              		.loc 1 205 5 view .LVU159
 498 0012 424A     		ldr	r2, .L41
 499 0014 9342     		cmp	r3, r2
 500 0016 07D0     		beq	.L37
 206:Core/CubeMXAutoGenerate/Src/adc.c ****   {
 207:Core/CubeMXAutoGenerate/Src/adc.c ****   /* USER CODE BEGIN ADC1_MspInit 0 */
 208:Core/CubeMXAutoGenerate/Src/adc.c **** 
 209:Core/CubeMXAutoGenerate/Src/adc.c ****   /* USER CODE END ADC1_MspInit 0 */
 210:Core/CubeMXAutoGenerate/Src/adc.c ****     /* ADC1 clock enable */
 211:Core/CubeMXAutoGenerate/Src/adc.c ****     __HAL_RCC_ADC1_CLK_ENABLE();
 212:Core/CubeMXAutoGenerate/Src/adc.c **** 
 213:Core/CubeMXAutoGenerate/Src/adc.c ****     __HAL_RCC_GPIOA_CLK_ENABLE();
 214:Core/CubeMXAutoGenerate/Src/adc.c ****     /**ADC1 GPIO Configuration
 215:Core/CubeMXAutoGenerate/Src/adc.c ****     PA0-WKUP     ------> ADC1_IN0
 216:Core/CubeMXAutoGenerate/Src/adc.c ****     PA1     ------> ADC1_IN1
 217:Core/CubeMXAutoGenerate/Src/adc.c ****     PA2     ------> ADC1_IN2
 218:Core/CubeMXAutoGenerate/Src/adc.c ****     PA3     ------> ADC1_IN3
 219:Core/CubeMXAutoGenerate/Src/adc.c ****     */
 220:Core/CubeMXAutoGenerate/Src/adc.c ****     GPIO_InitStruct.Pin = Sensor_FR_Pin|Sensor_R_Pin|Sensor_FL_Pin|Sensor_L_Pin;
 221:Core/CubeMXAutoGenerate/Src/adc.c ****     GPIO_InitStruct.Mode = GPIO_MODE_ANALOG;
 222:Core/CubeMXAutoGenerate/Src/adc.c ****     GPIO_InitStruct.Pull = GPIO_NOPULL;
 223:Core/CubeMXAutoGenerate/Src/adc.c ****     HAL_GPIO_Init(GPIOA, &GPIO_InitStruct);
 224:Core/CubeMXAutoGenerate/Src/adc.c **** 
 225:Core/CubeMXAutoGenerate/Src/adc.c ****     /* ADC1 DMA Init */
 226:Core/CubeMXAutoGenerate/Src/adc.c ****     /* ADC1 Init */
 227:Core/CubeMXAutoGenerate/Src/adc.c ****     hdma_adc1.Instance = DMA2_Stream0;
 228:Core/CubeMXAutoGenerate/Src/adc.c ****     hdma_adc1.Init.Channel = DMA_CHANNEL_0;
 229:Core/CubeMXAutoGenerate/Src/adc.c ****     hdma_adc1.Init.Direction = DMA_PERIPH_TO_MEMORY;
 230:Core/CubeMXAutoGenerate/Src/adc.c ****     hdma_adc1.Init.PeriphInc = DMA_PINC_DISABLE;
 231:Core/CubeMXAutoGenerate/Src/adc.c ****     hdma_adc1.Init.MemInc = DMA_MINC_ENABLE;
 232:Core/CubeMXAutoGenerate/Src/adc.c ****     hdma_adc1.Init.PeriphDataAlignment = DMA_PDATAALIGN_HALFWORD;
 233:Core/CubeMXAutoGenerate/Src/adc.c ****     hdma_adc1.Init.MemDataAlignment = DMA_MDATAALIGN_HALFWORD;
 234:Core/CubeMXAutoGenerate/Src/adc.c ****     hdma_adc1.Init.Mode = DMA_NORMAL;
 235:Core/CubeMXAutoGenerate/Src/adc.c ****     hdma_adc1.Init.Priority = DMA_PRIORITY_LOW;
 236:Core/CubeMXAutoGenerate/Src/adc.c ****     hdma_adc1.Init.FIFOMode = DMA_FIFOMODE_DISABLE;
 237:Core/CubeMXAutoGenerate/Src/adc.c ****     if (HAL_DMA_Init(&hdma_adc1) != HAL_OK)
 238:Core/CubeMXAutoGenerate/Src/adc.c ****     {
 239:Core/CubeMXAutoGenerate/Src/adc.c ****       Error_Handler();
ARM GAS  C:\Users\hanaj\AppData\Local\Temp\ccSbPuZo.s 			page 14


 240:Core/CubeMXAutoGenerate/Src/adc.c ****     }
 241:Core/CubeMXAutoGenerate/Src/adc.c **** 
 242:Core/CubeMXAutoGenerate/Src/adc.c ****     __HAL_LINKDMA(adcHandle,DMA_Handle,hdma_adc1);
 243:Core/CubeMXAutoGenerate/Src/adc.c **** 
 244:Core/CubeMXAutoGenerate/Src/adc.c ****   /* USER CODE BEGIN ADC1_MspInit 1 */
 245:Core/CubeMXAutoGenerate/Src/adc.c **** 
 246:Core/CubeMXAutoGenerate/Src/adc.c ****   /* USER CODE END ADC1_MspInit 1 */
 247:Core/CubeMXAutoGenerate/Src/adc.c ****   }
 248:Core/CubeMXAutoGenerate/Src/adc.c ****   else if(adcHandle->Instance==ADC2)
 501              		.loc 1 248 8 is_stmt 1 view .LVU160
 502              		.loc 1 248 10 is_stmt 0 view .LVU161
 503 0018 414A     		ldr	r2, .L41+4
 504 001a 9342     		cmp	r3, r2
 505 001c 3FD0     		beq	.L38
 249:Core/CubeMXAutoGenerate/Src/adc.c ****   {
 250:Core/CubeMXAutoGenerate/Src/adc.c ****   /* USER CODE BEGIN ADC2_MspInit 0 */
 251:Core/CubeMXAutoGenerate/Src/adc.c **** 
 252:Core/CubeMXAutoGenerate/Src/adc.c ****   /* USER CODE END ADC2_MspInit 0 */
 253:Core/CubeMXAutoGenerate/Src/adc.c ****     /* ADC2 clock enable */
 254:Core/CubeMXAutoGenerate/Src/adc.c ****     __HAL_RCC_ADC2_CLK_ENABLE();
 255:Core/CubeMXAutoGenerate/Src/adc.c **** 
 256:Core/CubeMXAutoGenerate/Src/adc.c ****     __HAL_RCC_GPIOC_CLK_ENABLE();
 257:Core/CubeMXAutoGenerate/Src/adc.c ****     /**ADC2 GPIO Configuration
 258:Core/CubeMXAutoGenerate/Src/adc.c ****     PC0     ------> ADC2_IN10
 259:Core/CubeMXAutoGenerate/Src/adc.c ****     PC4     ------> ADC2_IN14
 260:Core/CubeMXAutoGenerate/Src/adc.c ****     */
 261:Core/CubeMXAutoGenerate/Src/adc.c ****     GPIO_InitStruct.Pin = VIOUT_2_Pin|VIOUT_1_Pin;
 262:Core/CubeMXAutoGenerate/Src/adc.c ****     GPIO_InitStruct.Mode = GPIO_MODE_ANALOG;
 263:Core/CubeMXAutoGenerate/Src/adc.c ****     GPIO_InitStruct.Pull = GPIO_NOPULL;
 264:Core/CubeMXAutoGenerate/Src/adc.c ****     HAL_GPIO_Init(GPIOC, &GPIO_InitStruct);
 265:Core/CubeMXAutoGenerate/Src/adc.c **** 
 266:Core/CubeMXAutoGenerate/Src/adc.c ****   /* USER CODE BEGIN ADC2_MspInit 1 */
 267:Core/CubeMXAutoGenerate/Src/adc.c **** 
 268:Core/CubeMXAutoGenerate/Src/adc.c ****   /* USER CODE END ADC2_MspInit 1 */
 269:Core/CubeMXAutoGenerate/Src/adc.c ****   }
 270:Core/CubeMXAutoGenerate/Src/adc.c ****   else if(adcHandle->Instance==ADC3)
 506              		.loc 1 270 8 is_stmt 1 view .LVU162
 507              		.loc 1 270 10 is_stmt 0 view .LVU163
 508 001e 414A     		ldr	r2, .L41+8
 509 0020 9342     		cmp	r3, r2
 510 0022 5BD0     		beq	.L39
 511              	.LVL19:
 512              	.L31:
 271:Core/CubeMXAutoGenerate/Src/adc.c ****   {
 272:Core/CubeMXAutoGenerate/Src/adc.c ****   /* USER CODE BEGIN ADC3_MspInit 0 */
 273:Core/CubeMXAutoGenerate/Src/adc.c **** 
 274:Core/CubeMXAutoGenerate/Src/adc.c ****   /* USER CODE END ADC3_MspInit 0 */
 275:Core/CubeMXAutoGenerate/Src/adc.c ****     /* ADC3 clock enable */
 276:Core/CubeMXAutoGenerate/Src/adc.c ****     __HAL_RCC_ADC3_CLK_ENABLE();
 277:Core/CubeMXAutoGenerate/Src/adc.c **** 
 278:Core/CubeMXAutoGenerate/Src/adc.c ****     __HAL_RCC_GPIOC_CLK_ENABLE();
 279:Core/CubeMXAutoGenerate/Src/adc.c ****     /**ADC3 GPIO Configuration
 280:Core/CubeMXAutoGenerate/Src/adc.c ****     PC1     ------> ADC3_IN11
 281:Core/CubeMXAutoGenerate/Src/adc.c ****     */
 282:Core/CubeMXAutoGenerate/Src/adc.c ****     GPIO_InitStruct.Pin = Batt_Pin;
 283:Core/CubeMXAutoGenerate/Src/adc.c ****     GPIO_InitStruct.Mode = GPIO_MODE_ANALOG;
 284:Core/CubeMXAutoGenerate/Src/adc.c ****     GPIO_InitStruct.Pull = GPIO_NOPULL;
ARM GAS  C:\Users\hanaj\AppData\Local\Temp\ccSbPuZo.s 			page 15


 285:Core/CubeMXAutoGenerate/Src/adc.c ****     HAL_GPIO_Init(Batt_GPIO_Port, &GPIO_InitStruct);
 286:Core/CubeMXAutoGenerate/Src/adc.c **** 
 287:Core/CubeMXAutoGenerate/Src/adc.c ****   /* USER CODE BEGIN ADC3_MspInit 1 */
 288:Core/CubeMXAutoGenerate/Src/adc.c **** 
 289:Core/CubeMXAutoGenerate/Src/adc.c ****   /* USER CODE END ADC3_MspInit 1 */
 290:Core/CubeMXAutoGenerate/Src/adc.c ****   }
 291:Core/CubeMXAutoGenerate/Src/adc.c **** }
 513              		.loc 1 291 1 view .LVU164
 514 0024 0DB0     		add	sp, sp, #52
 515              	.LCFI14:
 516              		.cfi_remember_state
 517              		.cfi_def_cfa_offset 12
 518              		@ sp needed
 519 0026 30BD     		pop	{r4, r5, pc}
 520              	.LVL20:
 521              	.L37:
 522              	.LCFI15:
 523              		.cfi_restore_state
 524              		.loc 1 291 1 view .LVU165
 525 0028 0446     		mov	r4, r0
 211:Core/CubeMXAutoGenerate/Src/adc.c **** 
 526              		.loc 1 211 5 is_stmt 1 view .LVU166
 527              	.LBB2:
 211:Core/CubeMXAutoGenerate/Src/adc.c **** 
 528              		.loc 1 211 5 view .LVU167
 529 002a 0025     		movs	r5, #0
 530 002c 0195     		str	r5, [sp, #4]
 211:Core/CubeMXAutoGenerate/Src/adc.c **** 
 531              		.loc 1 211 5 view .LVU168
 532 002e 3E4B     		ldr	r3, .L41+12
 533 0030 5A6C     		ldr	r2, [r3, #68]
 534 0032 42F48072 		orr	r2, r2, #256
 535 0036 5A64     		str	r2, [r3, #68]
 211:Core/CubeMXAutoGenerate/Src/adc.c **** 
 536              		.loc 1 211 5 view .LVU169
 537 0038 5A6C     		ldr	r2, [r3, #68]
 538 003a 02F48072 		and	r2, r2, #256
 539 003e 0192     		str	r2, [sp, #4]
 211:Core/CubeMXAutoGenerate/Src/adc.c **** 
 540              		.loc 1 211 5 view .LVU170
 541 0040 019A     		ldr	r2, [sp, #4]
 542              	.LBE2:
 211:Core/CubeMXAutoGenerate/Src/adc.c **** 
 543              		.loc 1 211 5 view .LVU171
 213:Core/CubeMXAutoGenerate/Src/adc.c ****     /**ADC1 GPIO Configuration
 544              		.loc 1 213 5 view .LVU172
 545              	.LBB3:
 213:Core/CubeMXAutoGenerate/Src/adc.c ****     /**ADC1 GPIO Configuration
 546              		.loc 1 213 5 view .LVU173
 547 0042 0295     		str	r5, [sp, #8]
 213:Core/CubeMXAutoGenerate/Src/adc.c ****     /**ADC1 GPIO Configuration
 548              		.loc 1 213 5 view .LVU174
 549 0044 1A6B     		ldr	r2, [r3, #48]
 550 0046 42F00102 		orr	r2, r2, #1
 551 004a 1A63     		str	r2, [r3, #48]
 213:Core/CubeMXAutoGenerate/Src/adc.c ****     /**ADC1 GPIO Configuration
 552              		.loc 1 213 5 view .LVU175
ARM GAS  C:\Users\hanaj\AppData\Local\Temp\ccSbPuZo.s 			page 16


 553 004c 1B6B     		ldr	r3, [r3, #48]
 554 004e 03F00103 		and	r3, r3, #1
 555 0052 0293     		str	r3, [sp, #8]
 213:Core/CubeMXAutoGenerate/Src/adc.c ****     /**ADC1 GPIO Configuration
 556              		.loc 1 213 5 view .LVU176
 557 0054 029B     		ldr	r3, [sp, #8]
 558              	.LBE3:
 213:Core/CubeMXAutoGenerate/Src/adc.c ****     /**ADC1 GPIO Configuration
 559              		.loc 1 213 5 view .LVU177
 220:Core/CubeMXAutoGenerate/Src/adc.c ****     GPIO_InitStruct.Mode = GPIO_MODE_ANALOG;
 560              		.loc 1 220 5 view .LVU178
 220:Core/CubeMXAutoGenerate/Src/adc.c ****     GPIO_InitStruct.Mode = GPIO_MODE_ANALOG;
 561              		.loc 1 220 25 is_stmt 0 view .LVU179
 562 0056 0F23     		movs	r3, #15
 563 0058 0793     		str	r3, [sp, #28]
 221:Core/CubeMXAutoGenerate/Src/adc.c ****     GPIO_InitStruct.Pull = GPIO_NOPULL;
 564              		.loc 1 221 5 is_stmt 1 view .LVU180
 221:Core/CubeMXAutoGenerate/Src/adc.c ****     GPIO_InitStruct.Pull = GPIO_NOPULL;
 565              		.loc 1 221 26 is_stmt 0 view .LVU181
 566 005a 0323     		movs	r3, #3
 567 005c 0893     		str	r3, [sp, #32]
 222:Core/CubeMXAutoGenerate/Src/adc.c ****     HAL_GPIO_Init(GPIOA, &GPIO_InitStruct);
 568              		.loc 1 222 5 is_stmt 1 view .LVU182
 223:Core/CubeMXAutoGenerate/Src/adc.c **** 
 569              		.loc 1 223 5 view .LVU183
 570 005e 07A9     		add	r1, sp, #28
 571 0060 3248     		ldr	r0, .L41+16
 572              	.LVL21:
 223:Core/CubeMXAutoGenerate/Src/adc.c **** 
 573              		.loc 1 223 5 is_stmt 0 view .LVU184
 574 0062 FFF7FEFF 		bl	HAL_GPIO_Init
 575              	.LVL22:
 227:Core/CubeMXAutoGenerate/Src/adc.c ****     hdma_adc1.Init.Channel = DMA_CHANNEL_0;
 576              		.loc 1 227 5 is_stmt 1 view .LVU185
 227:Core/CubeMXAutoGenerate/Src/adc.c ****     hdma_adc1.Init.Channel = DMA_CHANNEL_0;
 577              		.loc 1 227 24 is_stmt 0 view .LVU186
 578 0066 3248     		ldr	r0, .L41+20
 579 0068 324B     		ldr	r3, .L41+24
 580 006a 0360     		str	r3, [r0]
 228:Core/CubeMXAutoGenerate/Src/adc.c ****     hdma_adc1.Init.Direction = DMA_PERIPH_TO_MEMORY;
 581              		.loc 1 228 5 is_stmt 1 view .LVU187
 228:Core/CubeMXAutoGenerate/Src/adc.c ****     hdma_adc1.Init.Direction = DMA_PERIPH_TO_MEMORY;
 582              		.loc 1 228 28 is_stmt 0 view .LVU188
 583 006c 4560     		str	r5, [r0, #4]
 229:Core/CubeMXAutoGenerate/Src/adc.c ****     hdma_adc1.Init.PeriphInc = DMA_PINC_DISABLE;
 584              		.loc 1 229 5 is_stmt 1 view .LVU189
 229:Core/CubeMXAutoGenerate/Src/adc.c ****     hdma_adc1.Init.PeriphInc = DMA_PINC_DISABLE;
 585              		.loc 1 229 30 is_stmt 0 view .LVU190
 586 006e 8560     		str	r5, [r0, #8]
 230:Core/CubeMXAutoGenerate/Src/adc.c ****     hdma_adc1.Init.MemInc = DMA_MINC_ENABLE;
 587              		.loc 1 230 5 is_stmt 1 view .LVU191
 230:Core/CubeMXAutoGenerate/Src/adc.c ****     hdma_adc1.Init.MemInc = DMA_MINC_ENABLE;
 588              		.loc 1 230 30 is_stmt 0 view .LVU192
 589 0070 C560     		str	r5, [r0, #12]
 231:Core/CubeMXAutoGenerate/Src/adc.c ****     hdma_adc1.Init.PeriphDataAlignment = DMA_PDATAALIGN_HALFWORD;
 590              		.loc 1 231 5 is_stmt 1 view .LVU193
 231:Core/CubeMXAutoGenerate/Src/adc.c ****     hdma_adc1.Init.PeriphDataAlignment = DMA_PDATAALIGN_HALFWORD;
ARM GAS  C:\Users\hanaj\AppData\Local\Temp\ccSbPuZo.s 			page 17


 591              		.loc 1 231 27 is_stmt 0 view .LVU194
 592 0072 4FF48063 		mov	r3, #1024
 593 0076 0361     		str	r3, [r0, #16]
 232:Core/CubeMXAutoGenerate/Src/adc.c ****     hdma_adc1.Init.MemDataAlignment = DMA_MDATAALIGN_HALFWORD;
 594              		.loc 1 232 5 is_stmt 1 view .LVU195
 232:Core/CubeMXAutoGenerate/Src/adc.c ****     hdma_adc1.Init.MemDataAlignment = DMA_MDATAALIGN_HALFWORD;
 595              		.loc 1 232 40 is_stmt 0 view .LVU196
 596 0078 4FF40063 		mov	r3, #2048
 597 007c 4361     		str	r3, [r0, #20]
 233:Core/CubeMXAutoGenerate/Src/adc.c ****     hdma_adc1.Init.Mode = DMA_NORMAL;
 598              		.loc 1 233 5 is_stmt 1 view .LVU197
 233:Core/CubeMXAutoGenerate/Src/adc.c ****     hdma_adc1.Init.Mode = DMA_NORMAL;
 599              		.loc 1 233 37 is_stmt 0 view .LVU198
 600 007e 4FF40053 		mov	r3, #8192
 601 0082 8361     		str	r3, [r0, #24]
 234:Core/CubeMXAutoGenerate/Src/adc.c ****     hdma_adc1.Init.Priority = DMA_PRIORITY_LOW;
 602              		.loc 1 234 5 is_stmt 1 view .LVU199
 234:Core/CubeMXAutoGenerate/Src/adc.c ****     hdma_adc1.Init.Priority = DMA_PRIORITY_LOW;
 603              		.loc 1 234 25 is_stmt 0 view .LVU200
 604 0084 C561     		str	r5, [r0, #28]
 235:Core/CubeMXAutoGenerate/Src/adc.c ****     hdma_adc1.Init.FIFOMode = DMA_FIFOMODE_DISABLE;
 605              		.loc 1 235 5 is_stmt 1 view .LVU201
 235:Core/CubeMXAutoGenerate/Src/adc.c ****     hdma_adc1.Init.FIFOMode = DMA_FIFOMODE_DISABLE;
 606              		.loc 1 235 29 is_stmt 0 view .LVU202
 607 0086 0562     		str	r5, [r0, #32]
 236:Core/CubeMXAutoGenerate/Src/adc.c ****     if (HAL_DMA_Init(&hdma_adc1) != HAL_OK)
 608              		.loc 1 236 5 is_stmt 1 view .LVU203
 236:Core/CubeMXAutoGenerate/Src/adc.c ****     if (HAL_DMA_Init(&hdma_adc1) != HAL_OK)
 609              		.loc 1 236 29 is_stmt 0 view .LVU204
 610 0088 4562     		str	r5, [r0, #36]
 237:Core/CubeMXAutoGenerate/Src/adc.c ****     {
 611              		.loc 1 237 5 is_stmt 1 view .LVU205
 237:Core/CubeMXAutoGenerate/Src/adc.c ****     {
 612              		.loc 1 237 9 is_stmt 0 view .LVU206
 613 008a FFF7FEFF 		bl	HAL_DMA_Init
 614              	.LVL23:
 237:Core/CubeMXAutoGenerate/Src/adc.c ****     {
 615              		.loc 1 237 8 discriminator 1 view .LVU207
 616 008e 18B9     		cbnz	r0, .L40
 617              	.L33:
 242:Core/CubeMXAutoGenerate/Src/adc.c **** 
 618              		.loc 1 242 5 is_stmt 1 view .LVU208
 242:Core/CubeMXAutoGenerate/Src/adc.c **** 
 619              		.loc 1 242 5 view .LVU209
 620 0090 274B     		ldr	r3, .L41+20
 621 0092 A363     		str	r3, [r4, #56]
 242:Core/CubeMXAutoGenerate/Src/adc.c **** 
 622              		.loc 1 242 5 view .LVU210
 623 0094 9C63     		str	r4, [r3, #56]
 242:Core/CubeMXAutoGenerate/Src/adc.c **** 
 624              		.loc 1 242 5 view .LVU211
 625 0096 C5E7     		b	.L31
 626              	.L40:
 239:Core/CubeMXAutoGenerate/Src/adc.c ****     }
 627              		.loc 1 239 7 view .LVU212
 628 0098 FFF7FEFF 		bl	Error_Handler
 629              	.LVL24:
ARM GAS  C:\Users\hanaj\AppData\Local\Temp\ccSbPuZo.s 			page 18


 630 009c F8E7     		b	.L33
 631              	.LVL25:
 632              	.L38:
 254:Core/CubeMXAutoGenerate/Src/adc.c **** 
 633              		.loc 1 254 5 view .LVU213
 634              	.LBB4:
 254:Core/CubeMXAutoGenerate/Src/adc.c **** 
 635              		.loc 1 254 5 view .LVU214
 636 009e 0021     		movs	r1, #0
 637 00a0 0391     		str	r1, [sp, #12]
 254:Core/CubeMXAutoGenerate/Src/adc.c **** 
 638              		.loc 1 254 5 view .LVU215
 639 00a2 214B     		ldr	r3, .L41+12
 640 00a4 5A6C     		ldr	r2, [r3, #68]
 641 00a6 42F40072 		orr	r2, r2, #512
 642 00aa 5A64     		str	r2, [r3, #68]
 254:Core/CubeMXAutoGenerate/Src/adc.c **** 
 643              		.loc 1 254 5 view .LVU216
 644 00ac 5A6C     		ldr	r2, [r3, #68]
 645 00ae 02F40072 		and	r2, r2, #512
 646 00b2 0392     		str	r2, [sp, #12]
 254:Core/CubeMXAutoGenerate/Src/adc.c **** 
 647              		.loc 1 254 5 view .LVU217
 648 00b4 039A     		ldr	r2, [sp, #12]
 649              	.LBE4:
 254:Core/CubeMXAutoGenerate/Src/adc.c **** 
 650              		.loc 1 254 5 view .LVU218
 256:Core/CubeMXAutoGenerate/Src/adc.c ****     /**ADC2 GPIO Configuration
 651              		.loc 1 256 5 view .LVU219
 652              	.LBB5:
 256:Core/CubeMXAutoGenerate/Src/adc.c ****     /**ADC2 GPIO Configuration
 653              		.loc 1 256 5 view .LVU220
 654 00b6 0491     		str	r1, [sp, #16]
 256:Core/CubeMXAutoGenerate/Src/adc.c ****     /**ADC2 GPIO Configuration
 655              		.loc 1 256 5 view .LVU221
 656 00b8 1A6B     		ldr	r2, [r3, #48]
 657 00ba 42F00402 		orr	r2, r2, #4
 658 00be 1A63     		str	r2, [r3, #48]
 256:Core/CubeMXAutoGenerate/Src/adc.c ****     /**ADC2 GPIO Configuration
 659              		.loc 1 256 5 view .LVU222
 660 00c0 1B6B     		ldr	r3, [r3, #48]
 661 00c2 03F00403 		and	r3, r3, #4
 662 00c6 0493     		str	r3, [sp, #16]
 256:Core/CubeMXAutoGenerate/Src/adc.c ****     /**ADC2 GPIO Configuration
 663              		.loc 1 256 5 view .LVU223
 664 00c8 049B     		ldr	r3, [sp, #16]
 665              	.LBE5:
 256:Core/CubeMXAutoGenerate/Src/adc.c ****     /**ADC2 GPIO Configuration
 666              		.loc 1 256 5 view .LVU224
 261:Core/CubeMXAutoGenerate/Src/adc.c ****     GPIO_InitStruct.Mode = GPIO_MODE_ANALOG;
 667              		.loc 1 261 5 view .LVU225
 261:Core/CubeMXAutoGenerate/Src/adc.c ****     GPIO_InitStruct.Mode = GPIO_MODE_ANALOG;
 668              		.loc 1 261 25 is_stmt 0 view .LVU226
 669 00ca 1123     		movs	r3, #17
 670 00cc 0793     		str	r3, [sp, #28]
 262:Core/CubeMXAutoGenerate/Src/adc.c ****     GPIO_InitStruct.Pull = GPIO_NOPULL;
 671              		.loc 1 262 5 is_stmt 1 view .LVU227
ARM GAS  C:\Users\hanaj\AppData\Local\Temp\ccSbPuZo.s 			page 19


 262:Core/CubeMXAutoGenerate/Src/adc.c ****     GPIO_InitStruct.Pull = GPIO_NOPULL;
 672              		.loc 1 262 26 is_stmt 0 view .LVU228
 673 00ce 0323     		movs	r3, #3
 674 00d0 0893     		str	r3, [sp, #32]
 263:Core/CubeMXAutoGenerate/Src/adc.c ****     HAL_GPIO_Init(GPIOC, &GPIO_InitStruct);
 675              		.loc 1 263 5 is_stmt 1 view .LVU229
 264:Core/CubeMXAutoGenerate/Src/adc.c **** 
 676              		.loc 1 264 5 view .LVU230
 677 00d2 07A9     		add	r1, sp, #28
 678 00d4 1848     		ldr	r0, .L41+28
 679              	.LVL26:
 264:Core/CubeMXAutoGenerate/Src/adc.c **** 
 680              		.loc 1 264 5 is_stmt 0 view .LVU231
 681 00d6 FFF7FEFF 		bl	HAL_GPIO_Init
 682              	.LVL27:
 683 00da A3E7     		b	.L31
 684              	.LVL28:
 685              	.L39:
 276:Core/CubeMXAutoGenerate/Src/adc.c **** 
 686              		.loc 1 276 5 is_stmt 1 view .LVU232
 687              	.LBB6:
 276:Core/CubeMXAutoGenerate/Src/adc.c **** 
 688              		.loc 1 276 5 view .LVU233
 689 00dc 0021     		movs	r1, #0
 690 00de 0591     		str	r1, [sp, #20]
 276:Core/CubeMXAutoGenerate/Src/adc.c **** 
 691              		.loc 1 276 5 view .LVU234
 692 00e0 114B     		ldr	r3, .L41+12
 693 00e2 5A6C     		ldr	r2, [r3, #68]
 694 00e4 42F48062 		orr	r2, r2, #1024
 695 00e8 5A64     		str	r2, [r3, #68]
 276:Core/CubeMXAutoGenerate/Src/adc.c **** 
 696              		.loc 1 276 5 view .LVU235
 697 00ea 5A6C     		ldr	r2, [r3, #68]
 698 00ec 02F48062 		and	r2, r2, #1024
 699 00f0 0592     		str	r2, [sp, #20]
 276:Core/CubeMXAutoGenerate/Src/adc.c **** 
 700              		.loc 1 276 5 view .LVU236
 701 00f2 059A     		ldr	r2, [sp, #20]
 702              	.LBE6:
 276:Core/CubeMXAutoGenerate/Src/adc.c **** 
 703              		.loc 1 276 5 view .LVU237
 278:Core/CubeMXAutoGenerate/Src/adc.c ****     /**ADC3 GPIO Configuration
 704              		.loc 1 278 5 view .LVU238
 705              	.LBB7:
 278:Core/CubeMXAutoGenerate/Src/adc.c ****     /**ADC3 GPIO Configuration
 706              		.loc 1 278 5 view .LVU239
 707 00f4 0691     		str	r1, [sp, #24]
 278:Core/CubeMXAutoGenerate/Src/adc.c ****     /**ADC3 GPIO Configuration
 708              		.loc 1 278 5 view .LVU240
 709 00f6 1A6B     		ldr	r2, [r3, #48]
 710 00f8 42F00402 		orr	r2, r2, #4
 711 00fc 1A63     		str	r2, [r3, #48]
 278:Core/CubeMXAutoGenerate/Src/adc.c ****     /**ADC3 GPIO Configuration
 712              		.loc 1 278 5 view .LVU241
 713 00fe 1B6B     		ldr	r3, [r3, #48]
 714 0100 03F00403 		and	r3, r3, #4
ARM GAS  C:\Users\hanaj\AppData\Local\Temp\ccSbPuZo.s 			page 20


 715 0104 0693     		str	r3, [sp, #24]
 278:Core/CubeMXAutoGenerate/Src/adc.c ****     /**ADC3 GPIO Configuration
 716              		.loc 1 278 5 view .LVU242
 717 0106 069B     		ldr	r3, [sp, #24]
 718              	.LBE7:
 278:Core/CubeMXAutoGenerate/Src/adc.c ****     /**ADC3 GPIO Configuration
 719              		.loc 1 278 5 view .LVU243
 282:Core/CubeMXAutoGenerate/Src/adc.c ****     GPIO_InitStruct.Mode = GPIO_MODE_ANALOG;
 720              		.loc 1 282 5 view .LVU244
 282:Core/CubeMXAutoGenerate/Src/adc.c ****     GPIO_InitStruct.Mode = GPIO_MODE_ANALOG;
 721              		.loc 1 282 25 is_stmt 0 view .LVU245
 722 0108 0223     		movs	r3, #2
 723 010a 0793     		str	r3, [sp, #28]
 283:Core/CubeMXAutoGenerate/Src/adc.c ****     GPIO_InitStruct.Pull = GPIO_NOPULL;
 724              		.loc 1 283 5 is_stmt 1 view .LVU246
 283:Core/CubeMXAutoGenerate/Src/adc.c ****     GPIO_InitStruct.Pull = GPIO_NOPULL;
 725              		.loc 1 283 26 is_stmt 0 view .LVU247
 726 010c 0323     		movs	r3, #3
 727 010e 0893     		str	r3, [sp, #32]
 284:Core/CubeMXAutoGenerate/Src/adc.c ****     HAL_GPIO_Init(Batt_GPIO_Port, &GPIO_InitStruct);
 728              		.loc 1 284 5 is_stmt 1 view .LVU248
 285:Core/CubeMXAutoGenerate/Src/adc.c **** 
 729              		.loc 1 285 5 view .LVU249
 730 0110 07A9     		add	r1, sp, #28
 731 0112 0948     		ldr	r0, .L41+28
 732              	.LVL29:
 285:Core/CubeMXAutoGenerate/Src/adc.c **** 
 733              		.loc 1 285 5 is_stmt 0 view .LVU250
 734 0114 FFF7FEFF 		bl	HAL_GPIO_Init
 735              	.LVL30:
 736              		.loc 1 291 1 view .LVU251
 737 0118 84E7     		b	.L31
 738              	.L42:
 739 011a 00BF     		.align	2
 740              	.L41:
 741 011c 00200140 		.word	1073815552
 742 0120 00210140 		.word	1073815808
 743 0124 00220140 		.word	1073816064
 744 0128 00380240 		.word	1073887232
 745 012c 00000240 		.word	1073872896
 746 0130 00000000 		.word	hdma_adc1
 747 0134 10640240 		.word	1073898512
 748 0138 00080240 		.word	1073874944
 749              		.cfi_endproc
 750              	.LFE242:
 752              		.section	.text.HAL_ADC_MspDeInit,"ax",%progbits
 753              		.align	1
 754              		.global	HAL_ADC_MspDeInit
 755              		.syntax unified
 756              		.thumb
 757              		.thumb_func
 759              	HAL_ADC_MspDeInit:
 760              	.LVL31:
 761              	.LFB243:
 292:Core/CubeMXAutoGenerate/Src/adc.c **** 
 293:Core/CubeMXAutoGenerate/Src/adc.c **** void HAL_ADC_MspDeInit(ADC_HandleTypeDef* adcHandle)
 294:Core/CubeMXAutoGenerate/Src/adc.c **** {
ARM GAS  C:\Users\hanaj\AppData\Local\Temp\ccSbPuZo.s 			page 21


 762              		.loc 1 294 1 is_stmt 1 view -0
 763              		.cfi_startproc
 764              		@ args = 0, pretend = 0, frame = 0
 765              		@ frame_needed = 0, uses_anonymous_args = 0
 766              		.loc 1 294 1 is_stmt 0 view .LVU253
 767 0000 10B5     		push	{r4, lr}
 768              	.LCFI16:
 769              		.cfi_def_cfa_offset 8
 770              		.cfi_offset 4, -8
 771              		.cfi_offset 14, -4
 295:Core/CubeMXAutoGenerate/Src/adc.c **** 
 296:Core/CubeMXAutoGenerate/Src/adc.c ****   if(adcHandle->Instance==ADC1)
 772              		.loc 1 296 3 is_stmt 1 view .LVU254
 773              		.loc 1 296 15 is_stmt 0 view .LVU255
 774 0002 0368     		ldr	r3, [r0]
 775              		.loc 1 296 5 view .LVU256
 776 0004 164A     		ldr	r2, .L51
 777 0006 9342     		cmp	r3, r2
 778 0008 06D0     		beq	.L48
 297:Core/CubeMXAutoGenerate/Src/adc.c ****   {
 298:Core/CubeMXAutoGenerate/Src/adc.c ****   /* USER CODE BEGIN ADC1_MspDeInit 0 */
 299:Core/CubeMXAutoGenerate/Src/adc.c **** 
 300:Core/CubeMXAutoGenerate/Src/adc.c ****   /* USER CODE END ADC1_MspDeInit 0 */
 301:Core/CubeMXAutoGenerate/Src/adc.c ****     /* Peripheral clock disable */
 302:Core/CubeMXAutoGenerate/Src/adc.c ****     __HAL_RCC_ADC1_CLK_DISABLE();
 303:Core/CubeMXAutoGenerate/Src/adc.c **** 
 304:Core/CubeMXAutoGenerate/Src/adc.c ****     /**ADC1 GPIO Configuration
 305:Core/CubeMXAutoGenerate/Src/adc.c ****     PA0-WKUP     ------> ADC1_IN0
 306:Core/CubeMXAutoGenerate/Src/adc.c ****     PA1     ------> ADC1_IN1
 307:Core/CubeMXAutoGenerate/Src/adc.c ****     PA2     ------> ADC1_IN2
 308:Core/CubeMXAutoGenerate/Src/adc.c ****     PA3     ------> ADC1_IN3
 309:Core/CubeMXAutoGenerate/Src/adc.c ****     */
 310:Core/CubeMXAutoGenerate/Src/adc.c ****     HAL_GPIO_DeInit(GPIOA, Sensor_FR_Pin|Sensor_R_Pin|Sensor_FL_Pin|Sensor_L_Pin);
 311:Core/CubeMXAutoGenerate/Src/adc.c **** 
 312:Core/CubeMXAutoGenerate/Src/adc.c ****     /* ADC1 DMA DeInit */
 313:Core/CubeMXAutoGenerate/Src/adc.c ****     HAL_DMA_DeInit(adcHandle->DMA_Handle);
 314:Core/CubeMXAutoGenerate/Src/adc.c ****   /* USER CODE BEGIN ADC1_MspDeInit 1 */
 315:Core/CubeMXAutoGenerate/Src/adc.c **** 
 316:Core/CubeMXAutoGenerate/Src/adc.c ****   /* USER CODE END ADC1_MspDeInit 1 */
 317:Core/CubeMXAutoGenerate/Src/adc.c ****   }
 318:Core/CubeMXAutoGenerate/Src/adc.c ****   else if(adcHandle->Instance==ADC2)
 779              		.loc 1 318 8 is_stmt 1 view .LVU257
 780              		.loc 1 318 10 is_stmt 0 view .LVU258
 781 000a 164A     		ldr	r2, .L51+4
 782 000c 9342     		cmp	r3, r2
 783 000e 12D0     		beq	.L49
 319:Core/CubeMXAutoGenerate/Src/adc.c ****   {
 320:Core/CubeMXAutoGenerate/Src/adc.c ****   /* USER CODE BEGIN ADC2_MspDeInit 0 */
 321:Core/CubeMXAutoGenerate/Src/adc.c **** 
 322:Core/CubeMXAutoGenerate/Src/adc.c ****   /* USER CODE END ADC2_MspDeInit 0 */
 323:Core/CubeMXAutoGenerate/Src/adc.c ****     /* Peripheral clock disable */
 324:Core/CubeMXAutoGenerate/Src/adc.c ****     __HAL_RCC_ADC2_CLK_DISABLE();
 325:Core/CubeMXAutoGenerate/Src/adc.c **** 
 326:Core/CubeMXAutoGenerate/Src/adc.c ****     /**ADC2 GPIO Configuration
 327:Core/CubeMXAutoGenerate/Src/adc.c ****     PC0     ------> ADC2_IN10
 328:Core/CubeMXAutoGenerate/Src/adc.c ****     PC4     ------> ADC2_IN14
 329:Core/CubeMXAutoGenerate/Src/adc.c ****     */
ARM GAS  C:\Users\hanaj\AppData\Local\Temp\ccSbPuZo.s 			page 22


 330:Core/CubeMXAutoGenerate/Src/adc.c ****     HAL_GPIO_DeInit(GPIOC, VIOUT_2_Pin|VIOUT_1_Pin);
 331:Core/CubeMXAutoGenerate/Src/adc.c **** 
 332:Core/CubeMXAutoGenerate/Src/adc.c ****   /* USER CODE BEGIN ADC2_MspDeInit 1 */
 333:Core/CubeMXAutoGenerate/Src/adc.c **** 
 334:Core/CubeMXAutoGenerate/Src/adc.c ****   /* USER CODE END ADC2_MspDeInit 1 */
 335:Core/CubeMXAutoGenerate/Src/adc.c ****   }
 336:Core/CubeMXAutoGenerate/Src/adc.c ****   else if(adcHandle->Instance==ADC3)
 784              		.loc 1 336 8 is_stmt 1 view .LVU259
 785              		.loc 1 336 10 is_stmt 0 view .LVU260
 786 0010 154A     		ldr	r2, .L51+8
 787 0012 9342     		cmp	r3, r2
 788 0014 19D0     		beq	.L50
 789              	.LVL32:
 790              	.L43:
 337:Core/CubeMXAutoGenerate/Src/adc.c ****   {
 338:Core/CubeMXAutoGenerate/Src/adc.c ****   /* USER CODE BEGIN ADC3_MspDeInit 0 */
 339:Core/CubeMXAutoGenerate/Src/adc.c **** 
 340:Core/CubeMXAutoGenerate/Src/adc.c ****   /* USER CODE END ADC3_MspDeInit 0 */
 341:Core/CubeMXAutoGenerate/Src/adc.c ****     /* Peripheral clock disable */
 342:Core/CubeMXAutoGenerate/Src/adc.c ****     __HAL_RCC_ADC3_CLK_DISABLE();
 343:Core/CubeMXAutoGenerate/Src/adc.c **** 
 344:Core/CubeMXAutoGenerate/Src/adc.c ****     /**ADC3 GPIO Configuration
 345:Core/CubeMXAutoGenerate/Src/adc.c ****     PC1     ------> ADC3_IN11
 346:Core/CubeMXAutoGenerate/Src/adc.c ****     */
 347:Core/CubeMXAutoGenerate/Src/adc.c ****     HAL_GPIO_DeInit(Batt_GPIO_Port, Batt_Pin);
 348:Core/CubeMXAutoGenerate/Src/adc.c **** 
 349:Core/CubeMXAutoGenerate/Src/adc.c ****   /* USER CODE BEGIN ADC3_MspDeInit 1 */
 350:Core/CubeMXAutoGenerate/Src/adc.c **** 
 351:Core/CubeMXAutoGenerate/Src/adc.c ****   /* USER CODE END ADC3_MspDeInit 1 */
 352:Core/CubeMXAutoGenerate/Src/adc.c ****   }
 353:Core/CubeMXAutoGenerate/Src/adc.c **** }
 791              		.loc 1 353 1 view .LVU261
 792 0016 10BD     		pop	{r4, pc}
 793              	.LVL33:
 794              	.L48:
 795              		.loc 1 353 1 view .LVU262
 796 0018 0446     		mov	r4, r0
 302:Core/CubeMXAutoGenerate/Src/adc.c **** 
 797              		.loc 1 302 5 is_stmt 1 view .LVU263
 798 001a 02F58C32 		add	r2, r2, #71680
 799 001e 536C     		ldr	r3, [r2, #68]
 800 0020 23F48073 		bic	r3, r3, #256
 801 0024 5364     		str	r3, [r2, #68]
 310:Core/CubeMXAutoGenerate/Src/adc.c **** 
 802              		.loc 1 310 5 view .LVU264
 803 0026 0F21     		movs	r1, #15
 804 0028 1048     		ldr	r0, .L51+12
 805              	.LVL34:
 310:Core/CubeMXAutoGenerate/Src/adc.c **** 
 806              		.loc 1 310 5 is_stmt 0 view .LVU265
 807 002a FFF7FEFF 		bl	HAL_GPIO_DeInit
 808              	.LVL35:
 313:Core/CubeMXAutoGenerate/Src/adc.c ****   /* USER CODE BEGIN ADC1_MspDeInit 1 */
 809              		.loc 1 313 5 is_stmt 1 view .LVU266
 810 002e A06B     		ldr	r0, [r4, #56]
 811 0030 FFF7FEFF 		bl	HAL_DMA_DeInit
 812              	.LVL36:
ARM GAS  C:\Users\hanaj\AppData\Local\Temp\ccSbPuZo.s 			page 23


 813 0034 EFE7     		b	.L43
 814              	.LVL37:
 815              	.L49:
 324:Core/CubeMXAutoGenerate/Src/adc.c **** 
 816              		.loc 1 324 5 view .LVU267
 817 0036 0E4A     		ldr	r2, .L51+16
 818 0038 536C     		ldr	r3, [r2, #68]
 819 003a 23F40073 		bic	r3, r3, #512
 820 003e 5364     		str	r3, [r2, #68]
 330:Core/CubeMXAutoGenerate/Src/adc.c **** 
 821              		.loc 1 330 5 view .LVU268
 822 0040 1121     		movs	r1, #17
 823 0042 0C48     		ldr	r0, .L51+20
 824              	.LVL38:
 330:Core/CubeMXAutoGenerate/Src/adc.c **** 
 825              		.loc 1 330 5 is_stmt 0 view .LVU269
 826 0044 FFF7FEFF 		bl	HAL_GPIO_DeInit
 827              	.LVL39:
 828 0048 E5E7     		b	.L43
 829              	.LVL40:
 830              	.L50:
 342:Core/CubeMXAutoGenerate/Src/adc.c **** 
 831              		.loc 1 342 5 is_stmt 1 view .LVU270
 832 004a 02F58B32 		add	r2, r2, #71168
 833 004e 536C     		ldr	r3, [r2, #68]
 834 0050 23F48063 		bic	r3, r3, #1024
 835 0054 5364     		str	r3, [r2, #68]
 347:Core/CubeMXAutoGenerate/Src/adc.c **** 
 836              		.loc 1 347 5 view .LVU271
 837 0056 0221     		movs	r1, #2
 838 0058 0648     		ldr	r0, .L51+20
 839              	.LVL41:
 347:Core/CubeMXAutoGenerate/Src/adc.c **** 
 840              		.loc 1 347 5 is_stmt 0 view .LVU272
 841 005a FFF7FEFF 		bl	HAL_GPIO_DeInit
 842              	.LVL42:
 843              		.loc 1 353 1 view .LVU273
 844 005e DAE7     		b	.L43
 845              	.L52:
 846              		.align	2
 847              	.L51:
 848 0060 00200140 		.word	1073815552
 849 0064 00210140 		.word	1073815808
 850 0068 00220140 		.word	1073816064
 851 006c 00000240 		.word	1073872896
 852 0070 00380240 		.word	1073887232
 853 0074 00080240 		.word	1073874944
 854              		.cfi_endproc
 855              	.LFE243:
 857              		.global	hdma_adc1
 858              		.section	.bss.hdma_adc1,"aw",%nobits
 859              		.align	2
 862              	hdma_adc1:
 863 0000 00000000 		.space	96
 863      00000000 
 863      00000000 
 863      00000000 
ARM GAS  C:\Users\hanaj\AppData\Local\Temp\ccSbPuZo.s 			page 24


 863      00000000 
 864              		.global	hadc3
 865              		.section	.bss.hadc3,"aw",%nobits
 866              		.align	2
 869              	hadc3:
 870 0000 00000000 		.space	72
 870      00000000 
 870      00000000 
 870      00000000 
 870      00000000 
 871              		.global	hadc2
 872              		.section	.bss.hadc2,"aw",%nobits
 873              		.align	2
 876              	hadc2:
 877 0000 00000000 		.space	72
 877      00000000 
 877      00000000 
 877      00000000 
 877      00000000 
 878              		.global	hadc1
 879              		.section	.bss.hadc1,"aw",%nobits
 880              		.align	2
 883              	hadc1:
 884 0000 00000000 		.space	72
 884      00000000 
 884      00000000 
 884      00000000 
 884      00000000 
 885              		.text
 886              	.Letext0:
 887              		.file 2 "C:/Tools/arm-gnu-toolchain/arm-none-eabi/include/machine/_default_types.h"
 888              		.file 3 "C:/Tools/arm-gnu-toolchain/arm-none-eabi/include/sys/_stdint.h"
 889              		.file 4 "Drivers/CMSIS/Device/ST/STM32F4xx/Include/stm32f405xx.h"
 890              		.file 5 "Drivers/CMSIS/Device/ST/STM32F4xx/Include/stm32f4xx.h"
 891              		.file 6 "Drivers/STM32F4xx_HAL_Driver/Inc/stm32f4xx_hal_def.h"
 892              		.file 7 "Drivers/STM32F4xx_HAL_Driver/Inc/stm32f4xx_hal_gpio.h"
 893              		.file 8 "Drivers/STM32F4xx_HAL_Driver/Inc/stm32f4xx_hal_dma.h"
 894              		.file 9 "Drivers/STM32F4xx_HAL_Driver/Inc/stm32f4xx_hal_adc.h"
 895              		.file 10 "Core/CubeMXAutoGenerate/Src/../Inc/adc.h"
 896              		.file 11 "C:/MicroMouse_ws/Ambitions_v2.3/Core/main.h"
ARM GAS  C:\Users\hanaj\AppData\Local\Temp\ccSbPuZo.s 			page 25


DEFINED SYMBOLS
                            *ABS*:00000000 adc.c
C:\Users\hanaj\AppData\Local\Temp\ccSbPuZo.s:21     .text.MX_ADC1_Init:00000000 $t
C:\Users\hanaj\AppData\Local\Temp\ccSbPuZo.s:27     .text.MX_ADC1_Init:00000000 MX_ADC1_Init
C:\Users\hanaj\AppData\Local\Temp\ccSbPuZo.s:207    .text.MX_ADC1_Init:000000b4 $d
C:\Users\hanaj\AppData\Local\Temp\ccSbPuZo.s:883    .bss.hadc1:00000000 hadc1
C:\Users\hanaj\AppData\Local\Temp\ccSbPuZo.s:213    .text.MX_ADC2_Init:00000000 $t
C:\Users\hanaj\AppData\Local\Temp\ccSbPuZo.s:219    .text.MX_ADC2_Init:00000000 MX_ADC2_Init
C:\Users\hanaj\AppData\Local\Temp\ccSbPuZo.s:331    .text.MX_ADC2_Init:00000064 $d
C:\Users\hanaj\AppData\Local\Temp\ccSbPuZo.s:876    .bss.hadc2:00000000 hadc2
C:\Users\hanaj\AppData\Local\Temp\ccSbPuZo.s:338    .text.MX_ADC3_Init:00000000 $t
C:\Users\hanaj\AppData\Local\Temp\ccSbPuZo.s:344    .text.MX_ADC3_Init:00000000 MX_ADC3_Init
C:\Users\hanaj\AppData\Local\Temp\ccSbPuZo.s:456    .text.MX_ADC3_Init:00000064 $d
C:\Users\hanaj\AppData\Local\Temp\ccSbPuZo.s:869    .bss.hadc3:00000000 hadc3
C:\Users\hanaj\AppData\Local\Temp\ccSbPuZo.s:463    .text.HAL_ADC_MspInit:00000000 $t
C:\Users\hanaj\AppData\Local\Temp\ccSbPuZo.s:469    .text.HAL_ADC_MspInit:00000000 HAL_ADC_MspInit
C:\Users\hanaj\AppData\Local\Temp\ccSbPuZo.s:741    .text.HAL_ADC_MspInit:0000011c $d
C:\Users\hanaj\AppData\Local\Temp\ccSbPuZo.s:862    .bss.hdma_adc1:00000000 hdma_adc1
C:\Users\hanaj\AppData\Local\Temp\ccSbPuZo.s:753    .text.HAL_ADC_MspDeInit:00000000 $t
C:\Users\hanaj\AppData\Local\Temp\ccSbPuZo.s:759    .text.HAL_ADC_MspDeInit:00000000 HAL_ADC_MspDeInit
C:\Users\hanaj\AppData\Local\Temp\ccSbPuZo.s:848    .text.HAL_ADC_MspDeInit:00000060 $d
C:\Users\hanaj\AppData\Local\Temp\ccSbPuZo.s:859    .bss.hdma_adc1:00000000 $d
C:\Users\hanaj\AppData\Local\Temp\ccSbPuZo.s:866    .bss.hadc3:00000000 $d
C:\Users\hanaj\AppData\Local\Temp\ccSbPuZo.s:873    .bss.hadc2:00000000 $d
C:\Users\hanaj\AppData\Local\Temp\ccSbPuZo.s:880    .bss.hadc1:00000000 $d

UNDEFINED SYMBOLS
HAL_ADC_Init
HAL_ADC_ConfigChannel
Error_Handler
HAL_GPIO_Init
HAL_DMA_Init
HAL_GPIO_DeInit
HAL_DMA_DeInit
