ARM GAS  C:\Users\hanaj\AppData\Local\Temp\ccIJZKJd.s 			page 1


   1              		.cpu cortex-m4
   2              		.arch armv7e-m
   3              		.fpu fpv4-sp-d16
   4              		.eabi_attribute 27, 1
   5              		.eabi_attribute 28, 1
   6              		.eabi_attribute 20, 1
   7              		.eabi_attribute 21, 1
   8              		.eabi_attribute 23, 3
   9              		.eabi_attribute 24, 1
  10              		.eabi_attribute 25, 1
  11              		.eabi_attribute 26, 1
  12              		.eabi_attribute 30, 1
  13              		.eabi_attribute 34, 1
  14              		.eabi_attribute 18, 4
  15              		.file	"gpio.c"
  16              		.text
  17              	.Ltext0:
  18              		.cfi_sections	.debug_frame
  19              		.file 1 "Core/Src/gpio.c"
  20              		.section	.text.MX_GPIO_Init,"ax",%progbits
  21              		.align	1
  22              		.global	MX_GPIO_Init
  23              		.syntax unified
  24              		.thumb
  25              		.thumb_func
  27              	MX_GPIO_Init:
  28              	.LFB239:
   1:Core/Src/gpio.c **** /* USER CODE BEGIN Header */
   2:Core/Src/gpio.c **** /**
   3:Core/Src/gpio.c ****   ******************************************************************************
   4:Core/Src/gpio.c ****   * @file    gpio.c
   5:Core/Src/gpio.c ****   * @brief   This file provides code for the configuration
   6:Core/Src/gpio.c ****   *          of all used GPIO pins.
   7:Core/Src/gpio.c ****   ******************************************************************************
   8:Core/Src/gpio.c ****   * @attention
   9:Core/Src/gpio.c ****   *
  10:Core/Src/gpio.c ****   * Copyright (c) 2025 STMicroelectronics.
  11:Core/Src/gpio.c ****   * All rights reserved.
  12:Core/Src/gpio.c ****   *
  13:Core/Src/gpio.c ****   * This software is licensed under terms that can be found in the LICENSE file
  14:Core/Src/gpio.c ****   * in the root directory of this software component.
  15:Core/Src/gpio.c ****   * If no LICENSE file comes with this software, it is provided AS-IS.
  16:Core/Src/gpio.c ****   *
  17:Core/Src/gpio.c ****   ******************************************************************************
  18:Core/Src/gpio.c ****   */
  19:Core/Src/gpio.c **** /* USER CODE END Header */
  20:Core/Src/gpio.c **** 
  21:Core/Src/gpio.c **** /* Includes ------------------------------------------------------------------*/
  22:Core/Src/gpio.c **** #include "gpio.h"
  23:Core/Src/gpio.c **** 
  24:Core/Src/gpio.c **** /* USER CODE BEGIN 0 */
  25:Core/Src/gpio.c **** 
  26:Core/Src/gpio.c **** /* USER CODE END 0 */
  27:Core/Src/gpio.c **** 
  28:Core/Src/gpio.c **** /*----------------------------------------------------------------------------*/
  29:Core/Src/gpio.c **** /* Configure GPIO                                                             */
  30:Core/Src/gpio.c **** /*----------------------------------------------------------------------------*/
ARM GAS  C:\Users\hanaj\AppData\Local\Temp\ccIJZKJd.s 			page 2


  31:Core/Src/gpio.c **** /* USER CODE BEGIN 1 */
  32:Core/Src/gpio.c **** 
  33:Core/Src/gpio.c **** /* USER CODE END 1 */
  34:Core/Src/gpio.c **** 
  35:Core/Src/gpio.c **** /** Configure pins as
  36:Core/Src/gpio.c ****         * Analog
  37:Core/Src/gpio.c ****         * Input
  38:Core/Src/gpio.c ****         * Output
  39:Core/Src/gpio.c ****         * EVENT_OUT
  40:Core/Src/gpio.c ****         * EXTI
  41:Core/Src/gpio.c ****         * Free pins are configured automatically as Analog (this feature is enabled through
  42:Core/Src/gpio.c ****         * the Code Generation settings)
  43:Core/Src/gpio.c **** */
  44:Core/Src/gpio.c **** void MX_GPIO_Init(void)
  45:Core/Src/gpio.c **** {
  29              		.loc 1 45 1 view -0
  30              		.cfi_startproc
  31              		@ args = 0, pretend = 0, frame = 40
  32              		@ frame_needed = 0, uses_anonymous_args = 0
  33 0000 2DE9F043 		push	{r4, r5, r6, r7, r8, r9, lr}
  34              	.LCFI0:
  35              		.cfi_def_cfa_offset 28
  36              		.cfi_offset 4, -28
  37              		.cfi_offset 5, -24
  38              		.cfi_offset 6, -20
  39              		.cfi_offset 7, -16
  40              		.cfi_offset 8, -12
  41              		.cfi_offset 9, -8
  42              		.cfi_offset 14, -4
  43 0004 8BB0     		sub	sp, sp, #44
  44              	.LCFI1:
  45              		.cfi_def_cfa_offset 72
  46:Core/Src/gpio.c **** 
  47:Core/Src/gpio.c ****   GPIO_InitTypeDef GPIO_InitStruct = {0};
  46              		.loc 1 47 3 view .LVU1
  47              		.loc 1 47 20 is_stmt 0 view .LVU2
  48 0006 0024     		movs	r4, #0
  49 0008 0594     		str	r4, [sp, #20]
  50 000a 0694     		str	r4, [sp, #24]
  51 000c 0794     		str	r4, [sp, #28]
  52 000e 0894     		str	r4, [sp, #32]
  53 0010 0994     		str	r4, [sp, #36]
  48:Core/Src/gpio.c **** 
  49:Core/Src/gpio.c ****   /* GPIO Ports Clock Enable */
  50:Core/Src/gpio.c ****   __HAL_RCC_GPIOC_CLK_ENABLE();
  54              		.loc 1 50 3 is_stmt 1 view .LVU3
  55              	.LBB2:
  56              		.loc 1 50 3 view .LVU4
  57 0012 0094     		str	r4, [sp]
  58              		.loc 1 50 3 view .LVU5
  59 0014 4E4B     		ldr	r3, .L3
  60 0016 1A6B     		ldr	r2, [r3, #48]
  61 0018 42F00402 		orr	r2, r2, #4
  62 001c 1A63     		str	r2, [r3, #48]
  63              		.loc 1 50 3 view .LVU6
  64 001e 1A6B     		ldr	r2, [r3, #48]
  65 0020 02F00402 		and	r2, r2, #4
ARM GAS  C:\Users\hanaj\AppData\Local\Temp\ccIJZKJd.s 			page 3


  66 0024 0092     		str	r2, [sp]
  67              		.loc 1 50 3 view .LVU7
  68 0026 009A     		ldr	r2, [sp]
  69              	.LBE2:
  70              		.loc 1 50 3 view .LVU8
  51:Core/Src/gpio.c ****   __HAL_RCC_GPIOH_CLK_ENABLE();
  71              		.loc 1 51 3 view .LVU9
  72              	.LBB3:
  73              		.loc 1 51 3 view .LVU10
  74 0028 0194     		str	r4, [sp, #4]
  75              		.loc 1 51 3 view .LVU11
  76 002a 1A6B     		ldr	r2, [r3, #48]
  77 002c 42F08002 		orr	r2, r2, #128
  78 0030 1A63     		str	r2, [r3, #48]
  79              		.loc 1 51 3 view .LVU12
  80 0032 1A6B     		ldr	r2, [r3, #48]
  81 0034 02F08002 		and	r2, r2, #128
  82 0038 0192     		str	r2, [sp, #4]
  83              		.loc 1 51 3 view .LVU13
  84 003a 019A     		ldr	r2, [sp, #4]
  85              	.LBE3:
  86              		.loc 1 51 3 view .LVU14
  52:Core/Src/gpio.c ****   __HAL_RCC_GPIOA_CLK_ENABLE();
  87              		.loc 1 52 3 view .LVU15
  88              	.LBB4:
  89              		.loc 1 52 3 view .LVU16
  90 003c 0294     		str	r4, [sp, #8]
  91              		.loc 1 52 3 view .LVU17
  92 003e 1A6B     		ldr	r2, [r3, #48]
  93 0040 42F00102 		orr	r2, r2, #1
  94 0044 1A63     		str	r2, [r3, #48]
  95              		.loc 1 52 3 view .LVU18
  96 0046 1A6B     		ldr	r2, [r3, #48]
  97 0048 02F00102 		and	r2, r2, #1
  98 004c 0292     		str	r2, [sp, #8]
  99              		.loc 1 52 3 view .LVU19
 100 004e 029A     		ldr	r2, [sp, #8]
 101              	.LBE4:
 102              		.loc 1 52 3 view .LVU20
  53:Core/Src/gpio.c ****   __HAL_RCC_GPIOB_CLK_ENABLE();
 103              		.loc 1 53 3 view .LVU21
 104              	.LBB5:
 105              		.loc 1 53 3 view .LVU22
 106 0050 0394     		str	r4, [sp, #12]
 107              		.loc 1 53 3 view .LVU23
 108 0052 1A6B     		ldr	r2, [r3, #48]
 109 0054 42F00202 		orr	r2, r2, #2
 110 0058 1A63     		str	r2, [r3, #48]
 111              		.loc 1 53 3 view .LVU24
 112 005a 1A6B     		ldr	r2, [r3, #48]
 113 005c 02F00202 		and	r2, r2, #2
 114 0060 0392     		str	r2, [sp, #12]
 115              		.loc 1 53 3 view .LVU25
 116 0062 039A     		ldr	r2, [sp, #12]
 117              	.LBE5:
 118              		.loc 1 53 3 view .LVU26
  54:Core/Src/gpio.c ****   __HAL_RCC_GPIOD_CLK_ENABLE();
ARM GAS  C:\Users\hanaj\AppData\Local\Temp\ccIJZKJd.s 			page 4


 119              		.loc 1 54 3 view .LVU27
 120              	.LBB6:
 121              		.loc 1 54 3 view .LVU28
 122 0064 0494     		str	r4, [sp, #16]
 123              		.loc 1 54 3 view .LVU29
 124 0066 1A6B     		ldr	r2, [r3, #48]
 125 0068 42F00802 		orr	r2, r2, #8
 126 006c 1A63     		str	r2, [r3, #48]
 127              		.loc 1 54 3 view .LVU30
 128 006e 1B6B     		ldr	r3, [r3, #48]
 129 0070 03F00803 		and	r3, r3, #8
 130 0074 0493     		str	r3, [sp, #16]
 131              		.loc 1 54 3 view .LVU31
 132 0076 049B     		ldr	r3, [sp, #16]
 133              	.LBE6:
 134              		.loc 1 54 3 view .LVU32
  55:Core/Src/gpio.c **** 
  56:Core/Src/gpio.c ****   /*Configure GPIO pin Output Level */
  57:Core/Src/gpio.c ****   HAL_GPIO_WritePin(GPIOC, LED_FR_Pin|LED_R_Pin|SensorLED_L_Pin, GPIO_PIN_RESET);
 135              		.loc 1 57 3 view .LVU33
 136 0078 364F     		ldr	r7, .L3+4
 137 007a 2246     		mov	r2, r4
 138 007c 4FF48671 		mov	r1, #268
 139 0080 3846     		mov	r0, r7
 140 0082 FFF7FEFF 		bl	HAL_GPIO_WritePin
 141              	.LVL0:
  58:Core/Src/gpio.c **** 
  59:Core/Src/gpio.c ****   /*Configure GPIO pin Output Level */
  60:Core/Src/gpio.c ****   HAL_GPIO_WritePin(GPIOA, SPI3_CS_Pin|LED_L_Pin|LED_FL_Pin|SensorLED_R_Pin
 142              		.loc 1 60 3 view .LVU34
 143 0086 DFF8D880 		ldr	r8, .L3+16
 144 008a 2246     		mov	r2, r4
 145 008c 49F6D041 		movw	r1, #40144
 146 0090 4046     		mov	r0, r8
 147 0092 FFF7FEFF 		bl	HAL_GPIO_WritePin
 148              	.LVL1:
  61:Core/Src/gpio.c ****                           |SensorLED_FR_Pin|SensorLED_FL_Pin|Mode_LED1_Pin, GPIO_PIN_RESET);
  62:Core/Src/gpio.c **** 
  63:Core/Src/gpio.c ****   /*Configure GPIO pin Output Level */
  64:Core/Src/gpio.c ****   HAL_GPIO_WritePin(GPIOB, Mode_LED2_Pin|Mode_LED3_Pin|AIN2_Pin|AIN1_Pin
 149              		.loc 1 64 3 view .LVU35
 150 0096 DFF8CC90 		ldr	r9, .L3+20
 151 009a 2246     		mov	r2, r4
 152 009c 4CF23301 		movw	r1, #49203
 153 00a0 4846     		mov	r0, r9
 154 00a2 FFF7FEFF 		bl	HAL_GPIO_WritePin
 155              	.LVL2:
  65:Core/Src/gpio.c ****                           |BIN2_Pin|BIN1_Pin, GPIO_PIN_RESET);
  66:Core/Src/gpio.c **** 
  67:Core/Src/gpio.c ****   /*Configure GPIO pins : PC13 PC14 PC15 PC9 */
  68:Core/Src/gpio.c ****   GPIO_InitStruct.Pin = GPIO_PIN_13|GPIO_PIN_14|GPIO_PIN_15|GPIO_PIN_9;
 156              		.loc 1 68 3 view .LVU36
 157              		.loc 1 68 23 is_stmt 0 view .LVU37
 158 00a6 4FF46243 		mov	r3, #57856
 159 00aa 0593     		str	r3, [sp, #20]
  69:Core/Src/gpio.c ****   GPIO_InitStruct.Mode = GPIO_MODE_ANALOG;
 160              		.loc 1 69 3 is_stmt 1 view .LVU38
ARM GAS  C:\Users\hanaj\AppData\Local\Temp\ccIJZKJd.s 			page 5


 161              		.loc 1 69 24 is_stmt 0 view .LVU39
 162 00ac 0325     		movs	r5, #3
 163 00ae 0695     		str	r5, [sp, #24]
  70:Core/Src/gpio.c ****   GPIO_InitStruct.Pull = GPIO_NOPULL;
 164              		.loc 1 70 3 is_stmt 1 view .LVU40
 165              		.loc 1 70 24 is_stmt 0 view .LVU41
 166 00b0 0794     		str	r4, [sp, #28]
  71:Core/Src/gpio.c ****   HAL_GPIO_Init(GPIOC, &GPIO_InitStruct);
 167              		.loc 1 71 3 is_stmt 1 view .LVU42
 168 00b2 05A9     		add	r1, sp, #20
 169 00b4 3846     		mov	r0, r7
 170 00b6 FFF7FEFF 		bl	HAL_GPIO_Init
 171              	.LVL3:
  72:Core/Src/gpio.c **** 
  73:Core/Src/gpio.c ****   /*Configure GPIO pins : PH0 PH1 */
  74:Core/Src/gpio.c ****   GPIO_InitStruct.Pin = GPIO_PIN_0|GPIO_PIN_1;
 172              		.loc 1 74 3 view .LVU43
 173              		.loc 1 74 23 is_stmt 0 view .LVU44
 174 00ba 0595     		str	r5, [sp, #20]
  75:Core/Src/gpio.c ****   GPIO_InitStruct.Mode = GPIO_MODE_ANALOG;
 175              		.loc 1 75 3 is_stmt 1 view .LVU45
 176              		.loc 1 75 24 is_stmt 0 view .LVU46
 177 00bc 0695     		str	r5, [sp, #24]
  76:Core/Src/gpio.c ****   GPIO_InitStruct.Pull = GPIO_NOPULL;
 178              		.loc 1 76 3 is_stmt 1 view .LVU47
 179              		.loc 1 76 24 is_stmt 0 view .LVU48
 180 00be 0794     		str	r4, [sp, #28]
  77:Core/Src/gpio.c ****   HAL_GPIO_Init(GPIOH, &GPIO_InitStruct);
 181              		.loc 1 77 3 is_stmt 1 view .LVU49
 182 00c0 05A9     		add	r1, sp, #20
 183 00c2 2548     		ldr	r0, .L3+8
 184 00c4 FFF7FEFF 		bl	HAL_GPIO_Init
 185              	.LVL4:
  78:Core/Src/gpio.c **** 
  79:Core/Src/gpio.c ****   /*Configure GPIO pins : PCPin PCPin PCPin */
  80:Core/Src/gpio.c ****   GPIO_InitStruct.Pin = LED_FR_Pin|LED_R_Pin|SensorLED_L_Pin;
 186              		.loc 1 80 3 view .LVU50
 187              		.loc 1 80 23 is_stmt 0 view .LVU51
 188 00c8 4FF48673 		mov	r3, #268
 189 00cc 0593     		str	r3, [sp, #20]
  81:Core/Src/gpio.c ****   GPIO_InitStruct.Mode = GPIO_MODE_OUTPUT_PP;
 190              		.loc 1 81 3 is_stmt 1 view .LVU52
 191              		.loc 1 81 24 is_stmt 0 view .LVU53
 192 00ce 0126     		movs	r6, #1
 193 00d0 0696     		str	r6, [sp, #24]
  82:Core/Src/gpio.c ****   GPIO_InitStruct.Pull = GPIO_NOPULL;
 194              		.loc 1 82 3 is_stmt 1 view .LVU54
 195              		.loc 1 82 24 is_stmt 0 view .LVU55
 196 00d2 0794     		str	r4, [sp, #28]
  83:Core/Src/gpio.c ****   GPIO_InitStruct.Speed = GPIO_SPEED_FREQ_LOW;
 197              		.loc 1 83 3 is_stmt 1 view .LVU56
 198              		.loc 1 83 25 is_stmt 0 view .LVU57
 199 00d4 0894     		str	r4, [sp, #32]
  84:Core/Src/gpio.c ****   HAL_GPIO_Init(GPIOC, &GPIO_InitStruct);
 200              		.loc 1 84 3 is_stmt 1 view .LVU58
 201 00d6 05A9     		add	r1, sp, #20
 202 00d8 3846     		mov	r0, r7
ARM GAS  C:\Users\hanaj\AppData\Local\Temp\ccIJZKJd.s 			page 6


 203 00da FFF7FEFF 		bl	HAL_GPIO_Init
 204              	.LVL5:
  85:Core/Src/gpio.c **** 
  86:Core/Src/gpio.c ****   /*Configure GPIO pins : PAPin PAPin PAPin PAPin
  87:Core/Src/gpio.c ****                            PAPin PAPin PAPin */
  88:Core/Src/gpio.c ****   GPIO_InitStruct.Pin = SPI3_CS_Pin|LED_L_Pin|LED_FL_Pin|SensorLED_R_Pin
 205              		.loc 1 88 3 view .LVU59
 206              		.loc 1 88 23 is_stmt 0 view .LVU60
 207 00de 49F6D043 		movw	r3, #40144
 208 00e2 0593     		str	r3, [sp, #20]
  89:Core/Src/gpio.c ****                           |SensorLED_FR_Pin|SensorLED_FL_Pin|Mode_LED1_Pin;
  90:Core/Src/gpio.c ****   GPIO_InitStruct.Mode = GPIO_MODE_OUTPUT_PP;
 209              		.loc 1 90 3 is_stmt 1 view .LVU61
 210              		.loc 1 90 24 is_stmt 0 view .LVU62
 211 00e4 0696     		str	r6, [sp, #24]
  91:Core/Src/gpio.c ****   GPIO_InitStruct.Pull = GPIO_NOPULL;
 212              		.loc 1 91 3 is_stmt 1 view .LVU63
 213              		.loc 1 91 24 is_stmt 0 view .LVU64
 214 00e6 0794     		str	r4, [sp, #28]
  92:Core/Src/gpio.c ****   GPIO_InitStruct.Speed = GPIO_SPEED_FREQ_LOW;
 215              		.loc 1 92 3 is_stmt 1 view .LVU65
 216              		.loc 1 92 25 is_stmt 0 view .LVU66
 217 00e8 0894     		str	r4, [sp, #32]
  93:Core/Src/gpio.c ****   HAL_GPIO_Init(GPIOA, &GPIO_InitStruct);
 218              		.loc 1 93 3 is_stmt 1 view .LVU67
 219 00ea 05A9     		add	r1, sp, #20
 220 00ec 4046     		mov	r0, r8
 221 00ee FFF7FEFF 		bl	HAL_GPIO_Init
 222              	.LVL6:
  94:Core/Src/gpio.c **** 
  95:Core/Src/gpio.c ****   /*Configure GPIO pin : PtPin */
  96:Core/Src/gpio.c ****   GPIO_InitStruct.Pin = ModeChange_Button_Pin;
 223              		.loc 1 96 3 view .LVU68
 224              		.loc 1 96 23 is_stmt 0 view .LVU69
 225 00f2 2023     		movs	r3, #32
 226 00f4 0593     		str	r3, [sp, #20]
  97:Core/Src/gpio.c ****   GPIO_InitStruct.Mode = GPIO_MODE_INPUT;
 227              		.loc 1 97 3 is_stmt 1 view .LVU70
 228              		.loc 1 97 24 is_stmt 0 view .LVU71
 229 00f6 0694     		str	r4, [sp, #24]
  98:Core/Src/gpio.c ****   GPIO_InitStruct.Pull = GPIO_PULLUP;
 230              		.loc 1 98 3 is_stmt 1 view .LVU72
 231              		.loc 1 98 24 is_stmt 0 view .LVU73
 232 00f8 0796     		str	r6, [sp, #28]
  99:Core/Src/gpio.c ****   HAL_GPIO_Init(ModeChange_Button_GPIO_Port, &GPIO_InitStruct);
 233              		.loc 1 99 3 is_stmt 1 view .LVU74
 234 00fa 05A9     		add	r1, sp, #20
 235 00fc 3846     		mov	r0, r7
 236 00fe FFF7FEFF 		bl	HAL_GPIO_Init
 237              	.LVL7:
 100:Core/Src/gpio.c **** 
 101:Core/Src/gpio.c ****   /*Configure GPIO pins : PBPin PBPin PBPin PBPin
 102:Core/Src/gpio.c ****                            PBPin PBPin */
 103:Core/Src/gpio.c ****   GPIO_InitStruct.Pin = Mode_LED2_Pin|Mode_LED3_Pin|AIN2_Pin|AIN1_Pin
 238              		.loc 1 103 3 view .LVU75
 239              		.loc 1 103 23 is_stmt 0 view .LVU76
 240 0102 4CF23303 		movw	r3, #49203
ARM GAS  C:\Users\hanaj\AppData\Local\Temp\ccIJZKJd.s 			page 7


 241 0106 0593     		str	r3, [sp, #20]
 104:Core/Src/gpio.c ****                           |BIN2_Pin|BIN1_Pin;
 105:Core/Src/gpio.c ****   GPIO_InitStruct.Mode = GPIO_MODE_OUTPUT_PP;
 242              		.loc 1 105 3 is_stmt 1 view .LVU77
 243              		.loc 1 105 24 is_stmt 0 view .LVU78
 244 0108 0696     		str	r6, [sp, #24]
 106:Core/Src/gpio.c ****   GPIO_InitStruct.Pull = GPIO_NOPULL;
 245              		.loc 1 106 3 is_stmt 1 view .LVU79
 246              		.loc 1 106 24 is_stmt 0 view .LVU80
 247 010a 0794     		str	r4, [sp, #28]
 107:Core/Src/gpio.c ****   GPIO_InitStruct.Speed = GPIO_SPEED_FREQ_LOW;
 248              		.loc 1 107 3 is_stmt 1 view .LVU81
 249              		.loc 1 107 25 is_stmt 0 view .LVU82
 250 010c 0894     		str	r4, [sp, #32]
 108:Core/Src/gpio.c ****   HAL_GPIO_Init(GPIOB, &GPIO_InitStruct);
 251              		.loc 1 108 3 is_stmt 1 view .LVU83
 252 010e 05A9     		add	r1, sp, #20
 253 0110 4846     		mov	r0, r9
 254 0112 FFF7FEFF 		bl	HAL_GPIO_Init
 255              	.LVL8:
 109:Core/Src/gpio.c **** 
 110:Core/Src/gpio.c ****   /*Configure GPIO pins : PB2 PB10 PB11 PB12
 111:Core/Src/gpio.c ****                            PB13 */
 112:Core/Src/gpio.c ****   GPIO_InitStruct.Pin = GPIO_PIN_2|GPIO_PIN_10|GPIO_PIN_11|GPIO_PIN_12
 256              		.loc 1 112 3 view .LVU84
 257              		.loc 1 112 23 is_stmt 0 view .LVU85
 258 0116 43F60443 		movw	r3, #15364
 259 011a 0593     		str	r3, [sp, #20]
 113:Core/Src/gpio.c ****                           |GPIO_PIN_13;
 114:Core/Src/gpio.c ****   GPIO_InitStruct.Mode = GPIO_MODE_ANALOG;
 260              		.loc 1 114 3 is_stmt 1 view .LVU86
 261              		.loc 1 114 24 is_stmt 0 view .LVU87
 262 011c 0695     		str	r5, [sp, #24]
 115:Core/Src/gpio.c ****   GPIO_InitStruct.Pull = GPIO_NOPULL;
 263              		.loc 1 115 3 is_stmt 1 view .LVU88
 264              		.loc 1 115 24 is_stmt 0 view .LVU89
 265 011e 0794     		str	r4, [sp, #28]
 116:Core/Src/gpio.c ****   HAL_GPIO_Init(GPIOB, &GPIO_InitStruct);
 266              		.loc 1 116 3 is_stmt 1 view .LVU90
 267 0120 05A9     		add	r1, sp, #20
 268 0122 4846     		mov	r0, r9
 269 0124 FFF7FEFF 		bl	HAL_GPIO_Init
 270              	.LVL9:
 117:Core/Src/gpio.c **** 
 118:Core/Src/gpio.c ****   /*Configure GPIO pin : PA9 */
 119:Core/Src/gpio.c ****   GPIO_InitStruct.Pin = GPIO_PIN_9;
 271              		.loc 1 119 3 view .LVU91
 272              		.loc 1 119 23 is_stmt 0 view .LVU92
 273 0128 4FF40073 		mov	r3, #512
 274 012c 0593     		str	r3, [sp, #20]
 120:Core/Src/gpio.c ****   GPIO_InitStruct.Mode = GPIO_MODE_ANALOG;
 275              		.loc 1 120 3 is_stmt 1 view .LVU93
 276              		.loc 1 120 24 is_stmt 0 view .LVU94
 277 012e 0695     		str	r5, [sp, #24]
 121:Core/Src/gpio.c ****   GPIO_InitStruct.Pull = GPIO_NOPULL;
 278              		.loc 1 121 3 is_stmt 1 view .LVU95
 279              		.loc 1 121 24 is_stmt 0 view .LVU96
ARM GAS  C:\Users\hanaj\AppData\Local\Temp\ccIJZKJd.s 			page 8


 280 0130 0794     		str	r4, [sp, #28]
 122:Core/Src/gpio.c ****   HAL_GPIO_Init(GPIOA, &GPIO_InitStruct);
 281              		.loc 1 122 3 is_stmt 1 view .LVU97
 282 0132 05A9     		add	r1, sp, #20
 283 0134 4046     		mov	r0, r8
 284 0136 FFF7FEFF 		bl	HAL_GPIO_Init
 285              	.LVL10:
 123:Core/Src/gpio.c **** 
 124:Core/Src/gpio.c ****   /*Configure GPIO pin : PD2 */
 125:Core/Src/gpio.c ****   GPIO_InitStruct.Pin = GPIO_PIN_2;
 286              		.loc 1 125 3 view .LVU98
 287              		.loc 1 125 23 is_stmt 0 view .LVU99
 288 013a 0423     		movs	r3, #4
 289 013c 0593     		str	r3, [sp, #20]
 126:Core/Src/gpio.c ****   GPIO_InitStruct.Mode = GPIO_MODE_ANALOG;
 290              		.loc 1 126 3 is_stmt 1 view .LVU100
 291              		.loc 1 126 24 is_stmt 0 view .LVU101
 292 013e 0695     		str	r5, [sp, #24]
 127:Core/Src/gpio.c ****   GPIO_InitStruct.Pull = GPIO_NOPULL;
 293              		.loc 1 127 3 is_stmt 1 view .LVU102
 294              		.loc 1 127 24 is_stmt 0 view .LVU103
 295 0140 0794     		str	r4, [sp, #28]
 128:Core/Src/gpio.c ****   HAL_GPIO_Init(GPIOD, &GPIO_InitStruct);
 296              		.loc 1 128 3 is_stmt 1 view .LVU104
 297 0142 05A9     		add	r1, sp, #20
 298 0144 0548     		ldr	r0, .L3+12
 299 0146 FFF7FEFF 		bl	HAL_GPIO_Init
 300              	.LVL11:
 129:Core/Src/gpio.c **** 
 130:Core/Src/gpio.c **** }
 301              		.loc 1 130 1 is_stmt 0 view .LVU105
 302 014a 0BB0     		add	sp, sp, #44
 303              	.LCFI2:
 304              		.cfi_def_cfa_offset 28
 305              		@ sp needed
 306 014c BDE8F083 		pop	{r4, r5, r6, r7, r8, r9, pc}
 307              	.L4:
 308              		.align	2
 309              	.L3:
 310 0150 00380240 		.word	1073887232
 311 0154 00080240 		.word	1073874944
 312 0158 001C0240 		.word	1073880064
 313 015c 000C0240 		.word	1073875968
 314 0160 00000240 		.word	1073872896
 315 0164 00040240 		.word	1073873920
 316              		.cfi_endproc
 317              	.LFE239:
 319              		.text
 320              	.Letext0:
 321              		.file 2 "C:/Tools/arm-gnu-toolchain/arm-none-eabi/include/machine/_default_types.h"
 322              		.file 3 "C:/Tools/arm-gnu-toolchain/arm-none-eabi/include/sys/_stdint.h"
 323              		.file 4 "Drivers/CMSIS/Device/ST/STM32F4xx/Include/stm32f405xx.h"
 324              		.file 5 "Drivers/STM32F4xx_HAL_Driver/Inc/stm32f4xx_hal_gpio.h"
ARM GAS  C:\Users\hanaj\AppData\Local\Temp\ccIJZKJd.s 			page 9


DEFINED SYMBOLS
                            *ABS*:00000000 gpio.c
C:\Users\hanaj\AppData\Local\Temp\ccIJZKJd.s:21     .text.MX_GPIO_Init:00000000 $t
C:\Users\hanaj\AppData\Local\Temp\ccIJZKJd.s:27     .text.MX_GPIO_Init:00000000 MX_GPIO_Init
C:\Users\hanaj\AppData\Local\Temp\ccIJZKJd.s:310    .text.MX_GPIO_Init:00000150 $d

UNDEFINED SYMBOLS
HAL_GPIO_WritePin
HAL_GPIO_Init
