ARM GAS  C:\Users\hanaj\AppData\Local\Temp\ccYDEgpg.s 			page 1


   1              		.cpu cortex-m4
   2              		.arch armv7e-m
   3              		.fpu fpv4-sp-d16
   4              		.eabi_attribute 27, 1
   5              		.eabi_attribute 28, 1
   6              		.eabi_attribute 20, 1
   7              		.eabi_attribute 21, 1
   8              		.eabi_attribute 23, 3
   9              		.eabi_attribute 24, 1
  10              		.eabi_attribute 25, 1
  11              		.eabi_attribute 26, 1
  12              		.eabi_attribute 30, 1
  13              		.eabi_attribute 34, 1
  14              		.eabi_attribute 18, 4
  15              		.file	"GpioSTM32F4.cpp"
  16              		.text
  17              	.Ltext0:
  18              		.cfi_sections	.debug_frame
  19              		.file 1 "Core/HALinterface/Src/GpioSTM32F4.cpp"
  20              		.section	.text._ZN11GpioSTM32F4D2Ev,"axG",%progbits,_ZN11GpioSTM32F4D5Ev,comdat
  21              		.align	1
  22              		.weak	_ZN11GpioSTM32F4D2Ev
  23              		.syntax unified
  24              		.thumb
  25              		.thumb_func
  27              	_ZN11GpioSTM32F4D2Ev:
  28              		.fnstart
  29              	.LVL0:
  30              	.LFB255:
  31              		.file 2 "Core/HALinterface/Src/../Inc/GpioSTM32F4.hpp"
   1:Core/HALinterface/Src/../Inc/GpioSTM32F4.hpp **** #pragma once
   2:Core/HALinterface/Src/../Inc/GpioSTM32F4.hpp **** 
   3:Core/HALinterface/Src/../Inc/GpioSTM32F4.hpp **** #include "IGpio.hpp"
   4:Core/HALinterface/Src/../Inc/GpioSTM32F4.hpp **** #include "stm32f4xx_hal.h"
   5:Core/HALinterface/Src/../Inc/GpioSTM32F4.hpp **** 
   6:Core/HALinterface/Src/../Inc/GpioSTM32F4.hpp **** class GpioSTM32F4 : public IGpio {
  32              		.loc 2 6 7 view -0
  33              		.cfi_startproc
  34              		@ args = 0, pretend = 0, frame = 0
  35              		@ frame_needed = 0, uses_anonymous_args = 0
  36              		@ link register save eliminated.
  37              	.LBB18:
  38              		.loc 2 6 7 is_stmt 0 view .LVU1
  39 0000 024A     		ldr	r2, .L2
  40 0002 0260     		str	r2, [r0]
  41              	.LVL1:
  42              	.LBB19:
  43              	.LBI19:
  44              		.file 3 "Core/HALinterface/Src/../Inc/IGpio.hpp"
   1:Core/HALinterface/Src/../Inc/IGpio.hpp **** #pragma once
   2:Core/HALinterface/Src/../Inc/IGpio.hpp **** 
   3:Core/HALinterface/Src/../Inc/IGpio.hpp **** #include <cstdint>
   4:Core/HALinterface/Src/../Inc/IGpio.hpp **** // GPIO制御用インターフェース (LED, Buttonにも使える)
   5:Core/HALinterface/Src/../Inc/IGpio.hpp **** class IGpio {
   6:Core/HALinterface/Src/../Inc/IGpio.hpp **** public:
   7:Core/HALinterface/Src/../Inc/IGpio.hpp ****     virtual ~IGpio() = default;
  45              		.loc 3 7 13 is_stmt 1 view .LVU2
ARM GAS  C:\Users\hanaj\AppData\Local\Temp\ccYDEgpg.s 			page 2


  46              	.LBB20:
  47 0004 024A     		ldr	r2, .L2+4
  48 0006 0260     		str	r2, [r0]
  49              	.LVL2:
  50              		.loc 3 7 13 is_stmt 0 view .LVU3
  51              	.LBE20:
  52              	.LBE19:
  53              	.LBE18:
  54              		.loc 2 6 7 view .LVU4
  55 0008 7047     		bx	lr
  56              	.L3:
  57 000a 00BF     		.align	2
  58              	.L2:
  59 000c 08000000 		.word	_ZTV11GpioSTM32F4+8
  60 0010 08000000 		.word	_ZTV5IGpio+8
  61              		.cfi_endproc
  62              	.LFE255:
  63              		.cantunwind
  64              		.fnend
  66              		.weak	_ZN11GpioSTM32F4D1Ev
  67              		.thumb_set _ZN11GpioSTM32F4D1Ev,_ZN11GpioSTM32F4D2Ev
  68              		.section	.text._ZN11GpioSTM32F47setHighEv,"ax",%progbits
  69              		.align	1
  70              		.global	_ZN11GpioSTM32F47setHighEv
  71              		.syntax unified
  72              		.thumb
  73              		.thumb_func
  75              	_ZN11GpioSTM32F47setHighEv:
  76              		.fnstart
  77              	.LVL3:
  78              	.LFB251:
   1:Core/HALinterface/Src/GpioSTM32F4.cpp **** #include "../Inc/GpioSTM32F4.hpp"
   2:Core/HALinterface/Src/GpioSTM32F4.cpp **** #include "stm32f4xx_hal.h"
   3:Core/HALinterface/Src/GpioSTM32F4.cpp **** 
   4:Core/HALinterface/Src/GpioSTM32F4.cpp **** GpioSTM32F4::GpioSTM32F4(GPIO_TypeDef* port, uint16_t pin)
   5:Core/HALinterface/Src/GpioSTM32F4.cpp ****     : m_port(port), m_pin(pin)
   6:Core/HALinterface/Src/GpioSTM32F4.cpp **** {
   7:Core/HALinterface/Src/GpioSTM32F4.cpp ****     // GPIO初期化はCubeMXが行う想定
   8:Core/HALinterface/Src/GpioSTM32F4.cpp **** }
   9:Core/HALinterface/Src/GpioSTM32F4.cpp **** 
  10:Core/HALinterface/Src/GpioSTM32F4.cpp **** void GpioSTM32F4::setHigh() {
  79              		.loc 1 10 29 is_stmt 1 view -0
  80              		.cfi_startproc
  81              		@ args = 0, pretend = 0, frame = 0
  82              		@ frame_needed = 0, uses_anonymous_args = 0
  83              		.loc 1 10 29 is_stmt 0 view .LVU6
  84 0000 08B5     		push	{r3, lr}
  85              		.save {r3, lr}
  86              	.LCFI0:
  87              		.cfi_def_cfa_offset 8
  88              		.cfi_offset 3, -8
  89              		.cfi_offset 14, -4
  11:Core/HALinterface/Src/GpioSTM32F4.cpp ****     HAL_GPIO_WritePin(m_port, m_pin, GPIO_PIN_SET);
  90              		.loc 1 11 5 is_stmt 1 view .LVU7
  91              		.loc 1 11 22 is_stmt 0 view .LVU8
  92 0002 0122     		movs	r2, #1
  93 0004 0189     		ldrh	r1, [r0, #8]
ARM GAS  C:\Users\hanaj\AppData\Local\Temp\ccYDEgpg.s 			page 3


  94 0006 4068     		ldr	r0, [r0, #4]
  95              	.LVL4:
  96              		.loc 1 11 22 view .LVU9
  97 0008 FFF7FEFF 		bl	HAL_GPIO_WritePin
  98              	.LVL5:
  12:Core/HALinterface/Src/GpioSTM32F4.cpp **** }
  99              		.loc 1 12 1 view .LVU10
 100 000c 08BD     		pop	{r3, pc}
 101              		.cfi_endproc
 102              	.LFE251:
 103              		.fnend
 105              		.section	.text._ZN11GpioSTM32F46setLowEv,"ax",%progbits
 106              		.align	1
 107              		.global	_ZN11GpioSTM32F46setLowEv
 108              		.syntax unified
 109              		.thumb
 110              		.thumb_func
 112              	_ZN11GpioSTM32F46setLowEv:
 113              		.fnstart
 114              	.LVL6:
 115              	.LFB252:
  13:Core/HALinterface/Src/GpioSTM32F4.cpp **** 
  14:Core/HALinterface/Src/GpioSTM32F4.cpp **** void GpioSTM32F4::setLow() {
 116              		.loc 1 14 28 is_stmt 1 view -0
 117              		.cfi_startproc
 118              		@ args = 0, pretend = 0, frame = 0
 119              		@ frame_needed = 0, uses_anonymous_args = 0
 120              		.loc 1 14 28 is_stmt 0 view .LVU12
 121 0000 08B5     		push	{r3, lr}
 122              		.save {r3, lr}
 123              	.LCFI1:
 124              		.cfi_def_cfa_offset 8
 125              		.cfi_offset 3, -8
 126              		.cfi_offset 14, -4
  15:Core/HALinterface/Src/GpioSTM32F4.cpp ****     HAL_GPIO_WritePin(m_port, m_pin, GPIO_PIN_RESET);
 127              		.loc 1 15 5 is_stmt 1 view .LVU13
 128              		.loc 1 15 22 is_stmt 0 view .LVU14
 129 0002 0022     		movs	r2, #0
 130 0004 0189     		ldrh	r1, [r0, #8]
 131 0006 4068     		ldr	r0, [r0, #4]
 132              	.LVL7:
 133              		.loc 1 15 22 view .LVU15
 134 0008 FFF7FEFF 		bl	HAL_GPIO_WritePin
 135              	.LVL8:
  16:Core/HALinterface/Src/GpioSTM32F4.cpp **** }
 136              		.loc 1 16 1 view .LVU16
 137 000c 08BD     		pop	{r3, pc}
 138              		.cfi_endproc
 139              	.LFE252:
 140              		.fnend
 142              		.section	.text._ZN11GpioSTM32F44readEv,"ax",%progbits
 143              		.align	1
 144              		.global	_ZN11GpioSTM32F44readEv
 145              		.syntax unified
 146              		.thumb
 147              		.thumb_func
 149              	_ZN11GpioSTM32F44readEv:
ARM GAS  C:\Users\hanaj\AppData\Local\Temp\ccYDEgpg.s 			page 4


 150              		.fnstart
 151              	.LVL9:
 152              	.LFB253:
  17:Core/HALinterface/Src/GpioSTM32F4.cpp **** 
  18:Core/HALinterface/Src/GpioSTM32F4.cpp **** bool GpioSTM32F4::read() {
 153              		.loc 1 18 26 is_stmt 1 view -0
 154              		.cfi_startproc
 155              		@ args = 0, pretend = 0, frame = 0
 156              		@ frame_needed = 0, uses_anonymous_args = 0
 157              		.loc 1 18 26 is_stmt 0 view .LVU18
 158 0000 08B5     		push	{r3, lr}
 159              		.save {r3, lr}
 160              	.LCFI2:
 161              		.cfi_def_cfa_offset 8
 162              		.cfi_offset 3, -8
 163              		.cfi_offset 14, -4
  19:Core/HALinterface/Src/GpioSTM32F4.cpp ****     GPIO_PinState state = HAL_GPIO_ReadPin(m_port, m_pin);
 164              		.loc 1 19 5 is_stmt 1 view .LVU19
 165              		.loc 1 19 43 is_stmt 0 view .LVU20
 166 0002 0189     		ldrh	r1, [r0, #8]
 167 0004 4068     		ldr	r0, [r0, #4]
 168              	.LVL10:
 169              		.loc 1 19 43 view .LVU21
 170 0006 FFF7FEFF 		bl	HAL_GPIO_ReadPin
 171              	.LVL11:
  20:Core/HALinterface/Src/GpioSTM32F4.cpp ****     return (state == GPIO_PIN_SET);
 172              		.loc 1 20 5 is_stmt 1 view .LVU22
  21:Core/HALinterface/Src/GpioSTM32F4.cpp **** }
 173              		.loc 1 21 1 is_stmt 0 view .LVU23
 174 000a 0128     		cmp	r0, #1
 175 000c 14BF     		ite	ne
 176 000e 0020     		movne	r0, #0
 177              	.LVL12:
 178              		.loc 1 21 1 view .LVU24
 179 0010 0120     		moveq	r0, #1
 180 0012 08BD     		pop	{r3, pc}
 181              		.cfi_endproc
 182              	.LFE253:
 183              		.fnend
 185              		.section	.text._ZN11GpioSTM32F4D0Ev,"axG",%progbits,_ZN11GpioSTM32F4D5Ev,comdat
 186              		.align	1
 187              		.weak	_ZN11GpioSTM32F4D0Ev
 188              		.syntax unified
 189              		.thumb
 190              		.thumb_func
 192              	_ZN11GpioSTM32F4D0Ev:
 193              		.fnstart
 194              	.LVL13:
 195              	.LFB257:
 196              		.loc 2 6 7 is_stmt 1 view -0
 197              		.cfi_startproc
 198              		@ args = 0, pretend = 0, frame = 0
 199              		@ frame_needed = 0, uses_anonymous_args = 0
 200              		.loc 2 6 7 is_stmt 0 view .LVU26
 201 0000 10B5     		push	{r4, lr}
 202              	.LCFI3:
 203              		.cfi_def_cfa_offset 8
ARM GAS  C:\Users\hanaj\AppData\Local\Temp\ccYDEgpg.s 			page 5


 204              		.cfi_offset 4, -8
 205              		.cfi_offset 14, -4
 206 0002 0446     		mov	r4, r0
 207              	.LVL14:
 208              	.LBB21:
 209              	.LBI21:
 210              		.loc 2 6 7 is_stmt 1 view .LVU27
 211              	.LBB22:
 212 0004 044B     		ldr	r3, .L12
 213 0006 0360     		str	r3, [r0]
 214              	.LVL15:
 215              	.LBB23:
 216              	.LBI23:
 217              		.loc 3 7 13 view .LVU28
 218              	.LBB24:
 219 0008 044B     		ldr	r3, .L12+4
 220 000a 0360     		str	r3, [r0]
 221              	.LVL16:
 222              		.loc 3 7 13 is_stmt 0 view .LVU29
 223              	.LBE24:
 224              	.LBE23:
 225              	.LBE22:
 226              	.LBE21:
 227              		.loc 2 6 7 discriminator 1 view .LVU30
 228 000c 0C21     		movs	r1, #12
 229 000e FFF7FEFF 		bl	_ZdlPvj
 230              	.LVL17:
 231              		.loc 2 6 7 view .LVU31
 232 0012 2046     		mov	r0, r4
 233 0014 10BD     		pop	{r4, pc}
 234              	.LVL18:
 235              	.L13:
 236              		.loc 2 6 7 view .LVU32
 237 0016 00BF     		.align	2
 238              	.L12:
 239 0018 08000000 		.word	_ZTV11GpioSTM32F4+8
 240 001c 08000000 		.word	_ZTV5IGpio+8
 241              		.cfi_endproc
 242              	.LFE257:
 243              		.cantunwind
 244              		.fnend
 246              		.section	.text._ZN11GpioSTM32F4C2EP12GPIO_TypeDeft,"ax",%progbits
 247              		.align	1
 248              		.global	_ZN11GpioSTM32F4C2EP12GPIO_TypeDeft
 249              		.syntax unified
 250              		.thumb
 251              		.thumb_func
 253              	_ZN11GpioSTM32F4C2EP12GPIO_TypeDeft:
 254              		.fnstart
 255              	.LVL19:
 256              	.LFB249:
   4:Core/HALinterface/Src/GpioSTM32F4.cpp ****     : m_port(port), m_pin(pin)
 257              		.loc 1 4 1 is_stmt 1 view -0
 258              		.cfi_startproc
 259              		@ args = 0, pretend = 0, frame = 0
 260              		@ frame_needed = 0, uses_anonymous_args = 0
 261              		@ link register save eliminated.
ARM GAS  C:\Users\hanaj\AppData\Local\Temp\ccYDEgpg.s 			page 6


   4:Core/HALinterface/Src/GpioSTM32F4.cpp ****     : m_port(port), m_pin(pin)
 262              		.loc 1 4 1 is_stmt 0 view .LVU34
 263 0000 10B4     		push	{r4}
 264              	.LCFI4:
 265              		.cfi_def_cfa_offset 4
 266              		.cfi_offset 4, -4
 267              	.LVL20:
 268              	.LBB25:
 269              	.LBB26:
 270              	.LBI26:
   5:Core/HALinterface/Src/../Inc/IGpio.hpp **** public:
 271              		.loc 3 5 7 is_stmt 1 view .LVU35
 272              	.LBB27:
 273 0002 044C     		ldr	r4, .L16
 274 0004 0460     		str	r4, [r0]
 275              	.LVL21:
   5:Core/HALinterface/Src/../Inc/IGpio.hpp **** public:
 276              		.loc 3 5 7 is_stmt 0 view .LVU36
 277              	.LBE27:
 278              	.LBE26:
   5:Core/HALinterface/Src/GpioSTM32F4.cpp **** {
 279              		.loc 1 5 30 discriminator 1 view .LVU37
 280 0006 044C     		ldr	r4, .L16+4
 281 0008 0460     		str	r4, [r0]
   5:Core/HALinterface/Src/GpioSTM32F4.cpp **** {
 282              		.loc 1 5 7 discriminator 1 view .LVU38
 283 000a 4160     		str	r1, [r0, #4]
   5:Core/HALinterface/Src/GpioSTM32F4.cpp **** {
 284              		.loc 1 5 21 discriminator 1 view .LVU39
 285 000c 0281     		strh	r2, [r0, #8]	@ movhi
 286              	.LBE25:
   8:Core/HALinterface/Src/GpioSTM32F4.cpp **** 
 287              		.loc 1 8 1 view .LVU40
 288 000e 5DF8044B 		ldr	r4, [sp], #4
 289              	.LCFI5:
 290              		.cfi_restore 4
 291              		.cfi_def_cfa_offset 0
 292 0012 7047     		bx	lr
 293              	.L17:
 294              		.align	2
 295              	.L16:
 296 0014 08000000 		.word	_ZTV5IGpio+8
 297 0018 08000000 		.word	_ZTV11GpioSTM32F4+8
 298              		.cfi_endproc
 299              	.LFE249:
 300              		.cantunwind
 301              		.fnend
 303              		.global	_ZN11GpioSTM32F4C1EP12GPIO_TypeDeft
 304              		.thumb_set _ZN11GpioSTM32F4C1EP12GPIO_TypeDeft,_ZN11GpioSTM32F4C2EP12GPIO_TypeDeft
 305              		.weak	_ZTS5IGpio
 306              		.section	.rodata._ZTS5IGpio,"aG",%progbits,_ZTS5IGpio,comdat
 307              		.align	2
 310              	_ZTS5IGpio:
 311 0000 35494770 		.ascii	"5IGpio\000"
 311      696F00
 312              		.weak	_ZTI5IGpio
 313              		.section	.rodata._ZTI5IGpio,"aG",%progbits,_ZTI5IGpio,comdat
ARM GAS  C:\Users\hanaj\AppData\Local\Temp\ccYDEgpg.s 			page 7


 314              		.align	2
 317              	_ZTI5IGpio:
 318 0000 08000000 		.word	_ZTVN10__cxxabiv117__class_type_infoE+8
 319 0004 00000000 		.word	_ZTS5IGpio
 320              		.global	_ZTS11GpioSTM32F4
 321              		.section	.rodata._ZTS11GpioSTM32F4,"a"
 322              		.align	2
 325              	_ZTS11GpioSTM32F4:
 326 0000 31314770 		.ascii	"11GpioSTM32F4\000"
 326      696F5354 
 326      4D333246 
 326      3400
 327              		.global	_ZTI11GpioSTM32F4
 328              		.section	.rodata._ZTI11GpioSTM32F4,"a"
 329              		.align	2
 332              	_ZTI11GpioSTM32F4:
 333 0000 08000000 		.word	_ZTVN10__cxxabiv120__si_class_type_infoE+8
 334 0004 00000000 		.word	_ZTS11GpioSTM32F4
 335 0008 00000000 		.word	_ZTI5IGpio
 336              		.weak	_ZTV5IGpio
 337              		.section	.rodata._ZTV5IGpio,"aG",%progbits,_ZTV5IGpio,comdat
 338              		.align	2
 341              	_ZTV5IGpio:
 342 0000 00000000 		.word	0
 343 0004 00000000 		.word	_ZTI5IGpio
 344 0008 00000000 		.word	0
 345 000c 00000000 		.word	0
 346 0010 00000000 		.word	__cxa_pure_virtual
 347 0014 00000000 		.word	__cxa_pure_virtual
 348 0018 00000000 		.word	__cxa_pure_virtual
 349              		.global	_ZTV11GpioSTM32F4
 350              		.section	.rodata._ZTV11GpioSTM32F4,"a"
 351              		.align	2
 354              	_ZTV11GpioSTM32F4:
 355 0000 00000000 		.word	0
 356 0004 00000000 		.word	_ZTI11GpioSTM32F4
 357 0008 00000000 		.word	_ZN11GpioSTM32F4D1Ev
 358 000c 00000000 		.word	_ZN11GpioSTM32F4D0Ev
 359 0010 00000000 		.word	_ZN11GpioSTM32F47setHighEv
 360 0014 00000000 		.word	_ZN11GpioSTM32F46setLowEv
 361 0018 00000000 		.word	_ZN11GpioSTM32F44readEv
 362              		.weak	__cxa_pure_virtual
 363              		.text
 364              	.Letext0:
 365              		.file 4 "C:/Tools/arm-gnu-toolchain/arm-none-eabi/include/c++/13.2.1/cstdint"
 366              		.file 5 "C:/Tools/arm-gnu-toolchain/arm-none-eabi/include/c++/13.2.1/arm-none-eabi/thumb/v7e-m+fp/
 367              		.file 6 "C:/Tools/arm-gnu-toolchain/arm-none-eabi/include/machine/_default_types.h"
 368              		.file 7 "C:/Tools/arm-gnu-toolchain/arm-none-eabi/include/sys/_stdint.h"
 369              		.file 8 "C:/Tools/arm-gnu-toolchain/arm-none-eabi/include/stdint.h"
 370              		.file 9 "Drivers/CMSIS/Device/ST/STM32F4xx/Include/stm32f405xx.h"
 371              		.file 10 "Drivers/CMSIS/Device/ST/STM32F4xx/Include/stm32f4xx.h"
 372              		.file 11 "Drivers/STM32F4xx_HAL_Driver/Inc/stm32f4xx_hal_gpio.h"
 373              		.file 12 "Drivers/STM32F4xx_HAL_Driver/Inc/stm32f4xx_hal.h"
ARM GAS  C:\Users\hanaj\AppData\Local\Temp\ccYDEgpg.s 			page 8


DEFINED SYMBOLS
                            *ABS*:00000000 GpioSTM32F4.cpp
C:\Users\hanaj\AppData\Local\Temp\ccYDEgpg.s:21     .text._ZN11GpioSTM32F4D2Ev:00000000 $t
C:\Users\hanaj\AppData\Local\Temp\ccYDEgpg.s:27     .text._ZN11GpioSTM32F4D2Ev:00000000 _ZN11GpioSTM32F4D2Ev
C:\Users\hanaj\AppData\Local\Temp\ccYDEgpg.s:59     .text._ZN11GpioSTM32F4D2Ev:0000000c $d
C:\Users\hanaj\AppData\Local\Temp\ccYDEgpg.s:354    .rodata._ZTV11GpioSTM32F4:00000000 _ZTV11GpioSTM32F4
C:\Users\hanaj\AppData\Local\Temp\ccYDEgpg.s:341    .rodata._ZTV5IGpio:00000000 _ZTV5IGpio
.ARM.exidx.text._ZN11GpioSTM32F4D2Ev:00000000 $d
C:\Users\hanaj\AppData\Local\Temp\ccYDEgpg.s:27     .text._ZN11GpioSTM32F4D2Ev:00000000 _ZN11GpioSTM32F4D1Ev
C:\Users\hanaj\AppData\Local\Temp\ccYDEgpg.s:69     .text._ZN11GpioSTM32F47setHighEv:00000000 $t
C:\Users\hanaj\AppData\Local\Temp\ccYDEgpg.s:75     .text._ZN11GpioSTM32F47setHighEv:00000000 _ZN11GpioSTM32F47setHighEv
.ARM.extab.text._ZN11GpioSTM32F47setHighEv:00000000 $d
.ARM.exidx.text._ZN11GpioSTM32F47setHighEv:00000000 $d
C:\Users\hanaj\AppData\Local\Temp\ccYDEgpg.s:106    .text._ZN11GpioSTM32F46setLowEv:00000000 $t
C:\Users\hanaj\AppData\Local\Temp\ccYDEgpg.s:112    .text._ZN11GpioSTM32F46setLowEv:00000000 _ZN11GpioSTM32F46setLowEv
.ARM.extab.text._ZN11GpioSTM32F46setLowEv:00000000 $d
.ARM.exidx.text._ZN11GpioSTM32F46setLowEv:00000000 $d
C:\Users\hanaj\AppData\Local\Temp\ccYDEgpg.s:143    .text._ZN11GpioSTM32F44readEv:00000000 $t
C:\Users\hanaj\AppData\Local\Temp\ccYDEgpg.s:149    .text._ZN11GpioSTM32F44readEv:00000000 _ZN11GpioSTM32F44readEv
.ARM.extab.text._ZN11GpioSTM32F44readEv:00000000 $d
.ARM.exidx.text._ZN11GpioSTM32F44readEv:00000000 $d
C:\Users\hanaj\AppData\Local\Temp\ccYDEgpg.s:186    .text._ZN11GpioSTM32F4D0Ev:00000000 $t
C:\Users\hanaj\AppData\Local\Temp\ccYDEgpg.s:192    .text._ZN11GpioSTM32F4D0Ev:00000000 _ZN11GpioSTM32F4D0Ev
C:\Users\hanaj\AppData\Local\Temp\ccYDEgpg.s:239    .text._ZN11GpioSTM32F4D0Ev:00000018 $d
.ARM.exidx.text._ZN11GpioSTM32F4D0Ev:00000000 $d
C:\Users\hanaj\AppData\Local\Temp\ccYDEgpg.s:247    .text._ZN11GpioSTM32F4C2EP12GPIO_TypeDeft:00000000 $t
C:\Users\hanaj\AppData\Local\Temp\ccYDEgpg.s:253    .text._ZN11GpioSTM32F4C2EP12GPIO_TypeDeft:00000000 _ZN11GpioSTM32F4C2EP12GPIO_TypeDeft
C:\Users\hanaj\AppData\Local\Temp\ccYDEgpg.s:296    .text._ZN11GpioSTM32F4C2EP12GPIO_TypeDeft:00000014 $d
.ARM.exidx.text._ZN11GpioSTM32F4C2EP12GPIO_TypeDeft:00000000 $d
C:\Users\hanaj\AppData\Local\Temp\ccYDEgpg.s:253    .text._ZN11GpioSTM32F4C2EP12GPIO_TypeDeft:00000000 _ZN11GpioSTM32F4C1EP12GPIO_TypeDeft
C:\Users\hanaj\AppData\Local\Temp\ccYDEgpg.s:310    .rodata._ZTS5IGpio:00000000 _ZTS5IGpio
C:\Users\hanaj\AppData\Local\Temp\ccYDEgpg.s:307    .rodata._ZTS5IGpio:00000000 $d
C:\Users\hanaj\AppData\Local\Temp\ccYDEgpg.s:317    .rodata._ZTI5IGpio:00000000 _ZTI5IGpio
C:\Users\hanaj\AppData\Local\Temp\ccYDEgpg.s:314    .rodata._ZTI5IGpio:00000000 $d
C:\Users\hanaj\AppData\Local\Temp\ccYDEgpg.s:325    .rodata._ZTS11GpioSTM32F4:00000000 _ZTS11GpioSTM32F4
C:\Users\hanaj\AppData\Local\Temp\ccYDEgpg.s:322    .rodata._ZTS11GpioSTM32F4:00000000 $d
C:\Users\hanaj\AppData\Local\Temp\ccYDEgpg.s:332    .rodata._ZTI11GpioSTM32F4:00000000 _ZTI11GpioSTM32F4
C:\Users\hanaj\AppData\Local\Temp\ccYDEgpg.s:329    .rodata._ZTI11GpioSTM32F4:00000000 $d
C:\Users\hanaj\AppData\Local\Temp\ccYDEgpg.s:338    .rodata._ZTV5IGpio:00000000 $d
C:\Users\hanaj\AppData\Local\Temp\ccYDEgpg.s:351    .rodata._ZTV11GpioSTM32F4:00000000 $d
                           .group:00000000 _ZN11GpioSTM32F4D5Ev

UNDEFINED SYMBOLS
HAL_GPIO_WritePin
__aeabi_unwind_cpp_pr1
HAL_GPIO_ReadPin
_ZdlPvj
_ZTVN10__cxxabiv117__class_type_infoE
_ZTVN10__cxxabiv120__si_class_type_infoE
__cxa_pure_virtual
