ARM GAS  C:\Users\hanaj\AppData\Local\Temp\ccNxvVEc.s 			page 1


   1              		.cpu cortex-m4
   2              		.arch armv7e-m
   3              		.fpu fpv4-sp-d16
   4              		.eabi_attribute 27, 1
   5              		.eabi_attribute 28, 1
   6              		.eabi_attribute 20, 1
   7              		.eabi_attribute 21, 1
   8              		.eabi_attribute 23, 3
   9              		.eabi_attribute 24, 1
  10              		.eabi_attribute 25, 1
  11              		.eabi_attribute 26, 1
  12              		.eabi_attribute 30, 1
  13              		.eabi_attribute 34, 1
  14              		.eabi_attribute 18, 4
  15              		.file	"Interrupt.cpp"
  16              		.text
  17              	.Ltext0:
  18              		.cfi_sections	.debug_frame
  19              		.file 1 "Core/RobotController/Src/Interrupt.cpp"
  20              		.section	.text.HAL_TIM_PeriodElapsedCallback,"ax",%progbits
  21              		.align	1
  22              		.global	HAL_TIM_PeriodElapsedCallback
  23              		.syntax unified
  24              		.thumb
  25              		.thumb_func
  27              	HAL_TIM_PeriodElapsedCallback:
  28              		.fnstart
  29              	.LVL0:
  30              	.LFB1516:
   1:Core/RobotController/Src/Interrupt.cpp **** #include "stm32f4xx_hal.h"
   2:Core/RobotController/Src/Interrupt.cpp **** #include "../Inc/Path.hpp"
   3:Core/RobotController/Src/Interrupt.cpp **** #include "../Inc/DynamicsController.hpp"
   4:Core/RobotController/Src/Interrupt.cpp **** #include "../Inc/RobotController.hpp"
   5:Core/RobotController/Src/Interrupt.cpp **** 
   6:Core/RobotController/Src/Interrupt.cpp **** extern RobotController* robotController; // 別ファイルで宣言したポインタ
   7:Core/RobotController/Src/Interrupt.cpp **** 
   8:Core/RobotController/Src/Interrupt.cpp **** extern "C" void HAL_TIM_PeriodElapsedCallback(TIM_HandleTypeDef *htim)
   9:Core/RobotController/Src/Interrupt.cpp **** {
  31              		.loc 1 9 1 view -0
  32              		.cfi_startproc
  33              		@ args = 0, pretend = 0, frame = 0
  34              		@ frame_needed = 0, uses_anonymous_args = 0
  35              		.loc 1 9 1 is_stmt 0 view .LVU1
  36 0000 08B5     		push	{r3, lr}
  37              		.save {r3, lr}
  38              	.LCFI0:
  39              		.cfi_def_cfa_offset 8
  40              		.cfi_offset 3, -8
  41              		.cfi_offset 14, -4
  10:Core/RobotController/Src/Interrupt.cpp ****     if (htim->Instance == TIM5) {
  42              		.loc 1 10 5 is_stmt 1 view .LVU2
  43              		.loc 1 10 15 is_stmt 0 view .LVU3
  44 0002 0268     		ldr	r2, [r0]
  45              		.loc 1 10 5 view .LVU4
  46 0004 044B     		ldr	r3, .L5
  47 0006 9A42     		cmp	r2, r3
  48 0008 00D0     		beq	.L4
ARM GAS  C:\Users\hanaj\AppData\Local\Temp\ccNxvVEc.s 			page 2


  49              	.LVL1:
  50              	.L1:
  11:Core/RobotController/Src/Interrupt.cpp ****         robotController->update(); // ロボット制御の更新
  12:Core/RobotController/Src/Interrupt.cpp ****     }
  13:Core/RobotController/Src/Interrupt.cpp **** }...
  51              		.loc 1 13 1 view .LVU5
  52 000a 08BD     		pop	{r3, pc}
  53              	.LVL2:
  54              	.L4:
  11:Core/RobotController/Src/Interrupt.cpp ****         robotController->update(); // ロボット制御の更新
  55              		.loc 1 11 9 is_stmt 1 view .LVU6
  11:Core/RobotController/Src/Interrupt.cpp ****         robotController->update(); // ロボット制御の更新
  56              		.loc 1 11 32 is_stmt 0 view .LVU7
  57 000c 034B     		ldr	r3, .L5+4
  58 000e 1868     		ldr	r0, [r3]
  59              	.LVL3:
  11:Core/RobotController/Src/Interrupt.cpp ****         robotController->update(); // ロボット制御の更新
  60              		.loc 1 11 32 view .LVU8
  61 0010 FFF7FEFF 		bl	_ZN15RobotController6updateEv
  62              	.LVL4:
  63              		.loc 1 13 1 view .LVU9
  64 0014 F9E7     		b	.L1
  65              	.L6:
  66 0016 00BF     		.align	2
  67              	.L5:
  68 0018 000C0040 		.word	1073744896
  69 001c 00000000 		.word	robotController
  70              		.cfi_endproc
  71              	.LFE1516:
  72              		.fnend
  74              		.text
  75              	.Letext0:
  76              		.file 2 "C:/Tools/arm-gnu-toolchain/arm-none-eabi/include/machine/_default_types.h"
  77              		.file 3 "C:/Tools/arm-gnu-toolchain/arm-none-eabi/include/sys/_stdint.h"
  78              		.file 4 "C:/Tools/arm-gnu-toolchain/arm-none-eabi/include/stdint.h"
  79              		.file 5 "Drivers/CMSIS/Device/ST/STM32F4xx/Include/stm32f405xx.h"
  80              		.file 6 "Drivers/CMSIS/Device/ST/STM32F4xx/Include/stm32f4xx.h"
  81              		.file 7 "C:/Tools/arm-gnu-toolchain/lib/gcc/arm-none-eabi/13.2.1/include/stddef.h"
  82              		.file 8 "Drivers/STM32F4xx_HAL_Driver/Inc/stm32f4xx_hal_def.h"
  83              		.file 9 "Drivers/STM32F4xx_HAL_Driver/Inc/stm32f4xx_hal_dma.h"
  84              		.file 10 "Drivers/STM32F4xx_HAL_Driver/Inc/stm32f4xx_hal_adc.h"
  85              		.file 11 "Drivers/STM32F4xx_HAL_Driver/Inc/stm32f4xx_hal_tim.h"
  86              		.file 12 "C:/Tools/arm-gnu-toolchain/arm-none-eabi/include/c++/13.2.1/type_traits"
  87              		.file 13 "C:/Tools/arm-gnu-toolchain/arm-none-eabi/include/c++/13.2.1/arm-none-eabi/thumb/v7e-m+fp
  88              		.file 14 "C:/Tools/arm-gnu-toolchain/arm-none-eabi/include/c++/13.2.1/debug/debug.h"
  89              		.file 15 "C:/Tools/arm-gnu-toolchain/arm-none-eabi/include/c++/13.2.1/cstddef"
  90              		.file 16 "C:/Tools/arm-gnu-toolchain/arm-none-eabi/include/c++/13.2.1/cstdint"
  91              		.file 17 "C:/Tools/arm-gnu-toolchain/arm-none-eabi/include/c++/13.2.1/bits/new_allocator.h"
  92              		.file 18 "C:/Tools/arm-gnu-toolchain/arm-none-eabi/include/c++/13.2.1/bits/allocator.h"
  93              		.file 19 "C:/Tools/arm-gnu-toolchain/arm-none-eabi/include/c++/13.2.1/bits/alloc_traits.h"
  94              		.file 20 "C:/Tools/arm-gnu-toolchain/arm-none-eabi/include/c++/13.2.1/bits/stl_vector.h"
  95              		.file 21 "C:/Tools/arm-gnu-toolchain/arm-none-eabi/include/c++/13.2.1/bits/vector.tcc"
  96              		.file 22 "C:/Tools/arm-gnu-toolchain/arm-none-eabi/include/c++/13.2.1/bits/stl_iterator_base_types
  97              		.file 23 "C:/Tools/arm-gnu-toolchain/arm-none-eabi/include/c++/13.2.1/bits/predefined_ops.h"
  98              		.file 24 "C:/Tools/arm-gnu-toolchain/arm-none-eabi/include/c++/13.2.1/ext/alloc_traits.h"
  99              		.file 25 "C:/Tools/arm-gnu-toolchain/arm-none-eabi/include/c++/13.2.1/bits/stl_iterator.h"
 100              		.file 26 "Core/RobotController/Src/../Inc/Path.hpp"
ARM GAS  C:\Users\hanaj\AppData\Local\Temp\ccNxvVEc.s 			page 3


 101              		.file 27 "C:/MicroMouse_ws/Ambitions_v2.3/Core/Driver/Inc/EncoderDriver.hpp"
 102              		.file 28 "C:/MicroMouse_ws/Ambitions_v2.3/Core/Driver/Inc/ImuDriver.hpp"
 103              		.file 29 "Core/RobotController/Src/../Inc/DynamicsController.hpp"
 104              		.file 30 "C:/MicroMouse_ws/Ambitions_v2.3/Core/Driver/Inc/Button.hpp"
 105              		.file 31 "C:/MicroMouse_ws/Ambitions_v2.3/Core/Driver/Inc/LEDController.hpp"
 106              		.file 32 "C:/MicroMouse_ws/Ambitions_v2.3/Core/Driver/Inc/PhotoSensor.hpp"
 107              		.file 33 "C:/MicroMouse_ws/Ambitions_v2.3/Core/HALinterface/Inc/PwmSTM32F4.hpp"
 108              		.file 34 "C:/MicroMouse_ws/Ambitions_v2.3/Core/Driver/Inc/MotorDriver.hpp"
 109              		.file 35 "Core/RobotController/Src/../Inc/Maze.hpp"
 110              		.file 36 "Core/RobotController/Src/../Inc/RobotController.hpp"
 111              		.file 37 "C:/Tools/arm-gnu-toolchain/arm-none-eabi/include/c++/13.2.1/bits/memory_resource.h"
ARM GAS  C:\Users\hanaj\AppData\Local\Temp\ccNxvVEc.s 			page 4


DEFINED SYMBOLS
                            *ABS*:00000000 Interrupt.cpp
C:\Users\hanaj\AppData\Local\Temp\ccNxvVEc.s:21     .text.HAL_TIM_PeriodElapsedCallback:00000000 $t
C:\Users\hanaj\AppData\Local\Temp\ccNxvVEc.s:27     .text.HAL_TIM_PeriodElapsedCallback:00000000 HAL_TIM_PeriodElapsedCallback
C:\Users\hanaj\AppData\Local\Temp\ccNxvVEc.s:68     .text.HAL_TIM_PeriodElapsedCallback:00000018 $d
.ARM.extab.text.HAL_TIM_PeriodElapsedCallback:00000000 $d
.ARM.exidx.text.HAL_TIM_PeriodElapsedCallback:00000000 $d

UNDEFINED SYMBOLS
_ZN15RobotController6updateEv
robotController
__aeabi_unwind_cpp_pr1
