ARM GAS  C:\Users\hanaj\AppData\Local\Temp\ccWGCBgZ.s 			page 1


   1              		.cpu cortex-m4
   2              		.arch armv7e-m
   3              		.fpu fpv4-sp-d16
   4              		.eabi_attribute 27, 1
   5              		.eabi_attribute 28, 1
   6              		.eabi_attribute 20, 1
   7              		.eabi_attribute 21, 1
   8              		.eabi_attribute 23, 3
   9              		.eabi_attribute 24, 1
  10              		.eabi_attribute 25, 1
  11              		.eabi_attribute 26, 1
  12              		.eabi_attribute 30, 1
  13              		.eabi_attribute 34, 1
  14              		.eabi_attribute 18, 4
  15              		.file	"SPISTM32F4.cpp"
  16              		.text
  17              	.Ltext0:
  18              		.cfi_sections	.debug_frame
  19              		.file 1 "Core/HALinterface/Src/SPISTM32F4.cpp"
  20              		.section	.text._ZN10SPISTM32F4D2Ev,"axG",%progbits,_ZN10SPISTM32F4D5Ev,comdat
  21              		.align	1
  22              		.weak	_ZN10SPISTM32F4D2Ev
  23              		.syntax unified
  24              		.thumb
  25              		.thumb_func
  27              	_ZN10SPISTM32F4D2Ev:
  28              		.fnstart
  29              	.LVL0:
  30              	.LFB253:
  31              		.file 2 "Core/HALinterface/Src/../Inc/SPISTM32F4.hpp"
   1:Core/HALinterface/Src/../Inc/SPISTM32F4.hpp **** #pragma once
   2:Core/HALinterface/Src/../Inc/SPISTM32F4.hpp **** 
   3:Core/HALinterface/Src/../Inc/SPISTM32F4.hpp **** #include "ISpi.hpp"
   4:Core/HALinterface/Src/../Inc/SPISTM32F4.hpp **** #include "stm32f4xx_hal.h"
   5:Core/HALinterface/Src/../Inc/SPISTM32F4.hpp **** 
   6:Core/HALinterface/Src/../Inc/SPISTM32F4.hpp **** /**
   7:Core/HALinterface/Src/../Inc/SPISTM32F4.hpp ****  * @brief STM32F4 HALを使ってSPI通信を行うクラス
   8:Core/HALinterface/Src/../Inc/SPISTM32F4.hpp ****  *        ISpiインターフェースを実装する
   9:Core/HALinterface/Src/../Inc/SPISTM32F4.hpp ****  */
  10:Core/HALinterface/Src/../Inc/SPISTM32F4.hpp **** class SPISTM32F4 : public ISpi {
  11:Core/HALinterface/Src/../Inc/SPISTM32F4.hpp **** public:
  12:Core/HALinterface/Src/../Inc/SPISTM32F4.hpp ****     /**
  13:Core/HALinterface/Src/../Inc/SPISTM32F4.hpp ****      * @param hspi   CubeMX等で生成された SPI_HandleTypeDef (例: &hspi3)
  14:Core/HALinterface/Src/../Inc/SPISTM32F4.hpp ****      * @param csPort GPIOポート (例: GPIOA)
  15:Core/HALinterface/Src/../Inc/SPISTM32F4.hpp ****      * @param csPin  GPIOピン   (例: GPIO_PIN_4)
  16:Core/HALinterface/Src/../Inc/SPISTM32F4.hpp ****      */
  17:Core/HALinterface/Src/../Inc/SPISTM32F4.hpp ****     SPISTM32F4(SPI_HandleTypeDef* hspi, GPIO_TypeDef* csPort, uint16_t csPin);
  18:Core/HALinterface/Src/../Inc/SPISTM32F4.hpp ****     virtual ~SPISTM32F4() = default;
  32              		.loc 2 18 13 view -0
  33              		.cfi_startproc
  34              		@ args = 0, pretend = 0, frame = 0
  35              		@ frame_needed = 0, uses_anonymous_args = 0
  36              		@ link register save eliminated.
  37              	.LBB18:
  38              		.loc 2 18 13 is_stmt 0 view .LVU1
  39 0000 024A     		ldr	r2, .L2
  40 0002 0260     		str	r2, [r0]
ARM GAS  C:\Users\hanaj\AppData\Local\Temp\ccWGCBgZ.s 			page 2


  41              	.LVL1:
  42              	.LBB19:
  43              	.LBI19:
  44              		.file 3 "Core/HALinterface/Src/../Inc/ISpi.hpp"
   1:Core/HALinterface/Src/../Inc/ISpi.hpp **** #pragma once
   2:Core/HALinterface/Src/../Inc/ISpi.hpp **** #include <stdint.h>
   3:Core/HALinterface/Src/../Inc/ISpi.hpp **** 
   4:Core/HALinterface/Src/../Inc/ISpi.hpp **** /**
   5:Core/HALinterface/Src/../Inc/ISpi.hpp ****  * @brief SPI通信の抽象インターフェース
   6:Core/HALinterface/Src/../Inc/ISpi.hpp ****  *
   7:Core/HALinterface/Src/../Inc/ISpi.hpp ****  * どのMCU実装でも差し替えられるように定義。
   8:Core/HALinterface/Src/../Inc/ISpi.hpp ****  */
   9:Core/HALinterface/Src/../Inc/ISpi.hpp **** class ISpi {
  10:Core/HALinterface/Src/../Inc/ISpi.hpp **** public:
  11:Core/HALinterface/Src/../Inc/ISpi.hpp ****     virtual ~ISpi() = default;
  45              		.loc 3 11 13 is_stmt 1 view .LVU2
  46              	.LBB20:
  47 0004 024A     		ldr	r2, .L2+4
  48 0006 0260     		str	r2, [r0]
  49              	.LVL2:
  50              		.loc 3 11 13 is_stmt 0 view .LVU3
  51              	.LBE20:
  52              	.LBE19:
  53              	.LBE18:
  54              		.loc 2 18 13 view .LVU4
  55 0008 7047     		bx	lr
  56              	.L3:
  57 000a 00BF     		.align	2
  58              	.L2:
  59 000c 08000000 		.word	_ZTV10SPISTM32F4+8
  60 0010 08000000 		.word	_ZTV4ISpi+8
  61              		.cfi_endproc
  62              	.LFE253:
  63              		.cantunwind
  64              		.fnend
  66              		.weak	_ZN10SPISTM32F4D1Ev
  67              		.thumb_set _ZN10SPISTM32F4D1Ev,_ZN10SPISTM32F4D2Ev
  68              		.section	.text._ZN10SPISTM32F415resetChipSelectEv,"ax",%progbits
  69              		.align	1
  70              		.global	_ZN10SPISTM32F415resetChipSelectEv
  71              		.syntax unified
  72              		.thumb
  73              		.thumb_func
  75              	_ZN10SPISTM32F415resetChipSelectEv:
  76              		.fnstart
  77              	.LVL3:
  78              	.LFB249:
   1:Core/HALinterface/Src/SPISTM32F4.cpp **** #include "../Inc/SPISTM32F4.hpp"
   2:Core/HALinterface/Src/SPISTM32F4.cpp **** 
   3:Core/HALinterface/Src/SPISTM32F4.cpp **** SPISTM32F4::SPISTM32F4(SPI_HandleTypeDef* hspi, GPIO_TypeDef* csPort, uint16_t csPin)
   4:Core/HALinterface/Src/SPISTM32F4.cpp ****     : m_hspi(hspi)
   5:Core/HALinterface/Src/SPISTM32F4.cpp ****     , m_csPort(csPort)
   6:Core/HALinterface/Src/SPISTM32F4.cpp ****     , m_csPin(csPin)
   7:Core/HALinterface/Src/SPISTM32F4.cpp **** {
   8:Core/HALinterface/Src/SPISTM32F4.cpp ****     // CubeMX側で既にHAL_SPI_Init()済みを想定
   9:Core/HALinterface/Src/SPISTM32F4.cpp **** }
  10:Core/HALinterface/Src/SPISTM32F4.cpp **** 
ARM GAS  C:\Users\hanaj\AppData\Local\Temp\ccWGCBgZ.s 			page 3


  11:Core/HALinterface/Src/SPISTM32F4.cpp **** void SPISTM32F4::resetChipSelect() {
  79              		.loc 1 11 36 is_stmt 1 view -0
  80              		.cfi_startproc
  81              		@ args = 0, pretend = 0, frame = 0
  82              		@ frame_needed = 0, uses_anonymous_args = 0
  83              		.loc 1 11 36 is_stmt 0 view .LVU6
  84 0000 08B5     		push	{r3, lr}
  85              		.save {r3, lr}
  86              	.LCFI0:
  87              		.cfi_def_cfa_offset 8
  88              		.cfi_offset 3, -8
  89              		.cfi_offset 14, -4
  12:Core/HALinterface/Src/SPISTM32F4.cpp ****     HAL_GPIO_WritePin(m_csPort, m_csPin, GPIO_PIN_RESET); // CS Low
  90              		.loc 1 12 5 is_stmt 1 view .LVU7
  91              		.loc 1 12 22 is_stmt 0 view .LVU8
  92 0002 0022     		movs	r2, #0
  93 0004 8189     		ldrh	r1, [r0, #12]
  94 0006 8068     		ldr	r0, [r0, #8]
  95              	.LVL4:
  96              		.loc 1 12 22 view .LVU9
  97 0008 FFF7FEFF 		bl	HAL_GPIO_WritePin
  98              	.LVL5:
  13:Core/HALinterface/Src/SPISTM32F4.cpp **** }
  99              		.loc 1 13 1 view .LVU10
 100 000c 08BD     		pop	{r3, pc}
 101              		.cfi_endproc
 102              	.LFE249:
 103              		.fnend
 105              		.section	.text._ZN10SPISTM32F413setChipSelectEv,"ax",%progbits
 106              		.align	1
 107              		.global	_ZN10SPISTM32F413setChipSelectEv
 108              		.syntax unified
 109              		.thumb
 110              		.thumb_func
 112              	_ZN10SPISTM32F413setChipSelectEv:
 113              		.fnstart
 114              	.LVL6:
 115              	.LFB250:
  14:Core/HALinterface/Src/SPISTM32F4.cpp **** 
  15:Core/HALinterface/Src/SPISTM32F4.cpp **** void SPISTM32F4::setChipSelect() {
 116              		.loc 1 15 34 is_stmt 1 view -0
 117              		.cfi_startproc
 118              		@ args = 0, pretend = 0, frame = 0
 119              		@ frame_needed = 0, uses_anonymous_args = 0
 120              		.loc 1 15 34 is_stmt 0 view .LVU12
 121 0000 08B5     		push	{r3, lr}
 122              		.save {r3, lr}
 123              	.LCFI1:
 124              		.cfi_def_cfa_offset 8
 125              		.cfi_offset 3, -8
 126              		.cfi_offset 14, -4
  16:Core/HALinterface/Src/SPISTM32F4.cpp ****     HAL_GPIO_WritePin(m_csPort, m_csPin, GPIO_PIN_SET);   // CS High
 127              		.loc 1 16 5 is_stmt 1 view .LVU13
 128              		.loc 1 16 22 is_stmt 0 view .LVU14
 129 0002 0122     		movs	r2, #1
 130 0004 8189     		ldrh	r1, [r0, #12]
 131 0006 8068     		ldr	r0, [r0, #8]
ARM GAS  C:\Users\hanaj\AppData\Local\Temp\ccWGCBgZ.s 			page 4


 132              	.LVL7:
 133              		.loc 1 16 22 view .LVU15
 134 0008 FFF7FEFF 		bl	HAL_GPIO_WritePin
 135              	.LVL8:
  17:Core/HALinterface/Src/SPISTM32F4.cpp **** }
 136              		.loc 1 17 1 view .LVU16
 137 000c 08BD     		pop	{r3, pc}
 138              		.cfi_endproc
 139              	.LFE250:
 140              		.fnend
 142              		.section	.text._ZN10SPISTM32F415transmitReceiveEPhS0_tm,"ax",%progbits
 143              		.align	1
 144              		.global	_ZN10SPISTM32F415transmitReceiveEPhS0_tm
 145              		.syntax unified
 146              		.thumb
 147              		.thumb_func
 149              	_ZN10SPISTM32F415transmitReceiveEPhS0_tm:
 150              		.fnstart
 151              	.LVL9:
 152              	.LFB251:
  18:Core/HALinterface/Src/SPISTM32F4.cpp **** 
  19:Core/HALinterface/Src/SPISTM32F4.cpp **** void SPISTM32F4::transmitReceive(uint8_t* tx_data, uint8_t* rx_data, uint16_t size, uint32_t timeou
 153              		.loc 1 19 103 is_stmt 1 view -0
 154              		.cfi_startproc
 155              		@ args = 4, pretend = 0, frame = 0
 156              		@ frame_needed = 0, uses_anonymous_args = 0
 157              		.loc 1 19 103 is_stmt 0 view .LVU18
 158 0000 10B5     		push	{r4, lr}
 159              		.save {r4, lr}
 160              	.LCFI2:
 161              		.cfi_def_cfa_offset 8
 162              		.cfi_offset 4, -8
 163              		.cfi_offset 14, -4
 164              		.pad #8
 165 0002 82B0     		sub	sp, sp, #8
 166              	.LCFI3:
 167              		.cfi_def_cfa_offset 16
  20:Core/HALinterface/Src/SPISTM32F4.cpp ****     HAL_SPI_TransmitReceive(m_hspi, tx_data, rx_data, size, timeout);
 168              		.loc 1 20 5 is_stmt 1 view .LVU19
 169              		.loc 1 20 28 is_stmt 0 view .LVU20
 170 0004 4068     		ldr	r0, [r0, #4]
 171              	.LVL10:
 172              		.loc 1 20 28 view .LVU21
 173 0006 049C     		ldr	r4, [sp, #16]
 174 0008 0094     		str	r4, [sp]
 175 000a FFF7FEFF 		bl	HAL_SPI_TransmitReceive
 176              	.LVL11:
  21:Core/HALinterface/Src/SPISTM32F4.cpp **** }...
 177              		.loc 1 21 1 view .LVU22
 178 000e 02B0     		add	sp, sp, #8
 179              	.LCFI4:
 180              		.cfi_def_cfa_offset 8
 181              		@ sp needed
 182 0010 10BD     		pop	{r4, pc}
 183              		.loc 1 21 1 view .LVU23
 184              		.cfi_endproc
 185              	.LFE251:
ARM GAS  C:\Users\hanaj\AppData\Local\Temp\ccWGCBgZ.s 			page 5


 186              		.fnend
 188              		.section	.text._ZN10SPISTM32F4D0Ev,"axG",%progbits,_ZN10SPISTM32F4D5Ev,comdat
 189              		.align	1
 190              		.weak	_ZN10SPISTM32F4D0Ev
 191              		.syntax unified
 192              		.thumb
 193              		.thumb_func
 195              	_ZN10SPISTM32F4D0Ev:
 196              		.fnstart
 197              	.LVL12:
 198              	.LFB255:
 199              		.loc 2 18 13 is_stmt 1 view -0
 200              		.cfi_startproc
 201              		@ args = 0, pretend = 0, frame = 0
 202              		@ frame_needed = 0, uses_anonymous_args = 0
 203              		.loc 2 18 13 is_stmt 0 view .LVU25
 204 0000 10B5     		push	{r4, lr}
 205              	.LCFI5:
 206              		.cfi_def_cfa_offset 8
 207              		.cfi_offset 4, -8
 208              		.cfi_offset 14, -4
 209 0002 0446     		mov	r4, r0
 210              	.LVL13:
 211              	.LBB21:
 212              	.LBI21:
 213              		.loc 2 18 13 is_stmt 1 view .LVU26
 214              	.LBB22:
 215 0004 044B     		ldr	r3, .L12
 216 0006 0360     		str	r3, [r0]
 217              	.LVL14:
 218              	.LBB23:
 219              	.LBI23:
 220              		.loc 3 11 13 view .LVU27
 221              	.LBB24:
 222 0008 044B     		ldr	r3, .L12+4
 223 000a 0360     		str	r3, [r0]
 224              	.LVL15:
 225              		.loc 3 11 13 is_stmt 0 view .LVU28
 226              	.LBE24:
 227              	.LBE23:
 228              	.LBE22:
 229              	.LBE21:
 230              		.loc 2 18 13 discriminator 1 view .LVU29
 231 000c 1021     		movs	r1, #16
 232 000e FFF7FEFF 		bl	_ZdlPvj
 233              	.LVL16:
 234              		.loc 2 18 13 view .LVU30
 235 0012 2046     		mov	r0, r4
 236 0014 10BD     		pop	{r4, pc}
 237              	.LVL17:
 238              	.L13:
 239              		.loc 2 18 13 view .LVU31
 240 0016 00BF     		.align	2
 241              	.L12:
 242 0018 08000000 		.word	_ZTV10SPISTM32F4+8
 243 001c 08000000 		.word	_ZTV4ISpi+8
 244              		.cfi_endproc
ARM GAS  C:\Users\hanaj\AppData\Local\Temp\ccWGCBgZ.s 			page 6


 245              	.LFE255:
 246              		.cantunwind
 247              		.fnend
 249              		.section	.text._ZN10SPISTM32F4C2EP19__SPI_HandleTypeDefP12GPIO_TypeDeft,"ax",%progbits
 250              		.align	1
 251              		.global	_ZN10SPISTM32F4C2EP19__SPI_HandleTypeDefP12GPIO_TypeDeft
 252              		.syntax unified
 253              		.thumb
 254              		.thumb_func
 256              	_ZN10SPISTM32F4C2EP19__SPI_HandleTypeDefP12GPIO_TypeDeft:
 257              		.fnstart
 258              	.LVL18:
 259              	.LFB247:
   3:Core/HALinterface/Src/SPISTM32F4.cpp **** SPISTM32F4::SPISTM32F4(SPI_HandleTypeDef* hspi, GPIO_TypeDef* csPort, uint16_t csPin)
 260              		.loc 1 3 1 is_stmt 1 view -0
 261              		.cfi_startproc
 262              		@ args = 0, pretend = 0, frame = 0
 263              		@ frame_needed = 0, uses_anonymous_args = 0
 264              		@ link register save eliminated.
   3:Core/HALinterface/Src/SPISTM32F4.cpp **** SPISTM32F4::SPISTM32F4(SPI_HandleTypeDef* hspi, GPIO_TypeDef* csPort, uint16_t csPin)
 265              		.loc 1 3 1 is_stmt 0 view .LVU33
 266 0000 10B4     		push	{r4}
 267              	.LCFI6:
 268              		.cfi_def_cfa_offset 4
 269              		.cfi_offset 4, -4
 270              	.LVL19:
 271              	.LBB25:
 272              	.LBB26:
 273              	.LBI26:
   9:Core/HALinterface/Src/../Inc/ISpi.hpp **** public:
 274              		.loc 3 9 7 is_stmt 1 view .LVU34
 275              	.LBB27:
 276 0002 054C     		ldr	r4, .L16
 277 0004 0460     		str	r4, [r0]
 278              	.LVL20:
   9:Core/HALinterface/Src/../Inc/ISpi.hpp **** public:
 279              		.loc 3 9 7 is_stmt 0 view .LVU35
 280              	.LBE27:
 281              	.LBE26:
   6:Core/HALinterface/Src/SPISTM32F4.cpp ****     , m_csPin(csPin)
 282              		.loc 1 6 20 discriminator 1 view .LVU36
 283 0006 054C     		ldr	r4, .L16+4
 284 0008 0460     		str	r4, [r0]
   4:Core/HALinterface/Src/SPISTM32F4.cpp ****     : m_hspi(hspi)
 285              		.loc 1 4 7 view .LVU37
 286 000a 4160     		str	r1, [r0, #4]
   5:Core/HALinterface/Src/SPISTM32F4.cpp ****     , m_csPort(csPort)
 287              		.loc 1 5 7 view .LVU38
 288 000c 8260     		str	r2, [r0, #8]
   6:Core/HALinterface/Src/SPISTM32F4.cpp ****     , m_csPin(csPin)
 289              		.loc 1 6 7 view .LVU39
 290 000e 8381     		strh	r3, [r0, #12]	@ movhi
 291              	.LBE25:
   9:Core/HALinterface/Src/SPISTM32F4.cpp **** }
 292              		.loc 1 9 1 view .LVU40
 293 0010 5DF8044B 		ldr	r4, [sp], #4
 294              	.LCFI7:
ARM GAS  C:\Users\hanaj\AppData\Local\Temp\ccWGCBgZ.s 			page 7


 295              		.cfi_restore 4
 296              		.cfi_def_cfa_offset 0
 297 0014 7047     		bx	lr
 298              	.L17:
 299 0016 00BF     		.align	2
 300              	.L16:
 301 0018 08000000 		.word	_ZTV4ISpi+8
 302 001c 08000000 		.word	_ZTV10SPISTM32F4+8
 303              		.cfi_endproc
 304              	.LFE247:
 305              		.cantunwind
 306              		.fnend
 308              		.global	_ZN10SPISTM32F4C1EP19__SPI_HandleTypeDefP12GPIO_TypeDeft
 309              		.thumb_set _ZN10SPISTM32F4C1EP19__SPI_HandleTypeDefP12GPIO_TypeDeft,_ZN10SPISTM32F4C2EP19__SPI_Han
 310              		.weak	_ZTS4ISpi
 311              		.section	.rodata._ZTS4ISpi,"aG",%progbits,_ZTS4ISpi,comdat
 312              		.align	2
 315              	_ZTS4ISpi:
 316 0000 34495370 		.ascii	"4ISpi\000"
 316      6900
 317              		.weak	_ZTI4ISpi
 318              		.section	.rodata._ZTI4ISpi,"aG",%progbits,_ZTI4ISpi,comdat
 319              		.align	2
 322              	_ZTI4ISpi:
 323 0000 08000000 		.word	_ZTVN10__cxxabiv117__class_type_infoE+8
 324 0004 00000000 		.word	_ZTS4ISpi
 325              		.global	_ZTS10SPISTM32F4
 326              		.section	.rodata._ZTS10SPISTM32F4,"a"
 327              		.align	2
 330              	_ZTS10SPISTM32F4:
 331 0000 31305350 		.ascii	"10SPISTM32F4\000"
 331      4953544D 
 331      33324634 
 331      00
 332              		.global	_ZTI10SPISTM32F4
 333              		.section	.rodata._ZTI10SPISTM32F4,"a"
 334              		.align	2
 337              	_ZTI10SPISTM32F4:
 338 0000 08000000 		.word	_ZTVN10__cxxabiv120__si_class_type_infoE+8
 339 0004 00000000 		.word	_ZTS10SPISTM32F4
 340 0008 00000000 		.word	_ZTI4ISpi
 341              		.weak	_ZTV4ISpi
 342              		.section	.rodata._ZTV4ISpi,"aG",%progbits,_ZTV4ISpi,comdat
 343              		.align	2
 346              	_ZTV4ISpi:
 347 0000 00000000 		.word	0
 348 0004 00000000 		.word	_ZTI4ISpi
 349 0008 00000000 		.word	0
 350 000c 00000000 		.word	0
 351 0010 00000000 		.word	__cxa_pure_virtual
 352 0014 00000000 		.word	__cxa_pure_virtual
 353 0018 00000000 		.word	__cxa_pure_virtual
 354              		.global	_ZTV10SPISTM32F4
 355              		.section	.rodata._ZTV10SPISTM32F4,"a"
 356              		.align	2
 359              	_ZTV10SPISTM32F4:
 360 0000 00000000 		.word	0
ARM GAS  C:\Users\hanaj\AppData\Local\Temp\ccWGCBgZ.s 			page 8


 361 0004 00000000 		.word	_ZTI10SPISTM32F4
 362 0008 00000000 		.word	_ZN10SPISTM32F4D1Ev
 363 000c 00000000 		.word	_ZN10SPISTM32F4D0Ev
 364 0010 00000000 		.word	_ZN10SPISTM32F415resetChipSelectEv
 365 0014 00000000 		.word	_ZN10SPISTM32F413setChipSelectEv
 366 0018 00000000 		.word	_ZN10SPISTM32F415transmitReceiveEPhS0_tm
 367              		.weak	__cxa_pure_virtual
 368              		.text
 369              	.Letext0:
 370              		.file 4 "C:/Tools/arm-gnu-toolchain/arm-none-eabi/include/machine/_default_types.h"
 371              		.file 5 "C:/Tools/arm-gnu-toolchain/arm-none-eabi/include/sys/_stdint.h"
 372              		.file 6 "Drivers/CMSIS/Device/ST/STM32F4xx/Include/stm32f405xx.h"
 373              		.file 7 "Drivers/CMSIS/Device/ST/STM32F4xx/Include/stm32f4xx.h"
 374              		.file 8 "Drivers/STM32F4xx_HAL_Driver/Inc/stm32f4xx_hal_def.h"
 375              		.file 9 "Drivers/STM32F4xx_HAL_Driver/Inc/stm32f4xx_hal_gpio.h"
 376              		.file 10 "Drivers/STM32F4xx_HAL_Driver/Inc/stm32f4xx_hal_dma.h"
 377              		.file 11 "Drivers/STM32F4xx_HAL_Driver/Inc/stm32f4xx_hal_spi.h"
 378              		.file 12 "Drivers/STM32F4xx_HAL_Driver/Inc/stm32f4xx_hal.h"
ARM GAS  C:\Users\hanaj\AppData\Local\Temp\ccWGCBgZ.s 			page 9


DEFINED SYMBOLS
                            *ABS*:00000000 SPISTM32F4.cpp
C:\Users\hanaj\AppData\Local\Temp\ccWGCBgZ.s:21     .text._ZN10SPISTM32F4D2Ev:00000000 $t
C:\Users\hanaj\AppData\Local\Temp\ccWGCBgZ.s:27     .text._ZN10SPISTM32F4D2Ev:00000000 _ZN10SPISTM32F4D2Ev
C:\Users\hanaj\AppData\Local\Temp\ccWGCBgZ.s:59     .text._ZN10SPISTM32F4D2Ev:0000000c $d
C:\Users\hanaj\AppData\Local\Temp\ccWGCBgZ.s:359    .rodata._ZTV10SPISTM32F4:00000000 _ZTV10SPISTM32F4
C:\Users\hanaj\AppData\Local\Temp\ccWGCBgZ.s:346    .rodata._ZTV4ISpi:00000000 _ZTV4ISpi
.ARM.exidx.text._ZN10SPISTM32F4D2Ev:00000000 $d
C:\Users\hanaj\AppData\Local\Temp\ccWGCBgZ.s:27     .text._ZN10SPISTM32F4D2Ev:00000000 _ZN10SPISTM32F4D1Ev
C:\Users\hanaj\AppData\Local\Temp\ccWGCBgZ.s:69     .text._ZN10SPISTM32F415resetChipSelectEv:00000000 $t
C:\Users\hanaj\AppData\Local\Temp\ccWGCBgZ.s:75     .text._ZN10SPISTM32F415resetChipSelectEv:00000000 _ZN10SPISTM32F415resetChipSelectEv
.ARM.extab.text._ZN10SPISTM32F415resetChipSelectEv:00000000 $d
.ARM.exidx.text._ZN10SPISTM32F415resetChipSelectEv:00000000 $d
C:\Users\hanaj\AppData\Local\Temp\ccWGCBgZ.s:106    .text._ZN10SPISTM32F413setChipSelectEv:00000000 $t
C:\Users\hanaj\AppData\Local\Temp\ccWGCBgZ.s:112    .text._ZN10SPISTM32F413setChipSelectEv:00000000 _ZN10SPISTM32F413setChipSelectEv
.ARM.extab.text._ZN10SPISTM32F413setChipSelectEv:00000000 $d
.ARM.exidx.text._ZN10SPISTM32F413setChipSelectEv:00000000 $d
C:\Users\hanaj\AppData\Local\Temp\ccWGCBgZ.s:143    .text._ZN10SPISTM32F415transmitReceiveEPhS0_tm:00000000 $t
C:\Users\hanaj\AppData\Local\Temp\ccWGCBgZ.s:149    .text._ZN10SPISTM32F415transmitReceiveEPhS0_tm:00000000 _ZN10SPISTM32F415transmitReceiveEPhS0_tm
.ARM.exidx.text._ZN10SPISTM32F415transmitReceiveEPhS0_tm:00000000 $d
C:\Users\hanaj\AppData\Local\Temp\ccWGCBgZ.s:189    .text._ZN10SPISTM32F4D0Ev:00000000 $t
C:\Users\hanaj\AppData\Local\Temp\ccWGCBgZ.s:195    .text._ZN10SPISTM32F4D0Ev:00000000 _ZN10SPISTM32F4D0Ev
C:\Users\hanaj\AppData\Local\Temp\ccWGCBgZ.s:242    .text._ZN10SPISTM32F4D0Ev:00000018 $d
.ARM.exidx.text._ZN10SPISTM32F4D0Ev:00000000 $d
C:\Users\hanaj\AppData\Local\Temp\ccWGCBgZ.s:250    .text._ZN10SPISTM32F4C2EP19__SPI_HandleTypeDefP12GPIO_TypeDeft:00000000 $t
C:\Users\hanaj\AppData\Local\Temp\ccWGCBgZ.s:256    .text._ZN10SPISTM32F4C2EP19__SPI_HandleTypeDefP12GPIO_TypeDeft:00000000 _ZN10SPISTM32F4C2EP19__SPI_HandleTypeDefP12GPIO_TypeDeft
C:\Users\hanaj\AppData\Local\Temp\ccWGCBgZ.s:301    .text._ZN10SPISTM32F4C2EP19__SPI_HandleTypeDefP12GPIO_TypeDeft:00000018 $d
.ARM.exidx.text._ZN10SPISTM32F4C2EP19__SPI_HandleTypeDefP12GPIO_TypeDeft:00000000 $d
C:\Users\hanaj\AppData\Local\Temp\ccWGCBgZ.s:256    .text._ZN10SPISTM32F4C2EP19__SPI_HandleTypeDefP12GPIO_TypeDeft:00000000 _ZN10SPISTM32F4C1EP19__SPI_HandleTypeDefP12GPIO_TypeDeft
C:\Users\hanaj\AppData\Local\Temp\ccWGCBgZ.s:315    .rodata._ZTS4ISpi:00000000 _ZTS4ISpi
C:\Users\hanaj\AppData\Local\Temp\ccWGCBgZ.s:312    .rodata._ZTS4ISpi:00000000 $d
C:\Users\hanaj\AppData\Local\Temp\ccWGCBgZ.s:322    .rodata._ZTI4ISpi:00000000 _ZTI4ISpi
C:\Users\hanaj\AppData\Local\Temp\ccWGCBgZ.s:319    .rodata._ZTI4ISpi:00000000 $d
C:\Users\hanaj\AppData\Local\Temp\ccWGCBgZ.s:330    .rodata._ZTS10SPISTM32F4:00000000 _ZTS10SPISTM32F4
C:\Users\hanaj\AppData\Local\Temp\ccWGCBgZ.s:327    .rodata._ZTS10SPISTM32F4:00000000 $d
C:\Users\hanaj\AppData\Local\Temp\ccWGCBgZ.s:337    .rodata._ZTI10SPISTM32F4:00000000 _ZTI10SPISTM32F4
C:\Users\hanaj\AppData\Local\Temp\ccWGCBgZ.s:334    .rodata._ZTI10SPISTM32F4:00000000 $d
C:\Users\hanaj\AppData\Local\Temp\ccWGCBgZ.s:343    .rodata._ZTV4ISpi:00000000 $d
C:\Users\hanaj\AppData\Local\Temp\ccWGCBgZ.s:356    .rodata._ZTV10SPISTM32F4:00000000 $d
                           .group:00000000 _ZN10SPISTM32F4D5Ev

UNDEFINED SYMBOLS
HAL_GPIO_WritePin
__aeabi_unwind_cpp_pr1
HAL_SPI_TransmitReceive
__aeabi_unwind_cpp_pr0
_ZdlPvj
_ZTVN10__cxxabiv117__class_type_infoE
_ZTVN10__cxxabiv120__si_class_type_infoE
__cxa_pure_virtual
