ARM GAS  C:\Users\hanaj\AppData\Local\Temp\cc63QwaH.s 			page 1


   1              		.cpu cortex-m4
   2              		.arch armv7e-m
   3              		.fpu fpv4-sp-d16
   4              		.eabi_attribute 27, 1
   5              		.eabi_attribute 28, 1
   6              		.eabi_attribute 20, 1
   7              		.eabi_attribute 21, 1
   8              		.eabi_attribute 23, 3
   9              		.eabi_attribute 24, 1
  10              		.eabi_attribute 25, 1
  11              		.eabi_attribute 26, 1
  12              		.eabi_attribute 30, 1
  13              		.eabi_attribute 34, 1
  14              		.eabi_attribute 18, 4
  15              		.file	"TimerSTM32F4.cpp"
  16              		.text
  17              	.Ltext0:
  18              		.cfi_sections	.debug_frame
  19              		.file 1 "Core/HALinterface/Src/TimerSTM32F4.cpp"
  20              		.section	.text._ZN12TimerSTM32F411setCallbackEPFvvE,"ax",%progbits
  21              		.align	1
  22              		.global	_ZN12TimerSTM32F411setCallbackEPFvvE
  23              		.syntax unified
  24              		.thumb
  25              		.thumb_func
  27              	_ZN12TimerSTM32F411setCallbackEPFvvE:
  28              		.fnstart
  29              	.LVL0:
  30              	.LFB253:
   1:Core/HALinterface/Src/TimerSTM32F4.cpp **** #include "../Inc/TimerSTM32F4.hpp"
   2:Core/HALinterface/Src/TimerSTM32F4.cpp **** #include "stm32f4xx_hal.h"
   3:Core/HALinterface/Src/TimerSTM32F4.cpp **** 
   4:Core/HALinterface/Src/TimerSTM32F4.cpp **** // „Ç∞„É≠„Éº„Éê„É´ or static Â§âÊï∞„Å®„Åó„Å¶„ÄÅ„Å©„ÅÆTimerSTM32F4„Ç§„É≥„Çπ„Çø„É≥„Çπ„Åå
   5:Core/HALinterface/Src/TimerSTM32F4.cpp **** // „Å©„ÅÆTIM_HandleTypeDef„Å®Áµê„Å≥„Å§„ÅÑ„Å¶„ÅÑ„Çã„ÅãÁÆ°ÁêÜ„ÅåÂøÖË¶Å„Å´„Å™„ÇãÂ†¥Âêà„Åå„ÅÇ„Çä„Åæ„Åô„
   6:Core/HALinterface/Src/TimerSTM32F4.cpp **** // „ÇÇ„Åó„Åè„ÅØ„ÄÅTIM„Éè„É≥„Éâ„É©„ÅÆ "UserData" „Å´this„Éù„Ç§„É≥„Çø„ÇíÂÖ•„Çå„ÇãÊâãÊÆµ„ÇÇ„ÅÇ„Çä„Åæ„Å
   7:Core/HALinterface/Src/TimerSTM32F4.cpp **** 
   8:Core/HALinterface/Src/TimerSTM32F4.cpp **** TimerSTM32F4::TimerSTM32F4(TIM_HandleTypeDef* htim)
   9:Core/HALinterface/Src/TimerSTM32F4.cpp ****     : m_htim(htim)
  10:Core/HALinterface/Src/TimerSTM32F4.cpp **** {
  11:Core/HALinterface/Src/TimerSTM32F4.cpp ****     // „Åì„Åì„ÅßÂàùÊúüÂåñ„ÅØCubeMXÂÅ¥„ÅÆ MX_TIMx_Init() „Åå„ÇÑ„Çã„Ç±„Éº„Çπ„ÅåÂ§ö„ÅÑ„Åß„Åô
  12:Core/HALinterface/Src/TimerSTM32F4.cpp **** }
  13:Core/HALinterface/Src/TimerSTM32F4.cpp **** 
  14:Core/HALinterface/Src/TimerSTM32F4.cpp **** void TimerSTM32F4::start() {
  15:Core/HALinterface/Src/TimerSTM32F4.cpp ****     HAL_TIM_Base_Start_IT(m_htim); // Ââ≤„ÇäËæº„ÅøÊúâÂäπ„Åß„Çπ„Çø„Éº„Éà
  16:Core/HALinterface/Src/TimerSTM32F4.cpp **** }
  17:Core/HALinterface/Src/TimerSTM32F4.cpp **** 
  18:Core/HALinterface/Src/TimerSTM32F4.cpp **** void TimerSTM32F4::stop() {
  19:Core/HALinterface/Src/TimerSTM32F4.cpp ****     HAL_TIM_Base_Stop_IT(m_htim);
  20:Core/HALinterface/Src/TimerSTM32F4.cpp **** }
  21:Core/HALinterface/Src/TimerSTM32F4.cpp **** 
  22:Core/HALinterface/Src/TimerSTM32F4.cpp **** void TimerSTM32F4::setCallback(void (*callback)()) {
  31              		.loc 1 22 52 view -0
  32              		.cfi_startproc
  33              		@ args = 0, pretend = 0, frame = 0
  34              		@ frame_needed = 0, uses_anonymous_args = 0
  35              		@ link register save eliminated.
  23:Core/HALinterface/Src/TimerSTM32F4.cpp ****     m_callback = callback;
ARM GAS  C:\Users\hanaj\AppData\Local\Temp\cc63QwaH.s 			page 2


  36              		.loc 1 23 5 view .LVU1
  37              		.loc 1 23 16 is_stmt 0 view .LVU2
  38 0000 8160     		str	r1, [r0, #8]
  24:Core/HALinterface/Src/TimerSTM32F4.cpp **** }
  39              		.loc 1 24 1 view .LVU3
  40 0002 7047     		bx	lr
  41              		.cfi_endproc
  42              	.LFE253:
  43              		.cantunwind
  44              		.fnend
  46              		.section	.text._ZN12TimerSTM32F4D2Ev,"axG",%progbits,_ZN12TimerSTM32F4D5Ev,comdat
  47              		.align	1
  48              		.weak	_ZN12TimerSTM32F4D2Ev
  49              		.syntax unified
  50              		.thumb
  51              		.thumb_func
  53              	_ZN12TimerSTM32F4D2Ev:
  54              		.fnstart
  55              	.LVL1:
  56              	.LFB256:
  57              		.file 2 "Core/HALinterface/Src/../Inc/TimerSTM32F4.hpp"
   1:Core/HALinterface/Src/../Inc/TimerSTM32F4.hpp **** #pragma once
   2:Core/HALinterface/Src/../Inc/TimerSTM32F4.hpp **** 
   3:Core/HALinterface/Src/../Inc/TimerSTM32F4.hpp **** #include "ITimer.hpp"
   4:Core/HALinterface/Src/../Inc/TimerSTM32F4.hpp **** #include "stm32f4xx_hal.h"
   5:Core/HALinterface/Src/../Inc/TimerSTM32F4.hpp **** 
   6:Core/HALinterface/Src/../Inc/TimerSTM32F4.hpp **** class TimerSTM32F4 : public ITimer {
  58              		.loc 2 6 7 is_stmt 1 view -0
  59              		.cfi_startproc
  60              		@ args = 0, pretend = 0, frame = 0
  61              		@ frame_needed = 0, uses_anonymous_args = 0
  62              		@ link register save eliminated.
  63              	.LBB18:
  64              		.loc 2 6 7 is_stmt 0 view .LVU5
  65 0000 024A     		ldr	r2, .L3
  66 0002 0260     		str	r2, [r0]
  67              	.LVL2:
  68              	.LBB19:
  69              	.LBI19:
  70              		.file 3 "Core/HALinterface/Src/../Inc/ITimer.hpp"
   1:Core/HALinterface/Src/../Inc/ITimer.hpp **** #pragma once
   2:Core/HALinterface/Src/../Inc/ITimer.hpp **** 
   3:Core/HALinterface/Src/../Inc/ITimer.hpp **** #include <cstdint>
   4:Core/HALinterface/Src/../Inc/ITimer.hpp **** // „Çø„Ç§„ÉûÁî®„Ç§„É≥„Çø„Éº„Éï„Çß„Éº„Çπ
   5:Core/HALinterface/Src/../Inc/ITimer.hpp **** class ITimer {
   6:Core/HALinterface/Src/../Inc/ITimer.hpp **** public:
   7:Core/HALinterface/Src/../Inc/ITimer.hpp ****     virtual ~ITimer() = default;
  71              		.loc 3 7 13 is_stmt 1 view .LVU6
  72              	.LBB20:
  73 0004 024A     		ldr	r2, .L3+4
  74 0006 0260     		str	r2, [r0]
  75              	.LVL3:
  76              		.loc 3 7 13 is_stmt 0 view .LVU7
  77              	.LBE20:
  78              	.LBE19:
  79              	.LBE18:
  80              		.loc 2 6 7 view .LVU8
ARM GAS  C:\Users\hanaj\AppData\Local\Temp\cc63QwaH.s 			page 3


  81 0008 7047     		bx	lr
  82              	.L4:
  83 000a 00BF     		.align	2
  84              	.L3:
  85 000c 08000000 		.word	_ZTV12TimerSTM32F4+8
  86 0010 08000000 		.word	_ZTV6ITimer+8
  87              		.cfi_endproc
  88              	.LFE256:
  89              		.cantunwind
  90              		.fnend
  92              		.weak	_ZN12TimerSTM32F4D1Ev
  93              		.thumb_set _ZN12TimerSTM32F4D1Ev,_ZN12TimerSTM32F4D2Ev
  94              		.section	.text._ZN12TimerSTM32F45startEv,"ax",%progbits
  95              		.align	1
  96              		.global	_ZN12TimerSTM32F45startEv
  97              		.syntax unified
  98              		.thumb
  99              		.thumb_func
 101              	_ZN12TimerSTM32F45startEv:
 102              		.fnstart
 103              	.LVL4:
 104              	.LFB251:
  14:Core/HALinterface/Src/TimerSTM32F4.cpp ****     HAL_TIM_Base_Start_IT(m_htim); // Ââ≤„ÇäËæº„ÅøÊúâÂäπ„Åß„Çπ„Çø„Éº„Éà
 105              		.loc 1 14 28 is_stmt 1 view -0
 106              		.cfi_startproc
 107              		@ args = 0, pretend = 0, frame = 0
 108              		@ frame_needed = 0, uses_anonymous_args = 0
  14:Core/HALinterface/Src/TimerSTM32F4.cpp ****     HAL_TIM_Base_Start_IT(m_htim); // Ââ≤„ÇäËæº„ÅøÊúâÂäπ„Åß„Çπ„Çø„Éº„Éà
 109              		.loc 1 14 28 is_stmt 0 view .LVU10
 110 0000 08B5     		push	{r3, lr}
 111              		.save {r3, lr}
 112              	.LCFI0:
 113              		.cfi_def_cfa_offset 8
 114              		.cfi_offset 3, -8
 115              		.cfi_offset 14, -4
  15:Core/HALinterface/Src/TimerSTM32F4.cpp **** }
 116              		.loc 1 15 5 is_stmt 1 view .LVU11
  15:Core/HALinterface/Src/TimerSTM32F4.cpp **** }
 117              		.loc 1 15 26 is_stmt 0 view .LVU12
 118 0002 4068     		ldr	r0, [r0, #4]
 119              	.LVL5:
  15:Core/HALinterface/Src/TimerSTM32F4.cpp **** }
 120              		.loc 1 15 26 view .LVU13
 121 0004 FFF7FEFF 		bl	HAL_TIM_Base_Start_IT
 122              	.LVL6:
  16:Core/HALinterface/Src/TimerSTM32F4.cpp **** 
 123              		.loc 1 16 1 view .LVU14
 124 0008 08BD     		pop	{r3, pc}
 125              		.cfi_endproc
 126              	.LFE251:
 127              		.fnend
 129              		.section	.text._ZN12TimerSTM32F44stopEv,"ax",%progbits
 130              		.align	1
 131              		.global	_ZN12TimerSTM32F44stopEv
 132              		.syntax unified
 133              		.thumb
 134              		.thumb_func
ARM GAS  C:\Users\hanaj\AppData\Local\Temp\cc63QwaH.s 			page 4


 136              	_ZN12TimerSTM32F44stopEv:
 137              		.fnstart
 138              	.LVL7:
 139              	.LFB252:
  18:Core/HALinterface/Src/TimerSTM32F4.cpp ****     HAL_TIM_Base_Stop_IT(m_htim);
 140              		.loc 1 18 27 is_stmt 1 view -0
 141              		.cfi_startproc
 142              		@ args = 0, pretend = 0, frame = 0
 143              		@ frame_needed = 0, uses_anonymous_args = 0
  18:Core/HALinterface/Src/TimerSTM32F4.cpp ****     HAL_TIM_Base_Stop_IT(m_htim);
 144              		.loc 1 18 27 is_stmt 0 view .LVU16
 145 0000 08B5     		push	{r3, lr}
 146              		.save {r3, lr}
 147              	.LCFI1:
 148              		.cfi_def_cfa_offset 8
 149              		.cfi_offset 3, -8
 150              		.cfi_offset 14, -4
  19:Core/HALinterface/Src/TimerSTM32F4.cpp **** }
 151              		.loc 1 19 5 is_stmt 1 view .LVU17
  19:Core/HALinterface/Src/TimerSTM32F4.cpp **** }
 152              		.loc 1 19 25 is_stmt 0 view .LVU18
 153 0002 4068     		ldr	r0, [r0, #4]
 154              	.LVL8:
  19:Core/HALinterface/Src/TimerSTM32F4.cpp **** }
 155              		.loc 1 19 25 view .LVU19
 156 0004 FFF7FEFF 		bl	HAL_TIM_Base_Stop_IT
 157              	.LVL9:
  20:Core/HALinterface/Src/TimerSTM32F4.cpp **** 
 158              		.loc 1 20 1 view .LVU20
 159 0008 08BD     		pop	{r3, pc}
 160              		.cfi_endproc
 161              	.LFE252:
 162              		.fnend
 164              		.section	.text._ZN12TimerSTM32F4D0Ev,"axG",%progbits,_ZN12TimerSTM32F4D5Ev,comdat
 165              		.align	1
 166              		.weak	_ZN12TimerSTM32F4D0Ev
 167              		.syntax unified
 168              		.thumb
 169              		.thumb_func
 171              	_ZN12TimerSTM32F4D0Ev:
 172              		.fnstart
 173              	.LVL10:
 174              	.LFB258:
 175              		.loc 2 6 7 is_stmt 1 view -0
 176              		.cfi_startproc
 177              		@ args = 0, pretend = 0, frame = 0
 178              		@ frame_needed = 0, uses_anonymous_args = 0
 179              		.loc 2 6 7 is_stmt 0 view .LVU22
 180 0000 10B5     		push	{r4, lr}
 181              	.LCFI2:
 182              		.cfi_def_cfa_offset 8
 183              		.cfi_offset 4, -8
 184              		.cfi_offset 14, -4
 185 0002 0446     		mov	r4, r0
 186              	.LVL11:
 187              	.LBB21:
 188              	.LBI21:
ARM GAS  C:\Users\hanaj\AppData\Local\Temp\cc63QwaH.s 			page 5


 189              		.loc 2 6 7 is_stmt 1 view .LVU23
 190              	.LBB22:
 191 0004 044B     		ldr	r3, .L11
 192 0006 0360     		str	r3, [r0]
 193              	.LVL12:
 194              	.LBB23:
 195              	.LBI23:
 196              		.loc 3 7 13 view .LVU24
 197              	.LBB24:
 198 0008 044B     		ldr	r3, .L11+4
 199 000a 0360     		str	r3, [r0]
 200              	.LVL13:
 201              		.loc 3 7 13 is_stmt 0 view .LVU25
 202              	.LBE24:
 203              	.LBE23:
 204              	.LBE22:
 205              	.LBE21:
 206              		.loc 2 6 7 discriminator 1 view .LVU26
 207 000c 0C21     		movs	r1, #12
 208 000e FFF7FEFF 		bl	_ZdlPvj
 209              	.LVL14:
 210              		.loc 2 6 7 view .LVU27
 211 0012 2046     		mov	r0, r4
 212 0014 10BD     		pop	{r4, pc}
 213              	.LVL15:
 214              	.L12:
 215              		.loc 2 6 7 view .LVU28
 216 0016 00BF     		.align	2
 217              	.L11:
 218 0018 08000000 		.word	_ZTV12TimerSTM32F4+8
 219 001c 08000000 		.word	_ZTV6ITimer+8
 220              		.cfi_endproc
 221              	.LFE258:
 222              		.cantunwind
 223              		.fnend
 225              		.section	.text._ZN12TimerSTM32F4C2EP17TIM_HandleTypeDef,"ax",%progbits
 226              		.align	1
 227              		.global	_ZN12TimerSTM32F4C2EP17TIM_HandleTypeDef
 228              		.syntax unified
 229              		.thumb
 230              		.thumb_func
 232              	_ZN12TimerSTM32F4C2EP17TIM_HandleTypeDef:
 233              		.fnstart
 234              	.LVL16:
 235              	.LFB249:
   8:Core/HALinterface/Src/TimerSTM32F4.cpp ****     : m_htim(htim)
 236              		.loc 1 8 1 is_stmt 1 view -0
 237              		.cfi_startproc
 238              		@ args = 0, pretend = 0, frame = 0
 239              		@ frame_needed = 0, uses_anonymous_args = 0
 240              		@ link register save eliminated.
 241              	.LBB25:
 242              	.LBB26:
 243              	.LBI26:
   5:Core/HALinterface/Src/../Inc/ITimer.hpp **** public:
 244              		.loc 3 5 7 view .LVU30
 245              	.LBB27:
ARM GAS  C:\Users\hanaj\AppData\Local\Temp\cc63QwaH.s 			page 6


 246 0000 034A     		ldr	r2, .L14
 247 0002 0260     		str	r2, [r0]
 248              	.LVL17:
   5:Core/HALinterface/Src/../Inc/ITimer.hpp **** public:
 249              		.loc 3 5 7 is_stmt 0 view .LVU31
 250              	.LBE27:
 251              	.LBE26:
   9:Core/HALinterface/Src/TimerSTM32F4.cpp **** {
 252              		.loc 1 9 18 discriminator 1 view .LVU32
 253 0004 034A     		ldr	r2, .L14+4
 254 0006 0260     		str	r2, [r0]
   9:Core/HALinterface/Src/TimerSTM32F4.cpp **** {
 255              		.loc 1 9 7 discriminator 1 view .LVU33
 256 0008 4160     		str	r1, [r0, #4]
   9:Core/HALinterface/Src/TimerSTM32F4.cpp **** {
 257              		.loc 1 9 18 discriminator 1 view .LVU34
 258 000a 0022     		movs	r2, #0
 259 000c 8260     		str	r2, [r0, #8]
 260              	.LBE25:
  12:Core/HALinterface/Src/TimerSTM32F4.cpp **** 
 261              		.loc 1 12 1 view .LVU35
 262 000e 7047     		bx	lr
 263              	.L15:
 264              		.align	2
 265              	.L14:
 266 0010 08000000 		.word	_ZTV6ITimer+8
 267 0014 08000000 		.word	_ZTV12TimerSTM32F4+8
 268              		.cfi_endproc
 269              	.LFE249:
 270              		.cantunwind
 271              		.fnend
 273              		.global	_ZN12TimerSTM32F4C1EP17TIM_HandleTypeDef
 274              		.thumb_set _ZN12TimerSTM32F4C1EP17TIM_HandleTypeDef,_ZN12TimerSTM32F4C2EP17TIM_HandleTypeDef
 275              		.section	.text._ZN12TimerSTM32F411onInterruptEv,"ax",%progbits
 276              		.align	1
 277              		.global	_ZN12TimerSTM32F411onInterruptEv
 278              		.syntax unified
 279              		.thumb
 280              		.thumb_func
 282              	_ZN12TimerSTM32F411onInterruptEv:
 283              		.fnstart
 284              	.LVL18:
 285              	.LFB254:
  25:Core/HALinterface/Src/TimerSTM32F4.cpp **** 
  26:Core/HALinterface/Src/TimerSTM32F4.cpp **** // Ââ≤„ÇäËæº„Åø„Éè„É≥„Éâ„É© (HAL_TIM_PeriodElapsedCallback) „Åã„ÇâÂëº„Å∞„Çå„ÇãÊÉ≥ÂÆö
  27:Core/HALinterface/Src/TimerSTM32F4.cpp **** void TimerSTM32F4::onInterrupt() {
 286              		.loc 1 27 34 is_stmt 1 view -0
 287              		.cfi_startproc
 288              		@ args = 0, pretend = 0, frame = 0
 289              		@ frame_needed = 0, uses_anonymous_args = 0
 290              		.loc 1 27 34 is_stmt 0 view .LVU37
 291 0000 08B5     		push	{r3, lr}
 292              		.save {r3, lr}
 293              	.LCFI3:
 294              		.cfi_def_cfa_offset 8
 295              		.cfi_offset 3, -8
 296              		.cfi_offset 14, -4
ARM GAS  C:\Users\hanaj\AppData\Local\Temp\cc63QwaH.s 			page 7


  28:Core/HALinterface/Src/TimerSTM32F4.cpp ****     if (m_callback) {
 297              		.loc 1 28 5 is_stmt 1 view .LVU38
 298              		.loc 1 28 9 is_stmt 0 view .LVU39
 299 0002 8368     		ldr	r3, [r0, #8]
 300              		.loc 1 28 5 view .LVU40
 301 0004 03B1     		cbz	r3, .L16
  29:Core/HALinterface/Src/TimerSTM32F4.cpp ****         m_callback();
 302              		.loc 1 29 9 is_stmt 1 view .LVU41
 303              		.loc 1 29 19 is_stmt 0 view .LVU42
 304 0006 9847     		blx	r3
 305              	.LVL19:
 306              	.L16:
  30:Core/HALinterface/Src/TimerSTM32F4.cpp ****     }
  31:Core/HALinterface/Src/TimerSTM32F4.cpp **** }
 307              		.loc 1 31 1 view .LVU43
 308 0008 08BD     		pop	{r3, pc}
 309              		.cfi_endproc
 310              	.LFE254:
 311              		.fnend
 313              		.weak	_ZTS6ITimer
 314              		.section	.rodata._ZTS6ITimer,"aG",%progbits,_ZTS6ITimer,comdat
 315              		.align	2
 318              	_ZTS6ITimer:
 319 0000 36495469 		.ascii	"6ITimer\000"
 319      6D657200 
 320              		.weak	_ZTI6ITimer
 321              		.section	.rodata._ZTI6ITimer,"aG",%progbits,_ZTI6ITimer,comdat
 322              		.align	2
 325              	_ZTI6ITimer:
 326 0000 08000000 		.word	_ZTVN10__cxxabiv117__class_type_infoE+8
 327 0004 00000000 		.word	_ZTS6ITimer
 328              		.global	_ZTS12TimerSTM32F4
 329              		.section	.rodata._ZTS12TimerSTM32F4,"a"
 330              		.align	2
 333              	_ZTS12TimerSTM32F4:
 334 0000 31325469 		.ascii	"12TimerSTM32F4\000"
 334      6D657253 
 334      544D3332 
 334      463400
 335              		.global	_ZTI12TimerSTM32F4
 336              		.section	.rodata._ZTI12TimerSTM32F4,"a"
 337              		.align	2
 340              	_ZTI12TimerSTM32F4:
 341 0000 08000000 		.word	_ZTVN10__cxxabiv120__si_class_type_infoE+8
 342 0004 00000000 		.word	_ZTS12TimerSTM32F4
 343 0008 00000000 		.word	_ZTI6ITimer
 344              		.weak	_ZTV6ITimer
 345              		.section	.rodata._ZTV6ITimer,"aG",%progbits,_ZTV6ITimer,comdat
 346              		.align	2
 349              	_ZTV6ITimer:
 350 0000 00000000 		.word	0
 351 0004 00000000 		.word	_ZTI6ITimer
 352 0008 00000000 		.word	0
 353 000c 00000000 		.word	0
 354 0010 00000000 		.word	__cxa_pure_virtual
 355 0014 00000000 		.word	__cxa_pure_virtual
 356 0018 00000000 		.word	__cxa_pure_virtual
ARM GAS  C:\Users\hanaj\AppData\Local\Temp\cc63QwaH.s 			page 8


 357              		.global	_ZTV12TimerSTM32F4
 358              		.section	.rodata._ZTV12TimerSTM32F4,"a"
 359              		.align	2
 362              	_ZTV12TimerSTM32F4:
 363 0000 00000000 		.word	0
 364 0004 00000000 		.word	_ZTI12TimerSTM32F4
 365 0008 00000000 		.word	_ZN12TimerSTM32F4D1Ev
 366 000c 00000000 		.word	_ZN12TimerSTM32F4D0Ev
 367 0010 00000000 		.word	_ZN12TimerSTM32F45startEv
 368 0014 00000000 		.word	_ZN12TimerSTM32F44stopEv
 369 0018 00000000 		.word	_ZN12TimerSTM32F411setCallbackEPFvvE
 370              		.weak	__cxa_pure_virtual
 371              		.text
 372              	.Letext0:
 373              		.file 4 "C:/Tools/arm-gnu-toolchain/arm-none-eabi/include/c++/13.2.1/cstdint"
 374              		.file 5 "C:/Tools/arm-gnu-toolchain/arm-none-eabi/include/c++/13.2.1/arm-none-eabi/thumb/v7e-m+fp/
 375              		.file 6 "C:/Tools/arm-gnu-toolchain/arm-none-eabi/include/machine/_default_types.h"
 376              		.file 7 "C:/Tools/arm-gnu-toolchain/arm-none-eabi/include/sys/_stdint.h"
 377              		.file 8 "C:/Tools/arm-gnu-toolchain/arm-none-eabi/include/stdint.h"
 378              		.file 9 "Drivers/CMSIS/Device/ST/STM32F4xx/Include/stm32f405xx.h"
 379              		.file 10 "Drivers/CMSIS/Device/ST/STM32F4xx/Include/stm32f4xx.h"
 380              		.file 11 "Drivers/STM32F4xx_HAL_Driver/Inc/stm32f4xx_hal_def.h"
 381              		.file 12 "Drivers/STM32F4xx_HAL_Driver/Inc/stm32f4xx_hal_dma.h"
 382              		.file 13 "Drivers/STM32F4xx_HAL_Driver/Inc/stm32f4xx_hal_tim.h"
 383              		.file 14 "Drivers/STM32F4xx_HAL_Driver/Inc/stm32f4xx_hal.h"
ARM GAS  C:\Users\hanaj\AppData\Local\Temp\cc63QwaH.s 			page 9


DEFINED SYMBOLS
                            *ABS*:00000000 TimerSTM32F4.cpp
C:\Users\hanaj\AppData\Local\Temp\cc63QwaH.s:21     .text._ZN12TimerSTM32F411setCallbackEPFvvE:00000000 $t
C:\Users\hanaj\AppData\Local\Temp\cc63QwaH.s:27     .text._ZN12TimerSTM32F411setCallbackEPFvvE:00000000 _ZN12TimerSTM32F411setCallbackEPFvvE
.ARM.exidx.text._ZN12TimerSTM32F411setCallbackEPFvvE:00000000 $d
C:\Users\hanaj\AppData\Local\Temp\cc63QwaH.s:47     .text._ZN12TimerSTM32F4D2Ev:00000000 $t
C:\Users\hanaj\AppData\Local\Temp\cc63QwaH.s:53     .text._ZN12TimerSTM32F4D2Ev:00000000 _ZN12TimerSTM32F4D2Ev
C:\Users\hanaj\AppData\Local\Temp\cc63QwaH.s:85     .text._ZN12TimerSTM32F4D2Ev:0000000c $d
C:\Users\hanaj\AppData\Local\Temp\cc63QwaH.s:362    .rodata._ZTV12TimerSTM32F4:00000000 _ZTV12TimerSTM32F4
C:\Users\hanaj\AppData\Local\Temp\cc63QwaH.s:349    .rodata._ZTV6ITimer:00000000 _ZTV6ITimer
.ARM.exidx.text._ZN12TimerSTM32F4D2Ev:00000000 $d
C:\Users\hanaj\AppData\Local\Temp\cc63QwaH.s:53     .text._ZN12TimerSTM32F4D2Ev:00000000 _ZN12TimerSTM32F4D1Ev
C:\Users\hanaj\AppData\Local\Temp\cc63QwaH.s:95     .text._ZN12TimerSTM32F45startEv:00000000 $t
C:\Users\hanaj\AppData\Local\Temp\cc63QwaH.s:101    .text._ZN12TimerSTM32F45startEv:00000000 _ZN12TimerSTM32F45startEv
.ARM.extab.text._ZN12TimerSTM32F45startEv:00000000 $d
.ARM.exidx.text._ZN12TimerSTM32F45startEv:00000000 $d
C:\Users\hanaj\AppData\Local\Temp\cc63QwaH.s:130    .text._ZN12TimerSTM32F44stopEv:00000000 $t
C:\Users\hanaj\AppData\Local\Temp\cc63QwaH.s:136    .text._ZN12TimerSTM32F44stopEv:00000000 _ZN12TimerSTM32F44stopEv
.ARM.extab.text._ZN12TimerSTM32F44stopEv:00000000 $d
.ARM.exidx.text._ZN12TimerSTM32F44stopEv:00000000 $d
C:\Users\hanaj\AppData\Local\Temp\cc63QwaH.s:165    .text._ZN12TimerSTM32F4D0Ev:00000000 $t
C:\Users\hanaj\AppData\Local\Temp\cc63QwaH.s:171    .text._ZN12TimerSTM32F4D0Ev:00000000 _ZN12TimerSTM32F4D0Ev
C:\Users\hanaj\AppData\Local\Temp\cc63QwaH.s:218    .text._ZN12TimerSTM32F4D0Ev:00000018 $d
.ARM.exidx.text._ZN12TimerSTM32F4D0Ev:00000000 $d
C:\Users\hanaj\AppData\Local\Temp\cc63QwaH.s:226    .text._ZN12TimerSTM32F4C2EP17TIM_HandleTypeDef:00000000 $t
C:\Users\hanaj\AppData\Local\Temp\cc63QwaH.s:232    .text._ZN12TimerSTM32F4C2EP17TIM_HandleTypeDef:00000000 _ZN12TimerSTM32F4C2EP17TIM_HandleTypeDef
C:\Users\hanaj\AppData\Local\Temp\cc63QwaH.s:266    .text._ZN12TimerSTM32F4C2EP17TIM_HandleTypeDef:00000010 $d
.ARM.exidx.text._ZN12TimerSTM32F4C2EP17TIM_HandleTypeDef:00000000 $d
C:\Users\hanaj\AppData\Local\Temp\cc63QwaH.s:232    .text._ZN12TimerSTM32F4C2EP17TIM_HandleTypeDef:00000000 _ZN12TimerSTM32F4C1EP17TIM_HandleTypeDef
C:\Users\hanaj\AppData\Local\Temp\cc63QwaH.s:276    .text._ZN12TimerSTM32F411onInterruptEv:00000000 $t
C:\Users\hanaj\AppData\Local\Temp\cc63QwaH.s:282    .text._ZN12TimerSTM32F411onInterruptEv:00000000 _ZN12TimerSTM32F411onInterruptEv
.ARM.extab.text._ZN12TimerSTM32F411onInterruptEv:00000000 $d
.ARM.exidx.text._ZN12TimerSTM32F411onInterruptEv:00000000 $d
C:\Users\hanaj\AppData\Local\Temp\cc63QwaH.s:318    .rodata._ZTS6ITimer:00000000 _ZTS6ITimer
C:\Users\hanaj\AppData\Local\Temp\cc63QwaH.s:315    .rodata._ZTS6ITimer:00000000 $d
C:\Users\hanaj\AppData\Local\Temp\cc63QwaH.s:325    .rodata._ZTI6ITimer:00000000 _ZTI6ITimer
C:\Users\hanaj\AppData\Local\Temp\cc63QwaH.s:322    .rodata._ZTI6ITimer:00000000 $d
C:\Users\hanaj\AppData\Local\Temp\cc63QwaH.s:333    .rodata._ZTS12TimerSTM32F4:00000000 _ZTS12TimerSTM32F4
C:\Users\hanaj\AppData\Local\Temp\cc63QwaH.s:330    .rodata._ZTS12TimerSTM32F4:00000000 $d
C:\Users\hanaj\AppData\Local\Temp\cc63QwaH.s:340    .rodata._ZTI12TimerSTM32F4:00000000 _ZTI12TimerSTM32F4
C:\Users\hanaj\AppData\Local\Temp\cc63QwaH.s:337    .rodata._ZTI12TimerSTM32F4:00000000 $d
C:\Users\hanaj\AppData\Local\Temp\cc63QwaH.s:346    .rodata._ZTV6ITimer:00000000 $d
C:\Users\hanaj\AppData\Local\Temp\cc63QwaH.s:359    .rodata._ZTV12TimerSTM32F4:00000000 $d
                           .group:00000000 _ZN12TimerSTM32F4D5Ev

UNDEFINED SYMBOLS
HAL_TIM_Base_Start_IT
__aeabi_unwind_cpp_pr1
HAL_TIM_Base_Stop_IT
_ZdlPvj
_ZTVN10__cxxabiv117__class_type_infoE
_ZTVN10__cxxabiv120__si_class_type_infoE
__cxa_pure_virtual
